{"/Users/isaacrodriguez/fiservinventory-app/backend/src/index.js": {"path":"/Users/isaacrodriguez/fiservinventory-app/backend/src/index.js","statementMap":{"0":{"start":{"line":1,"column":16},"end":{"line":1,"column":34}},"1":{"start":{"line":2,"column":13},"end":{"line":2,"column":28}},"2":{"start":{"line":3,"column":17},"end":{"line":3,"column":30}},"3":{"start":{"line":4,"column":13},"end":{"line":4,"column":28}},"4":{"start":{"line":5,"column":19},"end":{"line":5,"column":44}},"5":{"start":{"line":6,"column":22},"end":{"line":6,"column":50}},"6":{"start":{"line":7,"column":26},"end":{"line":7,"column":58}},"7":{"start":{"line":8,"column":19},"end":{"line":8,"column":44}},"8":{"start":{"line":9,"column":24},"end":{"line":9,"column":53}},"9":{"start":{"line":10,"column":18},"end":{"line":10,"column":47}},"10":{"start":{"line":11,"column":21},"end":{"line":11,"column":41}},"11":{"start":{"line":12,"column":25},"end":{"line":12,"column":40}},"12":{"start":{"line":13,"column":19},"end":{"line":13,"column":39}},"13":{"start":{"line":14,"column":0},"end":{"line":14,"column":27}},"14":{"start":{"line":15,"column":17},"end":{"line":15,"column":39}},"15":{"start":{"line":16,"column":19},"end":{"line":16,"column":44}},"16":{"start":{"line":18,"column":12},"end":{"line":18,"column":21}},"17":{"start":{"line":19,"column":19},"end":{"line":19,"column":36}},"18":{"start":{"line":20,"column":13},"end":{"line":20,"column":37}},"19":{"start":{"line":23,"column":0},"end":{"line":23,"column":43}},"20":{"start":{"line":24,"column":23},"end":{"line":24,"column":62}},"21":{"start":{"line":25,"column":23},"end":{"line":25,"column":43}},"22":{"start":{"line":28,"column":0},"end":{"line":34,"column":5}},"23":{"start":{"line":30,"column":4},"end":{"line":30,"column":58}},"24":{"start":{"line":33,"column":4},"end":{"line":33,"column":53}},"25":{"start":{"line":37,"column":0},"end":{"line":40,"column":3}},"26":{"start":{"line":38,"column":2},"end":{"line":38,"column":67}},"27":{"start":{"line":39,"column":2},"end":{"line":39,"column":9}},"28":{"start":{"line":44,"column":23},"end":{"line":48,"column":1}},"29":{"start":{"line":50,"column":0},"end":{"line":63,"column":4}},"30":{"start":{"line":53,"column":6},"end":{"line":53,"column":47}},"31":{"start":{"line":53,"column":19},"end":{"line":53,"column":47}},"32":{"start":{"line":54,"column":6},"end":{"line":57,"column":7}},"33":{"start":{"line":55,"column":22},"end":{"line":55,"column":102}},"34":{"start":{"line":56,"column":10},"end":{"line":56,"column":49}},"35":{"start":{"line":58,"column":6},"end":{"line":58,"column":34}},"36":{"start":{"line":73,"column":0},"end":{"line":73,"column":24}},"37":{"start":{"line":76,"column":0},"end":{"line":94,"column":3}},"38":{"start":{"line":77,"column":2},"end":{"line":77,"column":44}},"39":{"start":{"line":78,"column":2},"end":{"line":78,"column":54}},"40":{"start":{"line":79,"column":2},"end":{"line":79,"column":37}},"41":{"start":{"line":80,"column":2},"end":{"line":80,"column":31}},"42":{"start":{"line":81,"column":2},"end":{"line":81,"column":48}},"43":{"start":{"line":82,"column":2},"end":{"line":82,"column":40}},"44":{"start":{"line":83,"column":2},"end":{"line":83,"column":33}},"45":{"start":{"line":84,"column":2},"end":{"line":84,"column":42}},"46":{"start":{"line":87,"column":2},"end":{"line":91,"column":3}},"47":{"start":{"line":88,"column":26},"end":{"line":88,"column":41}},"48":{"start":{"line":89,"column":4},"end":{"line":89,"column":70}},"49":{"start":{"line":89,"column":32},"end":{"line":89,"column":70}},"50":{"start":{"line":90,"column":4},"end":{"line":90,"column":40}},"51":{"start":{"line":93,"column":2},"end":{"line":93,"column":9}},"52":{"start":{"line":97,"column":0},"end":{"line":97,"column":36}},"53":{"start":{"line":100,"column":0},"end":{"line":100,"column":41}},"54":{"start":{"line":101,"column":25},"end":{"line":101,"column":49}},"55":{"start":{"line":102,"column":19},"end":{"line":102,"column":51}},"56":{"start":{"line":104,"column":0},"end":{"line":104,"column":36}},"57":{"start":{"line":105,"column":0},"end":{"line":105,"column":54}},"58":{"start":{"line":107,"column":0},"end":{"line":107,"column":34}},"59":{"start":{"line":108,"column":0},"end":{"line":108,"column":40}},"60":{"start":{"line":109,"column":0},"end":{"line":109,"column":48}},"61":{"start":{"line":110,"column":0},"end":{"line":110,"column":34}},"62":{"start":{"line":111,"column":0},"end":{"line":111,"column":46}},"63":{"start":{"line":114,"column":0},"end":{"line":116,"column":3}},"64":{"start":{"line":115,"column":2},"end":{"line":115,"column":71}},"65":{"start":{"line":119,"column":0},"end":{"line":119,"column":69}},"66":{"start":{"line":122,"column":0},"end":{"line":130,"column":3}},"67":{"start":{"line":123,"column":2},"end":{"line":123,"column":31}},"68":{"start":{"line":124,"column":2},"end":{"line":129,"column":5}},"69":{"start":{"line":133,"column":0},"end":{"line":135,"column":3}},"70":{"start":{"line":134,"column":2},"end":{"line":134,"column":60}},"71":{"start":{"line":138,"column":11},"end":{"line":144,"column":2}},"72":{"start":{"line":146,"column":0},"end":{"line":152,"column":3}},"73":{"start":{"line":147,"column":2},"end":{"line":147,"column":34}},"74":{"start":{"line":149,"column":2},"end":{"line":151,"column":5}},"75":{"start":{"line":150,"column":4},"end":{"line":150,"column":37}},"76":{"start":{"line":156,"column":0},"end":{"line":207,"column":2}},"77":{"start":{"line":162,"column":19},"end":{"line":162,"column":40}},"78":{"start":{"line":163,"column":4},"end":{"line":165,"column":5}},"79":{"start":{"line":164,"column":6},"end":{"line":164,"column":62}},"80":{"start":{"line":176,"column":8},"end":{"line":176,"column":16}},"81":{"start":{"line":178,"column":4},"end":{"line":205,"column":5}},"82":{"start":{"line":179,"column":21},"end":{"line":192,"column":7}},"83":{"start":{"line":193,"column":6},"end":{"line":193,"column":43}},"84":{"start":{"line":195,"column":6},"end":{"line":195,"column":39}},"85":{"start":{"line":196,"column":6},"end":{"line":196,"column":60}},"86":{"start":{"line":197,"column":6},"end":{"line":197,"column":37}},"87":{"start":{"line":198,"column":6},"end":{"line":198,"column":45}},"88":{"start":{"line":199,"column":6},"end":{"line":199,"column":51}},"89":{"start":{"line":200,"column":6},"end":{"line":200,"column":47}},"90":{"start":{"line":201,"column":6},"end":{"line":201,"column":39}},"91":{"start":{"line":203,"column":6},"end":{"line":203,"column":27}},"92":{"start":{"line":204,"column":6},"end":{"line":204,"column":50}},"93":{"start":{"line":210,"column":0},"end":{"line":268,"column":2}},"94":{"start":{"line":215,"column":19},"end":{"line":215,"column":40}},"95":{"start":{"line":216,"column":4},"end":{"line":218,"column":5}},"96":{"start":{"line":217,"column":6},"end":{"line":217,"column":62}},"97":{"start":{"line":220,"column":19},"end":{"line":220,"column":42}},"98":{"start":{"line":230,"column":8},"end":{"line":230,"column":16}},"99":{"start":{"line":232,"column":4},"end":{"line":266,"column":5}},"100":{"start":{"line":233,"column":21},"end":{"line":248,"column":7}},"101":{"start":{"line":250,"column":6},"end":{"line":252,"column":7}},"102":{"start":{"line":251,"column":8},"end":{"line":251,"column":54}},"103":{"start":{"line":254,"column":6},"end":{"line":254,"column":31}},"104":{"start":{"line":256,"column":6},"end":{"line":256,"column":39}},"105":{"start":{"line":257,"column":6},"end":{"line":257,"column":60}},"106":{"start":{"line":258,"column":6},"end":{"line":258,"column":37}},"107":{"start":{"line":259,"column":6},"end":{"line":259,"column":45}},"108":{"start":{"line":260,"column":6},"end":{"line":260,"column":51}},"109":{"start":{"line":261,"column":6},"end":{"line":261,"column":47}},"110":{"start":{"line":262,"column":6},"end":{"line":262,"column":39}},"111":{"start":{"line":264,"column":6},"end":{"line":264,"column":27}},"112":{"start":{"line":265,"column":6},"end":{"line":265,"column":50}},"113":{"start":{"line":271,"column":0},"end":{"line":297,"column":3}},"114":{"start":{"line":272,"column":17},"end":{"line":272,"column":40}},"115":{"start":{"line":274,"column":2},"end":{"line":296,"column":3}},"116":{"start":{"line":275,"column":19},"end":{"line":278,"column":5}},"117":{"start":{"line":280,"column":4},"end":{"line":282,"column":5}},"118":{"start":{"line":281,"column":6},"end":{"line":281,"column":52}},"119":{"start":{"line":284,"column":4},"end":{"line":284,"column":55}},"120":{"start":{"line":286,"column":4},"end":{"line":286,"column":37}},"121":{"start":{"line":287,"column":4},"end":{"line":287,"column":58}},"122":{"start":{"line":288,"column":4},"end":{"line":288,"column":35}},"123":{"start":{"line":289,"column":4},"end":{"line":289,"column":43}},"124":{"start":{"line":290,"column":4},"end":{"line":290,"column":49}},"125":{"start":{"line":291,"column":4},"end":{"line":291,"column":45}},"126":{"start":{"line":292,"column":4},"end":{"line":292,"column":37}},"127":{"start":{"line":294,"column":4},"end":{"line":294,"column":25}},"128":{"start":{"line":295,"column":4},"end":{"line":295,"column":48}},"129":{"start":{"line":300,"column":0},"end":{"line":302,"column":3}},"130":{"start":{"line":301,"column":2},"end":{"line":301,"column":45}},"131":{"start":{"line":305,"column":15},"end":{"line":311,"column":2}},"132":{"start":{"line":306,"column":2},"end":{"line":306,"column":42}},"133":{"start":{"line":307,"column":2},"end":{"line":307,"column":51}},"134":{"start":{"line":308,"column":2},"end":{"line":308,"column":53}},"135":{"start":{"line":309,"column":2},"end":{"line":309,"column":71}},"136":{"start":{"line":310,"column":2},"end":{"line":310,"column":39}},"137":{"start":{"line":314,"column":17},"end":{"line":341,"column":1}},"138":{"start":{"line":315,"column":2},"end":{"line":315,"column":73}},"139":{"start":{"line":318,"column":2},"end":{"line":334,"column":5}},"140":{"start":{"line":319,"column":4},"end":{"line":319,"column":49}},"141":{"start":{"line":321,"column":4},"end":{"line":333,"column":5}},"142":{"start":{"line":323,"column":6},"end":{"line":323,"column":23}},"143":{"start":{"line":324,"column":6},"end":{"line":324,"column":50}},"144":{"start":{"line":328,"column":6},"end":{"line":328,"column":50}},"145":{"start":{"line":329,"column":6},"end":{"line":329,"column":22}},"146":{"start":{"line":331,"column":6},"end":{"line":331,"column":51}},"147":{"start":{"line":332,"column":6},"end":{"line":332,"column":22}},"148":{"start":{"line":337,"column":2},"end":{"line":340,"column":12}},"149":{"start":{"line":338,"column":4},"end":{"line":338,"column":82}},"150":{"start":{"line":339,"column":4},"end":{"line":339,"column":20}},"151":{"start":{"line":344,"column":0},"end":{"line":344,"column":32}},"152":{"start":{"line":345,"column":0},"end":{"line":345,"column":31}},"153":{"start":{"line":348,"column":0},"end":{"line":351,"column":3}},"154":{"start":{"line":349,"column":2},"end":{"line":349,"column":45}},"155":{"start":{"line":350,"column":2},"end":{"line":350,"column":13}},"156":{"start":{"line":353,"column":0},"end":{"line":356,"column":3}},"157":{"start":{"line":354,"column":2},"end":{"line":354,"column":70}},"158":{"start":{"line":355,"column":2},"end":{"line":355,"column":13}},"159":{"start":{"line":358,"column":0},"end":{"line":358,"column":21}}},"fnMap":{"0":{"name":"(anonymous_0)","decl":{"start":{"line":29,"column":8},"end":{"line":29,"column":9}},"loc":{"start":{"line":29,"column":14},"end":{"line":31,"column":3}},"line":29},"1":{"name":"(anonymous_1)","decl":{"start":{"line":32,"column":9},"end":{"line":32,"column":10}},"loc":{"start":{"line":32,"column":16},"end":{"line":34,"column":3}},"line":32},"2":{"name":"(anonymous_2)","decl":{"start":{"line":37,"column":8},"end":{"line":37,"column":9}},"loc":{"start":{"line":37,"column":28},"end":{"line":40,"column":1}},"line":37},"3":{"name":"(anonymous_3)","decl":{"start":{"line":51,"column":10},"end":{"line":51,"column":11}},"loc":{"start":{"line":51,"column":38},"end":{"line":59,"column":3}},"line":51},"4":{"name":"(anonymous_4)","decl":{"start":{"line":76,"column":8},"end":{"line":76,"column":9}},"loc":{"start":{"line":76,"column":28},"end":{"line":94,"column":1}},"line":76},"5":{"name":"(anonymous_5)","decl":{"start":{"line":114,"column":23},"end":{"line":114,"column":24}},"loc":{"start":{"line":114,"column":37},"end":{"line":116,"column":1}},"line":114},"6":{"name":"(anonymous_6)","decl":{"start":{"line":122,"column":8},"end":{"line":122,"column":9}},"loc":{"start":{"line":122,"column":33},"end":{"line":130,"column":1}},"line":122},"7":{"name":"(anonymous_7)","decl":{"start":{"line":133,"column":8},"end":{"line":133,"column":9}},"loc":{"start":{"line":133,"column":22},"end":{"line":135,"column":1}},"line":133},"8":{"name":"(anonymous_8)","decl":{"start":{"line":146,"column":20},"end":{"line":146,"column":21}},"loc":{"start":{"line":146,"column":32},"end":{"line":152,"column":1}},"line":146},"9":{"name":"(anonymous_9)","decl":{"start":{"line":149,"column":26},"end":{"line":149,"column":27}},"loc":{"start":{"line":149,"column":32},"end":{"line":151,"column":3}},"line":149},"10":{"name":"(anonymous_10)","decl":{"start":{"line":161,"column":2},"end":{"line":161,"column":3}},"loc":{"start":{"line":161,"column":22},"end":{"line":206,"column":3}},"line":161},"11":{"name":"(anonymous_11)","decl":{"start":{"line":214,"column":2},"end":{"line":214,"column":3}},"loc":{"start":{"line":214,"column":22},"end":{"line":267,"column":3}},"line":214},"12":{"name":"(anonymous_12)","decl":{"start":{"line":271,"column":32},"end":{"line":271,"column":33}},"loc":{"start":{"line":271,"column":52},"end":{"line":297,"column":1}},"line":271},"13":{"name":"(anonymous_13)","decl":{"start":{"line":300,"column":17},"end":{"line":300,"column":18}},"loc":{"start":{"line":300,"column":31},"end":{"line":302,"column":1}},"line":300},"14":{"name":"(anonymous_14)","decl":{"start":{"line":305,"column":50},"end":{"line":305,"column":51}},"loc":{"start":{"line":305,"column":56},"end":{"line":311,"column":1}},"line":305},"15":{"name":"(anonymous_15)","decl":{"start":{"line":314,"column":17},"end":{"line":314,"column":18}},"loc":{"start":{"line":314,"column":29},"end":{"line":341,"column":1}},"line":314},"16":{"name":"(anonymous_16)","decl":{"start":{"line":318,"column":15},"end":{"line":318,"column":16}},"loc":{"start":{"line":318,"column":27},"end":{"line":334,"column":3}},"line":318},"17":{"name":"(anonymous_17)","decl":{"start":{"line":337,"column":13},"end":{"line":337,"column":14}},"loc":{"start":{"line":337,"column":19},"end":{"line":340,"column":3}},"line":337},"18":{"name":"(anonymous_18)","decl":{"start":{"line":348,"column":32},"end":{"line":348,"column":33}},"loc":{"start":{"line":348,"column":43},"end":{"line":351,"column":1}},"line":348},"19":{"name":"(anonymous_19)","decl":{"start":{"line":353,"column":33},"end":{"line":353,"column":34}},"loc":{"start":{"line":353,"column":54},"end":{"line":356,"column":1}},"line":353}},"branchMap":{"0":{"loc":{"start":{"line":20,"column":13},"end":{"line":20,"column":37}},"type":"binary-expr","locations":[{"start":{"line":20,"column":13},"end":{"line":20,"column":29}},{"start":{"line":20,"column":33},"end":{"line":20,"column":37}}],"line":20},"1":{"loc":{"start":{"line":53,"column":6},"end":{"line":53,"column":47}},"type":"if","locations":[{"start":{"line":53,"column":6},"end":{"line":53,"column":47}},{"start":{},"end":{}}],"line":53},"2":{"loc":{"start":{"line":54,"column":6},"end":{"line":57,"column":7}},"type":"if","locations":[{"start":{"line":54,"column":6},"end":{"line":57,"column":7}},{"start":{},"end":{}}],"line":54},"3":{"loc":{"start":{"line":87,"column":2},"end":{"line":91,"column":3}},"type":"if","locations":[{"start":{"line":87,"column":2},"end":{"line":91,"column":3}},{"start":{},"end":{}}],"line":87},"4":{"loc":{"start":{"line":87,"column":6},"end":{"line":87,"column":50}},"type":"binary-expr","locations":[{"start":{"line":87,"column":6},"end":{"line":87,"column":14}},{"start":{"line":87,"column":18},"end":{"line":87,"column":50}}],"line":87},"5":{"loc":{"start":{"line":89,"column":4},"end":{"line":89,"column":70}},"type":"if","locations":[{"start":{"line":89,"column":4},"end":{"line":89,"column":70}},{"start":{},"end":{}}],"line":89},"6":{"loc":{"start":{"line":124,"column":13},"end":{"line":124,"column":30}},"type":"binary-expr","locations":[{"start":{"line":124,"column":13},"end":{"line":124,"column":23}},{"start":{"line":124,"column":27},"end":{"line":124,"column":30}}],"line":124},"7":{"loc":{"start":{"line":126,"column":15},"end":{"line":126,"column":53}},"type":"binary-expr","locations":[{"start":{"line":126,"column":15},"end":{"line":126,"column":26}},{"start":{"line":126,"column":30},"end":{"line":126,"column":53}}],"line":126},"8":{"loc":{"start":{"line":127,"column":10},"end":{"line":127,"column":76}},"type":"cond-expr","locations":[{"start":{"line":127,"column":51},"end":{"line":127,"column":71}},{"start":{"line":127,"column":74},"end":{"line":127,"column":76}}],"line":127},"9":{"loc":{"start":{"line":163,"column":4},"end":{"line":165,"column":5}},"type":"if","locations":[{"start":{"line":163,"column":4},"end":{"line":165,"column":5}},{"start":{},"end":{}}],"line":163},"10":{"loc":{"start":{"line":216,"column":4},"end":{"line":218,"column":5}},"type":"if","locations":[{"start":{"line":216,"column":4},"end":{"line":218,"column":5}},{"start":{},"end":{}}],"line":216},"11":{"loc":{"start":{"line":250,"column":6},"end":{"line":252,"column":7}},"type":"if","locations":[{"start":{"line":250,"column":6},"end":{"line":252,"column":7}},{"start":{},"end":{}}],"line":250},"12":{"loc":{"start":{"line":280,"column":4},"end":{"line":282,"column":5}},"type":"if","locations":[{"start":{"line":280,"column":4},"end":{"line":282,"column":5}},{"start":{},"end":{}}],"line":280},"13":{"loc":{"start":{"line":309,"column":30},"end":{"line":309,"column":67}},"type":"binary-expr","locations":[{"start":{"line":309,"column":30},"end":{"line":309,"column":50}},{"start":{"line":309,"column":54},"end":{"line":309,"column":67}}],"line":309}},"s":{"0":0,"1":0,"2":0,"3":0,"4":0,"5":0,"6":0,"7":0,"8":0,"9":0,"10":0,"11":0,"12":0,"13":0,"14":0,"15":0,"16":0,"17":0,"18":0,"19":0,"20":0,"21":0,"22":0,"23":0,"24":0,"25":0,"26":0,"27":0,"28":0,"29":0,"30":0,"31":0,"32":0,"33":0,"34":0,"35":0,"36":0,"37":0,"38":0,"39":0,"40":0,"41":0,"42":0,"43":0,"44":0,"45":0,"46":0,"47":0,"48":0,"49":0,"50":0,"51":0,"52":0,"53":0,"54":0,"55":0,"56":0,"57":0,"58":0,"59":0,"60":0,"61":0,"62":0,"63":0,"64":0,"65":0,"66":0,"67":0,"68":0,"69":0,"70":0,"71":0,"72":0,"73":0,"74":0,"75":0,"76":0,"77":0,"78":0,"79":0,"80":0,"81":0,"82":0,"83":0,"84":0,"85":0,"86":0,"87":0,"88":0,"89":0,"90":0,"91":0,"92":0,"93":0,"94":0,"95":0,"96":0,"97":0,"98":0,"99":0,"100":0,"101":0,"102":0,"103":0,"104":0,"105":0,"106":0,"107":0,"108":0,"109":0,"110":0,"111":0,"112":0,"113":0,"114":0,"115":0,"116":0,"117":0,"118":0,"119":0,"120":0,"121":0,"122":0,"123":0,"124":0,"125":0,"126":0,"127":0,"128":0,"129":0,"130":0,"131":0,"132":0,"133":0,"134":0,"135":0,"136":0,"137":0,"138":0,"139":0,"140":0,"141":0,"142":0,"143":0,"144":0,"145":0,"146":0,"147":0,"148":0,"149":0,"150":0,"151":0,"152":0,"153":0,"154":0,"155":0,"156":0,"157":0,"158":0,"159":0},"f":{"0":0,"1":0,"2":0,"3":0,"4":0,"5":0,"6":0,"7":0,"8":0,"9":0,"10":0,"11":0,"12":0,"13":0,"14":0,"15":0,"16":0,"17":0,"18":0,"19":0},"b":{"0":[0,0],"1":[0,0],"2":[0,0],"3":[0,0],"4":[0,0],"5":[0,0],"6":[0,0],"7":[0,0],"8":[0,0],"9":[0,0],"10":[0,0],"11":[0,0],"12":[0,0],"13":[0,0]}}
,"/Users/isaacrodriguez/fiservinventory-app/backend/src/swagger.js": {"path":"/Users/isaacrodriguez/fiservinventory-app/backend/src/swagger.js","statementMap":{"0":{"start":{"line":1,"column":21},"end":{"line":1,"column":45}},"1":{"start":{"line":3,"column":16},"end":{"line":12,"column":1}},"2":{"start":{"line":14,"column":14},"end":{"line":14,"column":35}},"3":{"start":{"line":16,"column":0},"end":{"line":16,"column":23}}},"fnMap":{},"branchMap":{},"s":{"0":0,"1":0,"2":0,"3":0},"f":{},"b":{}}
,"/Users/isaacrodriguez/fiservinventory-app/backend/src/__tests__/setup.js": {"path":"/Users/isaacrodriguez/fiservinventory-app/backend/src/__tests__/setup.js","statementMap":{"0":{"start":{"line":1,"column":0},"end":{"line":1,"column":30}},"1":{"start":{"line":2,"column":0},"end":{"line":2,"column":43}},"2":{"start":{"line":3,"column":0},"end":{"line":3,"column":34}},"3":{"start":{"line":4,"column":0},"end":{"line":4,"column":29}},"4":{"start":{"line":5,"column":0},"end":{"line":5,"column":29}},"5":{"start":{"line":6,"column":0},"end":{"line":6,"column":33}},"6":{"start":{"line":7,"column":0},"end":{"line":7,"column":45}},"7":{"start":{"line":10,"column":0},"end":{"line":12,"column":3}},"8":{"start":{"line":15,"column":0},"end":{"line":17,"column":3}}},"fnMap":{"0":{"name":"(anonymous_0)","decl":{"start":{"line":10,"column":10},"end":{"line":10,"column":11}},"loc":{"start":{"line":10,"column":22},"end":{"line":12,"column":1}},"line":10},"1":{"name":"(anonymous_1)","decl":{"start":{"line":15,"column":9},"end":{"line":15,"column":10}},"loc":{"start":{"line":15,"column":21},"end":{"line":17,"column":1}},"line":15}},"branchMap":{},"s":{"0":0,"1":0,"2":0,"3":0,"4":0,"5":0,"6":0,"7":0,"8":0},"f":{"0":0,"1":0},"b":{}}
,"/Users/isaacrodriguez/fiservinventory-app/backend/src/config/database.js": {"path":"/Users/isaacrodriguez/fiservinventory-app/backend/src/config/database.js","statementMap":{"0":{"start":{"line":1,"column":0},"end":{"line":1,"column":27}},"1":{"start":{"line":3,"column":0},"end":{"line":17,"column":2}}},"fnMap":{},"branchMap":{"0":{"loc":{"start":{"line":5,"column":10},"end":{"line":5,"column":43}},"type":"binary-expr","locations":[{"start":{"line":5,"column":10},"end":{"line":5,"column":29}},{"start":{"line":5,"column":33},"end":{"line":5,"column":43}}],"line":5},"1":{"loc":{"start":{"line":6,"column":10},"end":{"line":6,"column":44}},"type":"binary-expr","locations":[{"start":{"line":6,"column":10},"end":{"line":6,"column":29}},{"start":{"line":6,"column":33},"end":{"line":6,"column":44}}],"line":6},"2":{"loc":{"start":{"line":7,"column":14},"end":{"line":7,"column":54}},"type":"binary-expr","locations":[{"start":{"line":7,"column":14},"end":{"line":7,"column":33}},{"start":{"line":7,"column":37},"end":{"line":7,"column":54}}],"line":7},"3":{"loc":{"start":{"line":8,"column":14},"end":{"line":8,"column":51}},"type":"binary-expr","locations":[{"start":{"line":8,"column":14},"end":{"line":8,"column":37}},{"start":{"line":8,"column":41},"end":{"line":8,"column":51}}],"line":8},"4":{"loc":{"start":{"line":9,"column":19},"end":{"line":9,"column":48}},"type":"binary-expr","locations":[{"start":{"line":9,"column":19},"end":{"line":9,"column":38}},{"start":{"line":9,"column":42},"end":{"line":9,"column":48}}],"line":9}},"s":{"0":0,"1":0},"f":{},"b":{"0":[0,0],"1":[0,0],"2":[0,0],"3":[0,0],"4":[0,0]}}
,"/Users/isaacrodriguez/fiservinventory-app/backend/src/config/db.js": {"path":"/Users/isaacrodriguez/fiservinventory-app/backend/src/config/db.js","statementMap":{},"fnMap":{},"branchMap":{},"s":{},"f":{},"b":{}}
,"/Users/isaacrodriguez/fiservinventory-app/backend/src/controllers/AuthController.js": {"path":"/Users/isaacrodriguez/fiservinventory-app/backend/src/controllers/AuthController.js","statementMap":{"0":{"start":{"line":1,"column":15},"end":{"line":1,"column":32}},"1":{"start":{"line":2,"column":12},"end":{"line":2,"column":35}},"2":{"start":{"line":3,"column":17},"end":{"line":3,"column":40}},"3":{"start":{"line":7,"column":42},"end":{"line":7,"column":50}},"4":{"start":{"line":9,"column":4},"end":{"line":44,"column":5}},"5":{"start":{"line":11,"column":25},"end":{"line":14,"column":7}},"6":{"start":{"line":16,"column":6},"end":{"line":18,"column":7}},"7":{"start":{"line":17,"column":8},"end":{"line":17,"column":83}},"8":{"start":{"line":21,"column":19},"end":{"line":21,"column":43}},"9":{"start":{"line":22,"column":29},"end":{"line":22,"column":62}},"10":{"start":{"line":25,"column":21},"end":{"line":28,"column":7}},"11":{"start":{"line":31,"column":20},"end":{"line":35,"column":7}},"12":{"start":{"line":37,"column":6},"end":{"line":40,"column":9}},"13":{"start":{"line":42,"column":6},"end":{"line":42,"column":49}},"14":{"start":{"line":43,"column":6},"end":{"line":43,"column":61}},"15":{"start":{"line":48,"column":35},"end":{"line":48,"column":43}},"16":{"start":{"line":50,"column":4},"end":{"line":88,"column":5}},"17":{"start":{"line":52,"column":21},"end":{"line":55,"column":7}},"18":{"start":{"line":57,"column":6},"end":{"line":59,"column":7}},"19":{"start":{"line":58,"column":8},"end":{"line":58,"column":70}},"20":{"start":{"line":61,"column":19},"end":{"line":61,"column":33}},"21":{"start":{"line":64,"column":28},"end":{"line":64,"column":73}},"22":{"start":{"line":65,"column":6},"end":{"line":67,"column":7}},"23":{"start":{"line":66,"column":8},"end":{"line":66,"column":70}},"24":{"start":{"line":70,"column":20},"end":{"line":74,"column":7}},"25":{"start":{"line":76,"column":6},"end":{"line":84,"column":9}},"26":{"start":{"line":86,"column":6},"end":{"line":86,"column":46}},"27":{"start":{"line":87,"column":6},"end":{"line":87,"column":54}},"28":{"start":{"line":92,"column":18},"end":{"line":92,"column":58}},"29":{"start":{"line":94,"column":4},"end":{"line":96,"column":5}},"30":{"start":{"line":95,"column":6},"end":{"line":95,"column":66}},"31":{"start":{"line":98,"column":4},"end":{"line":113,"column":5}},"32":{"start":{"line":99,"column":22},"end":{"line":99,"column":63}},"33":{"start":{"line":100,"column":21},"end":{"line":103,"column":7}},"34":{"start":{"line":105,"column":6},"end":{"line":107,"column":7}},"35":{"start":{"line":106,"column":8},"end":{"line":106,"column":64}},"36":{"start":{"line":109,"column":6},"end":{"line":109,"column":31}},"37":{"start":{"line":111,"column":6},"end":{"line":111,"column":53}},"38":{"start":{"line":112,"column":6},"end":{"line":112,"column":55}},"39":{"start":{"line":117,"column":0},"end":{"line":117,"column":32}}},"fnMap":{"0":{"name":"(anonymous_0)","decl":{"start":{"line":6,"column":2},"end":{"line":6,"column":3}},"loc":{"start":{"line":6,"column":27},"end":{"line":45,"column":3}},"line":6},"1":{"name":"(anonymous_1)","decl":{"start":{"line":47,"column":2},"end":{"line":47,"column":3}},"loc":{"start":{"line":47,"column":24},"end":{"line":89,"column":3}},"line":47},"2":{"name":"(anonymous_2)","decl":{"start":{"line":91,"column":2},"end":{"line":91,"column":3}},"loc":{"start":{"line":91,"column":30},"end":{"line":114,"column":3}},"line":91}},"branchMap":{"0":{"loc":{"start":{"line":16,"column":6},"end":{"line":18,"column":7}},"type":"if","locations":[{"start":{"line":16,"column":6},"end":{"line":18,"column":7}},{"start":{},"end":{}}],"line":16},"1":{"loc":{"start":{"line":57,"column":6},"end":{"line":59,"column":7}},"type":"if","locations":[{"start":{"line":57,"column":6},"end":{"line":59,"column":7}},{"start":{},"end":{}}],"line":57},"2":{"loc":{"start":{"line":65,"column":6},"end":{"line":67,"column":7}},"type":"if","locations":[{"start":{"line":65,"column":6},"end":{"line":67,"column":7}},{"start":{},"end":{}}],"line":65},"3":{"loc":{"start":{"line":94,"column":4},"end":{"line":96,"column":5}},"type":"if","locations":[{"start":{"line":94,"column":4},"end":{"line":96,"column":5}},{"start":{},"end":{}}],"line":94},"4":{"loc":{"start":{"line":105,"column":6},"end":{"line":107,"column":7}},"type":"if","locations":[{"start":{"line":105,"column":6},"end":{"line":107,"column":7}},{"start":{},"end":{}}],"line":105}},"s":{"0":0,"1":0,"2":0,"3":0,"4":0,"5":0,"6":0,"7":0,"8":0,"9":0,"10":0,"11":0,"12":0,"13":0,"14":0,"15":0,"16":0,"17":0,"18":0,"19":0,"20":0,"21":0,"22":0,"23":0,"24":0,"25":0,"26":0,"27":0,"28":0,"29":0,"30":0,"31":0,"32":0,"33":0,"34":0,"35":0,"36":0,"37":0,"38":0,"39":0},"f":{"0":0,"1":0,"2":0},"b":{"0":[0,0],"1":[0,0],"2":[0,0],"3":[0,0],"4":[0,0]}}
,"/Users/isaacrodriguez/fiservinventory-app/backend/src/controllers/MachineController.js": {"path":"/Users/isaacrodriguez/fiservinventory-app/backend/src/controllers/MachineController.js","statementMap":{"0":{"start":{"line":1,"column":11},"end":{"line":1,"column":30}},"1":{"start":{"line":6,"column":4},"end":{"line":6,"column":57}},"2":{"start":{"line":7,"column":4},"end":{"line":7,"column":49}},"3":{"start":{"line":8,"column":4},"end":{"line":8,"column":55}},"4":{"start":{"line":9,"column":4},"end":{"line":9,"column":55}},"5":{"start":{"line":10,"column":4},"end":{"line":10,"column":55}},"6":{"start":{"line":14,"column":4},"end":{"line":14,"column":62}},"7":{"start":{"line":15,"column":22},"end":{"line":15,"column":45}},"8":{"start":{"line":17,"column":4},"end":{"line":20,"column":5}},"9":{"start":{"line":18,"column":6},"end":{"line":18,"column":56}},"10":{"start":{"line":19,"column":6},"end":{"line":19,"column":67}},"11":{"start":{"line":22,"column":4},"end":{"line":43,"column":5}},"12":{"start":{"line":23,"column":6},"end":{"line":23,"column":64}},"13":{"start":{"line":24,"column":21},"end":{"line":27,"column":7}},"14":{"start":{"line":29,"column":6},"end":{"line":29,"column":48}},"15":{"start":{"line":31,"column":6},"end":{"line":34,"column":7}},"16":{"start":{"line":32,"column":8},"end":{"line":32,"column":53}},"17":{"start":{"line":33,"column":8},"end":{"line":33,"column":68}},"18":{"start":{"line":36,"column":6},"end":{"line":36,"column":31}},"19":{"start":{"line":38,"column":6},"end":{"line":38,"column":51}},"20":{"start":{"line":39,"column":6},"end":{"line":42,"column":9}},"21":{"start":{"line":47,"column":22},"end":{"line":47,"column":45}},"22":{"start":{"line":59,"column":8},"end":{"line":59,"column":16}},"23":{"start":{"line":61,"column":4},"end":{"line":63,"column":5}},"24":{"start":{"line":62,"column":6},"end":{"line":62,"column":67}},"25":{"start":{"line":65,"column":4},"end":{"line":115,"column":5}},"26":{"start":{"line":67,"column":26},"end":{"line":70,"column":7}},"27":{"start":{"line":72,"column":6},"end":{"line":74,"column":7}},"28":{"start":{"line":73,"column":8},"end":{"line":73,"column":68}},"29":{"start":{"line":77,"column":21},"end":{"line":105,"column":7}},"30":{"start":{"line":107,"column":6},"end":{"line":107,"column":52}},"31":{"start":{"line":108,"column":6},"end":{"line":108,"column":31}},"32":{"start":{"line":110,"column":6},"end":{"line":110,"column":54}},"33":{"start":{"line":111,"column":6},"end":{"line":114,"column":9}},"34":{"start":{"line":119,"column":4},"end":{"line":128,"column":5}},"35":{"start":{"line":120,"column":21},"end":{"line":120,"column":81}},"36":{"start":{"line":121,"column":6},"end":{"line":121,"column":28}},"37":{"start":{"line":123,"column":6},"end":{"line":123,"column":55}},"38":{"start":{"line":124,"column":6},"end":{"line":127,"column":9}},"39":{"start":{"line":132,"column":4},"end":{"line":132,"column":57}},"40":{"start":{"line":145,"column":8},"end":{"line":145,"column":16}},"41":{"start":{"line":147,"column":4},"end":{"line":150,"column":5}},"42":{"start":{"line":148,"column":6},"end":{"line":148,"column":45}},"43":{"start":{"line":149,"column":6},"end":{"line":149,"column":73}},"44":{"start":{"line":152,"column":4},"end":{"line":210,"column":5}},"45":{"start":{"line":153,"column":6},"end":{"line":164,"column":9}},"46":{"start":{"line":166,"column":21},"end":{"line":193,"column":7}},"47":{"start":{"line":195,"column":6},"end":{"line":195,"column":67}},"48":{"start":{"line":196,"column":6},"end":{"line":196,"column":43}},"49":{"start":{"line":198,"column":6},"end":{"line":204,"column":9}},"50":{"start":{"line":205,"column":6},"end":{"line":209,"column":9}},"51":{"start":{"line":214,"column":19},"end":{"line":214,"column":29}},"52":{"start":{"line":215,"column":4},"end":{"line":215,"column":53}},"53":{"start":{"line":217,"column":4},"end":{"line":264,"column":5}},"54":{"start":{"line":219,"column":25},"end":{"line":222,"column":7}},"55":{"start":{"line":224,"column":6},"end":{"line":230,"column":7}},"56":{"start":{"line":225,"column":8},"end":{"line":225,"column":77}},"57":{"start":{"line":226,"column":8},"end":{"line":229,"column":11}},"58":{"start":{"line":233,"column":21},"end":{"line":236,"column":7}},"59":{"start":{"line":238,"column":6},"end":{"line":244,"column":7}},"60":{"start":{"line":239,"column":8},"end":{"line":239,"column":46}},"61":{"start":{"line":240,"column":8},"end":{"line":243,"column":11}},"62":{"start":{"line":246,"column":6},"end":{"line":246,"column":67}},"63":{"start":{"line":247,"column":6},"end":{"line":250,"column":9}},"64":{"start":{"line":252,"column":6},"end":{"line":258,"column":9}},"65":{"start":{"line":259,"column":6},"end":{"line":263,"column":9}},"66":{"start":{"line":268,"column":0},"end":{"line":268,"column":35}}},"fnMap":{"0":{"name":"(anonymous_0)","decl":{"start":{"line":4,"column":2},"end":{"line":4,"column":3}},"loc":{"start":{"line":4,"column":16},"end":{"line":11,"column":3}},"line":4},"1":{"name":"(anonymous_1)","decl":{"start":{"line":13,"column":2},"end":{"line":13,"column":3}},"loc":{"start":{"line":13,"column":29},"end":{"line":44,"column":3}},"line":13},"2":{"name":"(anonymous_2)","decl":{"start":{"line":46,"column":2},"end":{"line":46,"column":3}},"loc":{"start":{"line":46,"column":32},"end":{"line":116,"column":3}},"line":46},"3":{"name":"(anonymous_3)","decl":{"start":{"line":118,"column":2},"end":{"line":118,"column":3}},"loc":{"start":{"line":118,"column":33},"end":{"line":129,"column":3}},"line":118},"4":{"name":"(anonymous_4)","decl":{"start":{"line":131,"column":2},"end":{"line":131,"column":3}},"loc":{"start":{"line":131,"column":32},"end":{"line":211,"column":3}},"line":131},"5":{"name":"(anonymous_5)","decl":{"start":{"line":213,"column":2},"end":{"line":213,"column":3}},"loc":{"start":{"line":213,"column":32},"end":{"line":265,"column":3}},"line":213}},"branchMap":{"0":{"loc":{"start":{"line":17,"column":4},"end":{"line":20,"column":5}},"type":"if","locations":[{"start":{"line":17,"column":4},"end":{"line":20,"column":5}},{"start":{},"end":{}}],"line":17},"1":{"loc":{"start":{"line":31,"column":6},"end":{"line":34,"column":7}},"type":"if","locations":[{"start":{"line":31,"column":6},"end":{"line":34,"column":7}},{"start":{},"end":{}}],"line":31},"2":{"loc":{"start":{"line":61,"column":4},"end":{"line":63,"column":5}},"type":"if","locations":[{"start":{"line":61,"column":4},"end":{"line":63,"column":5}},{"start":{},"end":{}}],"line":61},"3":{"loc":{"start":{"line":72,"column":6},"end":{"line":74,"column":7}},"type":"if","locations":[{"start":{"line":72,"column":6},"end":{"line":74,"column":7}},{"start":{},"end":{}}],"line":72},"4":{"loc":{"start":{"line":147,"column":4},"end":{"line":150,"column":5}},"type":"if","locations":[{"start":{"line":147,"column":4},"end":{"line":150,"column":5}},{"start":{},"end":{}}],"line":147},"5":{"loc":{"start":{"line":188,"column":10},"end":{"line":188,"column":64}},"type":"cond-expr","locations":[{"start":{"line":188,"column":30},"end":{"line":188,"column":57}},{"start":{"line":188,"column":60},"end":{"line":188,"column":64}}],"line":188},"6":{"loc":{"start":{"line":189,"column":10},"end":{"line":189,"column":72}},"type":"cond-expr","locations":[{"start":{"line":189,"column":34},"end":{"line":189,"column":65}},{"start":{"line":189,"column":68},"end":{"line":189,"column":72}}],"line":189},"7":{"loc":{"start":{"line":190,"column":10},"end":{"line":190,"column":72}},"type":"cond-expr","locations":[{"start":{"line":190,"column":34},"end":{"line":190,"column":65}},{"start":{"line":190,"column":68},"end":{"line":190,"column":72}}],"line":190},"8":{"loc":{"start":{"line":224,"column":6},"end":{"line":230,"column":7}},"type":"if","locations":[{"start":{"line":224,"column":6},"end":{"line":230,"column":7}},{"start":{},"end":{}}],"line":224},"9":{"loc":{"start":{"line":238,"column":6},"end":{"line":244,"column":7}},"type":"if","locations":[{"start":{"line":238,"column":6},"end":{"line":244,"column":7}},{"start":{},"end":{}}],"line":238}},"s":{"0":0,"1":0,"2":0,"3":0,"4":0,"5":0,"6":0,"7":0,"8":0,"9":0,"10":0,"11":0,"12":0,"13":0,"14":0,"15":0,"16":0,"17":0,"18":0,"19":0,"20":0,"21":0,"22":0,"23":0,"24":0,"25":0,"26":0,"27":0,"28":0,"29":0,"30":0,"31":0,"32":0,"33":0,"34":0,"35":0,"36":0,"37":0,"38":0,"39":0,"40":0,"41":0,"42":0,"43":0,"44":0,"45":0,"46":0,"47":0,"48":0,"49":0,"50":0,"51":0,"52":0,"53":0,"54":0,"55":0,"56":0,"57":0,"58":0,"59":0,"60":0,"61":0,"62":0,"63":0,"64":0,"65":0,"66":0},"f":{"0":0,"1":0,"2":0,"3":0,"4":0,"5":0},"b":{"0":[0,0],"1":[0,0],"2":[0,0],"3":[0,0],"4":[0,0],"5":[0,0],"6":[0,0],"7":[0,0],"8":[0,0],"9":[0,0]}}
,"/Users/isaacrodriguez/fiservinventory-app/backend/src/controllers/PartController.js": {"path":"/Users/isaacrodriguez/fiservinventory-app/backend/src/controllers/PartController.js","statementMap":{"0":{"start":{"line":1,"column":13},"end":{"line":1,"column":38}},"1":{"start":{"line":2,"column":17},"end":{"line":2,"column":30}},"2":{"start":{"line":3,"column":35},"end":{"line":3,"column":63}},"3":{"start":{"line":4,"column":11},"end":{"line":4,"column":31}},"4":{"start":{"line":8,"column":4},"end":{"line":10,"column":7}},"5":{"start":{"line":11,"column":4},"end":{"line":11,"column":25}},"6":{"start":{"line":15,"column":4},"end":{"line":35,"column":5}},"7":{"start":{"line":16,"column":21},"end":{"line":16,"column":65}},"8":{"start":{"line":17,"column":20},"end":{"line":30,"column":7}},"9":{"start":{"line":19,"column":10},"end":{"line":29,"column":11}},"10":{"start":{"line":31,"column":6},"end":{"line":31,"column":22}},"11":{"start":{"line":33,"column":6},"end":{"line":33,"column":27}},"12":{"start":{"line":34,"column":6},"end":{"line":34,"column":51}},"13":{"start":{"line":40,"column":19},"end":{"line":40,"column":40}},"14":{"start":{"line":41,"column":4},"end":{"line":43,"column":5}},"15":{"start":{"line":42,"column":6},"end":{"line":42,"column":62}},"16":{"start":{"line":54,"column":8},"end":{"line":54,"column":16}},"17":{"start":{"line":56,"column":4},"end":{"line":75,"column":5}},"18":{"start":{"line":57,"column":21},"end":{"line":70,"column":7}},"19":{"start":{"line":71,"column":6},"end":{"line":71,"column":43}},"20":{"start":{"line":73,"column":6},"end":{"line":73,"column":27}},"21":{"start":{"line":74,"column":6},"end":{"line":74,"column":50}},"22":{"start":{"line":79,"column":19},"end":{"line":79,"column":40}},"23":{"start":{"line":80,"column":4},"end":{"line":82,"column":5}},"24":{"start":{"line":81,"column":6},"end":{"line":81,"column":62}},"25":{"start":{"line":84,"column":19},"end":{"line":84,"column":42}},"26":{"start":{"line":95,"column":8},"end":{"line":95,"column":16}},"27":{"start":{"line":97,"column":4},"end":{"line":143,"column":5}},"28":{"start":{"line":98,"column":21},"end":{"line":114,"column":7}},"29":{"start":{"line":116,"column":6},"end":{"line":118,"column":7}},"30":{"start":{"line":117,"column":8},"end":{"line":117,"column":54}},"31":{"start":{"line":120,"column":26},"end":{"line":120,"column":40}},"32":{"start":{"line":121,"column":6},"end":{"line":137,"column":7}},"33":{"start":{"line":122,"column":8},"end":{"line":128,"column":11}},"34":{"start":{"line":129,"column":13},"end":{"line":137,"column":7}},"35":{"start":{"line":130,"column":8},"end":{"line":136,"column":11}},"36":{"start":{"line":139,"column":6},"end":{"line":139,"column":31}},"37":{"start":{"line":141,"column":6},"end":{"line":141,"column":27}},"38":{"start":{"line":142,"column":6},"end":{"line":142,"column":50}},"39":{"start":{"line":147,"column":19},"end":{"line":147,"column":42}},"40":{"start":{"line":149,"column":4},"end":{"line":163,"column":5}},"41":{"start":{"line":150,"column":21},"end":{"line":153,"column":7}},"42":{"start":{"line":155,"column":6},"end":{"line":157,"column":7}},"43":{"start":{"line":156,"column":8},"end":{"line":156,"column":54}},"44":{"start":{"line":159,"column":6},"end":{"line":159,"column":57}},"45":{"start":{"line":161,"column":6},"end":{"line":161,"column":27}},"46":{"start":{"line":162,"column":6},"end":{"line":162,"column":50}},"47":{"start":{"line":167,"column":0},"end":{"line":167,"column":32}}},"fnMap":{"0":{"name":"(anonymous_0)","decl":{"start":{"line":7,"column":2},"end":{"line":7,"column":3}},"loc":{"start":{"line":7,"column":22},"end":{"line":12,"column":3}},"line":7},"1":{"name":"(anonymous_1)","decl":{"start":{"line":14,"column":2},"end":{"line":14,"column":3}},"loc":{"start":{"line":14,"column":30},"end":{"line":36,"column":3}},"line":14},"2":{"name":"(anonymous_2)","decl":{"start":{"line":18,"column":8},"end":{"line":18,"column":9}},"loc":{"start":{"line":19,"column":10},"end":{"line":29,"column":11}},"line":19},"3":{"name":"(anonymous_3)","decl":{"start":{"line":39,"column":2},"end":{"line":39,"column":3}},"loc":{"start":{"line":39,"column":29},"end":{"line":76,"column":3}},"line":39},"4":{"name":"(anonymous_4)","decl":{"start":{"line":78,"column":2},"end":{"line":78,"column":3}},"loc":{"start":{"line":78,"column":29},"end":{"line":144,"column":3}},"line":78},"5":{"name":"(anonymous_5)","decl":{"start":{"line":146,"column":2},"end":{"line":146,"column":3}},"loc":{"start":{"line":146,"column":29},"end":{"line":164,"column":3}},"line":146}},"branchMap":{"0":{"loc":{"start":{"line":41,"column":4},"end":{"line":43,"column":5}},"type":"if","locations":[{"start":{"line":41,"column":4},"end":{"line":43,"column":5}},{"start":{},"end":{}}],"line":41},"1":{"loc":{"start":{"line":80,"column":4},"end":{"line":82,"column":5}},"type":"if","locations":[{"start":{"line":80,"column":4},"end":{"line":82,"column":5}},{"start":{},"end":{}}],"line":80},"2":{"loc":{"start":{"line":116,"column":6},"end":{"line":118,"column":7}},"type":"if","locations":[{"start":{"line":116,"column":6},"end":{"line":118,"column":7}},{"start":{},"end":{}}],"line":116},"3":{"loc":{"start":{"line":121,"column":6},"end":{"line":137,"column":7}},"type":"if","locations":[{"start":{"line":121,"column":6},"end":{"line":137,"column":7}},{"start":{"line":129,"column":13},"end":{"line":137,"column":7}}],"line":121},"4":{"loc":{"start":{"line":129,"column":13},"end":{"line":137,"column":7}},"type":"if","locations":[{"start":{"line":129,"column":13},"end":{"line":137,"column":7}},{"start":{},"end":{}}],"line":129},"5":{"loc":{"start":{"line":155,"column":6},"end":{"line":157,"column":7}},"type":"if","locations":[{"start":{"line":155,"column":6},"end":{"line":157,"column":7}},{"start":{},"end":{}}],"line":155}},"s":{"0":0,"1":0,"2":0,"3":0,"4":0,"5":0,"6":0,"7":0,"8":0,"9":0,"10":0,"11":0,"12":0,"13":0,"14":0,"15":0,"16":0,"17":0,"18":0,"19":0,"20":0,"21":0,"22":0,"23":0,"24":0,"25":0,"26":0,"27":0,"28":0,"29":0,"30":0,"31":0,"32":0,"33":0,"34":0,"35":0,"36":0,"37":0,"38":0,"39":0,"40":0,"41":0,"42":0,"43":0,"44":0,"45":0,"46":0,"47":0},"f":{"0":0,"1":0,"2":0,"3":0,"4":0,"5":0},"b":{"0":[0,0],"1":[0,0],"2":[0,0],"3":[0,0],"4":[0,0],"5":[0,0]}}
,"/Users/isaacrodriguez/fiservinventory-app/backend/src/controllers/PartsUsageController.js": {"path":"/Users/isaacrodriguez/fiservinventory-app/backend/src/controllers/PartsUsageController.js","statementMap":{"0":{"start":{"line":1,"column":11},"end":{"line":1,"column":30}},"1":{"start":{"line":2,"column":14},"end":{"line":2,"column":32}},"2":{"start":{"line":3,"column":13},"end":{"line":3,"column":28}},"3":{"start":{"line":14,"column":8},"end":{"line":14,"column":16}},"4":{"start":{"line":16,"column":4},"end":{"line":87,"column":5}},"5":{"start":{"line":18,"column":25},"end":{"line":21,"column":7}},"6":{"start":{"line":23,"column":6},"end":{"line":25,"column":7}},"7":{"start":{"line":24,"column":8},"end":{"line":24,"column":65}},"8":{"start":{"line":27,"column":30},"end":{"line":27,"column":57}},"9":{"start":{"line":28,"column":6},"end":{"line":34,"column":7}},"10":{"start":{"line":29,"column":8},"end":{"line":33,"column":11}},"11":{"start":{"line":37,"column":6},"end":{"line":37,"column":30}},"12":{"start":{"line":40,"column":26},"end":{"line":53,"column":7}},"13":{"start":{"line":56,"column":6},"end":{"line":59,"column":8}},"14":{"start":{"line":61,"column":6},"end":{"line":61,"column":31}},"15":{"start":{"line":64,"column":29},"end":{"line":77,"column":7}},"16":{"start":{"line":79,"column":6},"end":{"line":79,"column":51}},"17":{"start":{"line":81,"column":6},"end":{"line":81,"column":33}},"18":{"start":{"line":82,"column":6},"end":{"line":82,"column":59}},"19":{"start":{"line":83,"column":6},"end":{"line":86,"column":9}},"20":{"start":{"line":91,"column":4},"end":{"line":131,"column":5}},"21":{"start":{"line":92,"column":18},"end":{"line":104,"column":7}},"22":{"start":{"line":106,"column":21},"end":{"line":106,"column":23}},"23":{"start":{"line":108,"column":6},"end":{"line":111,"column":7}},"24":{"start":{"line":109,"column":8},"end":{"line":109,"column":41}},"25":{"start":{"line":110,"column":8},"end":{"line":110,"column":59}},"26":{"start":{"line":113,"column":6},"end":{"line":116,"column":7}},"27":{"start":{"line":114,"column":8},"end":{"line":114,"column":39}},"28":{"start":{"line":115,"column":8},"end":{"line":115,"column":59}},"29":{"start":{"line":118,"column":6},"end":{"line":118,"column":46}},"30":{"start":{"line":120,"column":6},"end":{"line":120,"column":53}},"31":{"start":{"line":121,"column":21},"end":{"line":121,"column":50}},"32":{"start":{"line":122,"column":6},"end":{"line":122,"column":48}},"33":{"start":{"line":124,"column":6},"end":{"line":124,"column":28}},"34":{"start":{"line":126,"column":6},"end":{"line":126,"column":58}},"35":{"start":{"line":127,"column":6},"end":{"line":130,"column":9}},"36":{"start":{"line":135,"column":4},"end":{"line":211,"column":5}},"37":{"start":{"line":136,"column":18},"end":{"line":147,"column":7}},"38":{"start":{"line":149,"column":21},"end":{"line":149,"column":23}},"39":{"start":{"line":151,"column":6},"end":{"line":154,"column":7}},"40":{"start":{"line":152,"column":8},"end":{"line":152,"column":41}},"41":{"start":{"line":153,"column":8},"end":{"line":153,"column":59}},"42":{"start":{"line":156,"column":6},"end":{"line":159,"column":7}},"43":{"start":{"line":157,"column":8},"end":{"line":157,"column":39}},"44":{"start":{"line":158,"column":8},"end":{"line":158,"column":59}},"45":{"start":{"line":161,"column":6},"end":{"line":161,"column":46}},"46":{"start":{"line":163,"column":21},"end":{"line":163,"column":50}},"47":{"start":{"line":165,"column":23},"end":{"line":165,"column":43}},"48":{"start":{"line":166,"column":24},"end":{"line":166,"column":60}},"49":{"start":{"line":168,"column":6},"end":{"line":174,"column":8}},"50":{"start":{"line":177,"column":6},"end":{"line":182,"column":9}},"51":{"start":{"line":178,"column":8},"end":{"line":181,"column":11}},"52":{"start":{"line":185,"column":6},"end":{"line":185,"column":48}},"53":{"start":{"line":186,"column":6},"end":{"line":190,"column":8}},"54":{"start":{"line":193,"column":6},"end":{"line":196,"column":8}},"55":{"start":{"line":197,"column":6},"end":{"line":200,"column":8}},"56":{"start":{"line":203,"column":6},"end":{"line":203,"column":37}},"57":{"start":{"line":204,"column":6},"end":{"line":204,"column":16}},"58":{"start":{"line":206,"column":6},"end":{"line":206,"column":56}},"59":{"start":{"line":207,"column":6},"end":{"line":210,"column":9}},"60":{"start":{"line":215,"column":0},"end":{"line":215,"column":38}}},"fnMap":{"0":{"name":"(anonymous_0)","decl":{"start":{"line":6,"column":2},"end":{"line":6,"column":3}},"loc":{"start":{"line":6,"column":30},"end":{"line":88,"column":3}},"line":6},"1":{"name":"(anonymous_1)","decl":{"start":{"line":90,"column":2},"end":{"line":90,"column":3}},"loc":{"start":{"line":90,"column":34},"end":{"line":132,"column":3}},"line":90},"2":{"name":"(anonymous_2)","decl":{"start":{"line":134,"column":2},"end":{"line":134,"column":3}},"loc":{"start":{"line":134,"column":32},"end":{"line":212,"column":3}},"line":134},"3":{"name":"(anonymous_3)","decl":{"start":{"line":177,"column":26},"end":{"line":177,"column":27}},"loc":{"start":{"line":177,"column":33},"end":{"line":182,"column":7}},"line":177}},"branchMap":{"0":{"loc":{"start":{"line":23,"column":6},"end":{"line":25,"column":7}},"type":"if","locations":[{"start":{"line":23,"column":6},"end":{"line":25,"column":7}},{"start":{},"end":{}}],"line":23},"1":{"loc":{"start":{"line":28,"column":6},"end":{"line":34,"column":7}},"type":"if","locations":[{"start":{"line":28,"column":6},"end":{"line":34,"column":7}},{"start":{},"end":{}}],"line":28},"2":{"loc":{"start":{"line":108,"column":6},"end":{"line":111,"column":7}},"type":"if","locations":[{"start":{"line":108,"column":6},"end":{"line":111,"column":7}},{"start":{},"end":{}}],"line":108},"3":{"loc":{"start":{"line":113,"column":6},"end":{"line":116,"column":7}},"type":"if","locations":[{"start":{"line":113,"column":6},"end":{"line":116,"column":7}},{"start":{},"end":{}}],"line":113},"4":{"loc":{"start":{"line":151,"column":6},"end":{"line":154,"column":7}},"type":"if","locations":[{"start":{"line":151,"column":6},"end":{"line":154,"column":7}},{"start":{},"end":{}}],"line":151},"5":{"loc":{"start":{"line":156,"column":6},"end":{"line":159,"column":7}},"type":"if","locations":[{"start":{"line":156,"column":6},"end":{"line":159,"column":7}},{"start":{},"end":{}}],"line":156}},"s":{"0":0,"1":0,"2":0,"3":0,"4":0,"5":0,"6":0,"7":0,"8":0,"9":0,"10":0,"11":0,"12":0,"13":0,"14":0,"15":0,"16":0,"17":0,"18":0,"19":0,"20":0,"21":0,"22":0,"23":0,"24":0,"25":0,"26":0,"27":0,"28":0,"29":0,"30":0,"31":0,"32":0,"33":0,"34":0,"35":0,"36":0,"37":0,"38":0,"39":0,"40":0,"41":0,"42":0,"43":0,"44":0,"45":0,"46":0,"47":0,"48":0,"49":0,"50":0,"51":0,"52":0,"53":0,"54":0,"55":0,"56":0,"57":0,"58":0,"59":0,"60":0},"f":{"0":0,"1":0,"2":0,"3":0},"b":{"0":[0,0],"1":[0,0],"2":[0,0],"3":[0,0],"4":[0,0],"5":[0,0]}}
,"/Users/isaacrodriguez/fiservinventory-app/backend/src/controllers/TransactionController.js": {"path":"/Users/isaacrodriguez/fiservinventory-app/backend/src/controllers/TransactionController.js","statementMap":{"0":{"start":{"line":1,"column":20},"end":{"line":1,"column":52}},"1":{"start":{"line":2,"column":17},"end":{"line":2,"column":30}},"2":{"start":{"line":3,"column":17},"end":{"line":3,"column":49}},"3":{"start":{"line":7,"column":4},"end":{"line":7,"column":53}},"4":{"start":{"line":8,"column":16},"end":{"line":8,"column":53}},"5":{"start":{"line":9,"column":19},"end":{"line":9,"column":32}},"6":{"start":{"line":10,"column":4},"end":{"line":10,"column":63}},"7":{"start":{"line":11,"column":4},"end":{"line":11,"column":69}},"8":{"start":{"line":13,"column":4},"end":{"line":13,"column":33}},"9":{"start":{"line":16,"column":4},"end":{"line":18,"column":93}},"10":{"start":{"line":17,"column":18},"end":{"line":17,"column":87}},"11":{"start":{"line":18,"column":20},"end":{"line":18,"column":91}},"12":{"start":{"line":21,"column":4},"end":{"line":21,"column":65}},"13":{"start":{"line":25,"column":4},"end":{"line":25,"column":45}},"14":{"start":{"line":26,"column":4},"end":{"line":26,"column":45}},"15":{"start":{"line":28,"column":4},"end":{"line":76,"column":5}},"16":{"start":{"line":29,"column":37},"end":{"line":29,"column":46}},"17":{"start":{"line":30,"column":18},"end":{"line":40,"column":7}},"18":{"start":{"line":41,"column":26},"end":{"line":41,"column":28}},"19":{"start":{"line":43,"column":6},"end":{"line":58,"column":7}},"20":{"start":{"line":44,"column":8},"end":{"line":44,"column":27}},"21":{"start":{"line":45,"column":27},"end":{"line":45,"column":29}},"22":{"start":{"line":47,"column":8},"end":{"line":50,"column":9}},"23":{"start":{"line":48,"column":10},"end":{"line":48,"column":68}},"24":{"start":{"line":49,"column":10},"end":{"line":49,"column":38}},"25":{"start":{"line":52,"column":8},"end":{"line":55,"column":9}},"26":{"start":{"line":53,"column":10},"end":{"line":53,"column":68}},"27":{"start":{"line":54,"column":10},"end":{"line":54,"column":36}},"28":{"start":{"line":57,"column":8},"end":{"line":57,"column":42}},"29":{"start":{"line":60,"column":6},"end":{"line":60,"column":39}},"30":{"start":{"line":62,"column":6},"end":{"line":62,"column":35}},"31":{"start":{"line":63,"column":6},"end":{"line":63,"column":42}},"32":{"start":{"line":65,"column":21},"end":{"line":65,"column":62}},"33":{"start":{"line":66,"column":6},"end":{"line":66,"column":63}},"34":{"start":{"line":68,"column":6},"end":{"line":68,"column":28}},"35":{"start":{"line":70,"column":6},"end":{"line":70,"column":59}},"36":{"start":{"line":71,"column":6},"end":{"line":75,"column":9}},"37":{"start":{"line":82,"column":0},"end":{"line":82,"column":39}}},"fnMap":{"0":{"name":"(anonymous_0)","decl":{"start":{"line":6,"column":2},"end":{"line":6,"column":3}},"loc":{"start":{"line":6,"column":16},"end":{"line":22,"column":3}},"line":6},"1":{"name":"(anonymous_1)","decl":{"start":{"line":17,"column":12},"end":{"line":17,"column":13}},"loc":{"start":{"line":17,"column":18},"end":{"line":17,"column":87}},"line":17},"2":{"name":"(anonymous_2)","decl":{"start":{"line":18,"column":13},"end":{"line":18,"column":14}},"loc":{"start":{"line":18,"column":20},"end":{"line":18,"column":91}},"line":18},"3":{"name":"(anonymous_3)","decl":{"start":{"line":24,"column":2},"end":{"line":24,"column":3}},"loc":{"start":{"line":24,"column":37},"end":{"line":77,"column":3}},"line":24}},"branchMap":{"0":{"loc":{"start":{"line":8,"column":16},"end":{"line":8,"column":53}},"type":"binary-expr","locations":[{"start":{"line":8,"column":16},"end":{"line":8,"column":36}},{"start":{"line":8,"column":40},"end":{"line":8,"column":53}}],"line":8},"1":{"loc":{"start":{"line":43,"column":6},"end":{"line":58,"column":7}},"type":"if","locations":[{"start":{"line":43,"column":6},"end":{"line":58,"column":7}},{"start":{},"end":{}}],"line":43},"2":{"loc":{"start":{"line":43,"column":10},"end":{"line":43,"column":30}},"type":"binary-expr","locations":[{"start":{"line":43,"column":10},"end":{"line":43,"column":19}},{"start":{"line":43,"column":23},"end":{"line":43,"column":30}}],"line":43},"3":{"loc":{"start":{"line":47,"column":8},"end":{"line":50,"column":9}},"type":"if","locations":[{"start":{"line":47,"column":8},"end":{"line":50,"column":9}},{"start":{},"end":{}}],"line":47},"4":{"loc":{"start":{"line":52,"column":8},"end":{"line":55,"column":9}},"type":"if","locations":[{"start":{"line":52,"column":8},"end":{"line":55,"column":9}},{"start":{},"end":{}}],"line":52},"5":{"loc":{"start":{"line":74,"column":15},"end":{"line":74,"column":79}},"type":"cond-expr","locations":[{"start":{"line":74,"column":56},"end":{"line":74,"column":67}},{"start":{"line":74,"column":70},"end":{"line":74,"column":79}}],"line":74}},"s":{"0":0,"1":0,"2":0,"3":0,"4":0,"5":0,"6":0,"7":0,"8":0,"9":0,"10":0,"11":0,"12":0,"13":0,"14":0,"15":0,"16":0,"17":0,"18":0,"19":0,"20":0,"21":0,"22":0,"23":0,"24":0,"25":0,"26":0,"27":0,"28":0,"29":0,"30":0,"31":0,"32":0,"33":0,"34":0,"35":0,"36":0,"37":0},"f":{"0":0,"1":0,"2":0,"3":0},"b":{"0":[0,0],"1":[0,0],"2":[0,0],"3":[0,0],"4":[0,0],"5":[0,0]}}
,"/Users/isaacrodriguez/fiservinventory-app/backend/src/controllers/UserController.js": {"path":"/Users/isaacrodriguez/fiservinventory-app/backend/src/controllers/UserController.js","statementMap":{"0":{"start":{"line":1,"column":17},"end":{"line":1,"column":40}},"1":{"start":{"line":2,"column":15},"end":{"line":2,"column":32}},"2":{"start":{"line":3,"column":12},"end":{"line":3,"column":35}},"3":{"start":{"line":7,"column":42},"end":{"line":7,"column":50}},"4":{"start":{"line":9,"column":4},"end":{"line":44,"column":5}},"5":{"start":{"line":11,"column":25},"end":{"line":14,"column":7}},"6":{"start":{"line":16,"column":6},"end":{"line":18,"column":7}},"7":{"start":{"line":17,"column":8},"end":{"line":17,"column":83}},"8":{"start":{"line":21,"column":19},"end":{"line":21,"column":43}},"9":{"start":{"line":22,"column":29},"end":{"line":22,"column":62}},"10":{"start":{"line":25,"column":21},"end":{"line":28,"column":7}},"11":{"start":{"line":31,"column":20},"end":{"line":35,"column":7}},"12":{"start":{"line":37,"column":6},"end":{"line":40,"column":9}},"13":{"start":{"line":42,"column":6},"end":{"line":42,"column":54}},"14":{"start":{"line":43,"column":6},"end":{"line":43,"column":65}},"15":{"start":{"line":48,"column":35},"end":{"line":48,"column":43}},"16":{"start":{"line":50,"column":4},"end":{"line":88,"column":5}},"17":{"start":{"line":52,"column":21},"end":{"line":55,"column":7}},"18":{"start":{"line":57,"column":6},"end":{"line":59,"column":7}},"19":{"start":{"line":58,"column":8},"end":{"line":58,"column":70}},"20":{"start":{"line":61,"column":19},"end":{"line":61,"column":33}},"21":{"start":{"line":64,"column":28},"end":{"line":64,"column":73}},"22":{"start":{"line":65,"column":6},"end":{"line":67,"column":7}},"23":{"start":{"line":66,"column":8},"end":{"line":66,"column":70}},"24":{"start":{"line":70,"column":20},"end":{"line":74,"column":7}},"25":{"start":{"line":76,"column":6},"end":{"line":84,"column":9}},"26":{"start":{"line":86,"column":6},"end":{"line":86,"column":48}},"27":{"start":{"line":87,"column":6},"end":{"line":87,"column":58}},"28":{"start":{"line":92,"column":4},"end":{"line":106,"column":5}},"29":{"start":{"line":93,"column":21},"end":{"line":96,"column":7}},"30":{"start":{"line":98,"column":6},"end":{"line":100,"column":7}},"31":{"start":{"line":99,"column":8},"end":{"line":99,"column":65}},"32":{"start":{"line":102,"column":6},"end":{"line":102,"column":31}},"33":{"start":{"line":104,"column":6},"end":{"line":104,"column":53}},"34":{"start":{"line":105,"column":6},"end":{"line":105,"column":63}},"35":{"start":{"line":110,"column":32},"end":{"line":110,"column":40}},"36":{"start":{"line":112,"column":4},"end":{"line":136,"column":5}},"37":{"start":{"line":114,"column":27},"end":{"line":117,"column":7}},"38":{"start":{"line":119,"column":6},"end":{"line":121,"column":7}},"39":{"start":{"line":120,"column":8},"end":{"line":120,"column":82}},"40":{"start":{"line":123,"column":21},"end":{"line":126,"column":7}},"41":{"start":{"line":128,"column":6},"end":{"line":130,"column":7}},"42":{"start":{"line":129,"column":8},"end":{"line":129,"column":65}},"43":{"start":{"line":132,"column":6},"end":{"line":132,"column":31}},"44":{"start":{"line":134,"column":6},"end":{"line":134,"column":54}},"45":{"start":{"line":135,"column":6},"end":{"line":135,"column":66}},"46":{"start":{"line":140,"column":0},"end":{"line":140,"column":32}}},"fnMap":{"0":{"name":"(anonymous_0)","decl":{"start":{"line":6,"column":2},"end":{"line":6,"column":3}},"loc":{"start":{"line":6,"column":34},"end":{"line":45,"column":3}},"line":6},"1":{"name":"(anonymous_1)","decl":{"start":{"line":47,"column":2},"end":{"line":47,"column":3}},"loc":{"start":{"line":47,"column":31},"end":{"line":89,"column":3}},"line":47},"2":{"name":"(anonymous_2)","decl":{"start":{"line":91,"column":2},"end":{"line":91,"column":3}},"loc":{"start":{"line":91,"column":36},"end":{"line":107,"column":3}},"line":91},"3":{"name":"(anonymous_3)","decl":{"start":{"line":109,"column":2},"end":{"line":109,"column":3}},"loc":{"start":{"line":109,"column":39},"end":{"line":137,"column":3}},"line":109}},"branchMap":{"0":{"loc":{"start":{"line":16,"column":6},"end":{"line":18,"column":7}},"type":"if","locations":[{"start":{"line":16,"column":6},"end":{"line":18,"column":7}},{"start":{},"end":{}}],"line":16},"1":{"loc":{"start":{"line":57,"column":6},"end":{"line":59,"column":7}},"type":"if","locations":[{"start":{"line":57,"column":6},"end":{"line":59,"column":7}},{"start":{},"end":{}}],"line":57},"2":{"loc":{"start":{"line":65,"column":6},"end":{"line":67,"column":7}},"type":"if","locations":[{"start":{"line":65,"column":6},"end":{"line":67,"column":7}},{"start":{},"end":{}}],"line":65},"3":{"loc":{"start":{"line":98,"column":6},"end":{"line":100,"column":7}},"type":"if","locations":[{"start":{"line":98,"column":6},"end":{"line":100,"column":7}},{"start":{},"end":{}}],"line":98},"4":{"loc":{"start":{"line":119,"column":6},"end":{"line":121,"column":7}},"type":"if","locations":[{"start":{"line":119,"column":6},"end":{"line":121,"column":7}},{"start":{},"end":{}}],"line":119},"5":{"loc":{"start":{"line":128,"column":6},"end":{"line":130,"column":7}},"type":"if","locations":[{"start":{"line":128,"column":6},"end":{"line":130,"column":7}},{"start":{},"end":{}}],"line":128}},"s":{"0":0,"1":0,"2":0,"3":0,"4":0,"5":0,"6":0,"7":0,"8":0,"9":0,"10":0,"11":0,"12":0,"13":0,"14":0,"15":0,"16":0,"17":0,"18":0,"19":0,"20":0,"21":0,"22":0,"23":0,"24":0,"25":0,"26":0,"27":0,"28":0,"29":0,"30":0,"31":0,"32":0,"33":0,"34":0,"35":0,"36":0,"37":0,"38":0,"39":0,"40":0,"41":0,"42":0,"43":0,"44":0,"45":0,"46":0},"f":{"0":0,"1":0,"2":0,"3":0},"b":{"0":[0,0],"1":[0,0],"2":[0,0],"3":[0,0],"4":[0,0],"5":[0,0]}}
,"/Users/isaacrodriguez/fiservinventory-app/backend/src/middleware/authMiddleware.js": {"path":"/Users/isaacrodriguez/fiservinventory-app/backend/src/middleware/authMiddleware.js","statementMap":{"0":{"start":{"line":1,"column":12},"end":{"line":1,"column":35}},"1":{"start":{"line":3,"column":23},"end":{"line":34,"column":1}},"2":{"start":{"line":4,"column":16},"end":{"line":4,"column":58}},"3":{"start":{"line":6,"column":2},"end":{"line":8,"column":3}},"4":{"start":{"line":7,"column":4},"end":{"line":7,"column":69}},"5":{"start":{"line":10,"column":2},"end":{"line":33,"column":3}},"6":{"start":{"line":11,"column":20},"end":{"line":11,"column":56}},"7":{"start":{"line":12,"column":4},"end":{"line":12,"column":23}},"8":{"start":{"line":15,"column":4},"end":{"line":30,"column":5}},"9":{"start":{"line":17,"column":6},"end":{"line":17,"column":13}},"10":{"start":{"line":18,"column":11},"end":{"line":30,"column":5}},"11":{"start":{"line":20,"column":6},"end":{"line":22,"column":7}},"12":{"start":{"line":21,"column":8},"end":{"line":21,"column":49}},"13":{"start":{"line":23,"column":6},"end":{"line":23,"column":13}},"14":{"start":{"line":26,"column":6},"end":{"line":28,"column":7}},"15":{"start":{"line":27,"column":8},"end":{"line":27,"column":49}},"16":{"start":{"line":29,"column":6},"end":{"line":29,"column":13}},"17":{"start":{"line":36,"column":0},"end":{"line":36,"column":32}}},"fnMap":{"0":{"name":"(anonymous_0)","decl":{"start":{"line":3,"column":23},"end":{"line":3,"column":24}},"loc":{"start":{"line":3,"column":43},"end":{"line":34,"column":1}},"line":3}},"branchMap":{"0":{"loc":{"start":{"line":6,"column":2},"end":{"line":8,"column":3}},"type":"if","locations":[{"start":{"line":6,"column":2},"end":{"line":8,"column":3}},{"start":{},"end":{}}],"line":6},"1":{"loc":{"start":{"line":15,"column":4},"end":{"line":30,"column":5}},"type":"if","locations":[{"start":{"line":15,"column":4},"end":{"line":30,"column":5}},{"start":{"line":18,"column":11},"end":{"line":30,"column":5}}],"line":15},"2":{"loc":{"start":{"line":18,"column":11},"end":{"line":30,"column":5}},"type":"if","locations":[{"start":{"line":18,"column":11},"end":{"line":30,"column":5}},{"start":{"line":24,"column":11},"end":{"line":30,"column":5}}],"line":18},"3":{"loc":{"start":{"line":20,"column":6},"end":{"line":22,"column":7}},"type":"if","locations":[{"start":{"line":20,"column":6},"end":{"line":22,"column":7}},{"start":{},"end":{}}],"line":20},"4":{"loc":{"start":{"line":26,"column":6},"end":{"line":28,"column":7}},"type":"if","locations":[{"start":{"line":26,"column":6},"end":{"line":28,"column":7}},{"start":{},"end":{}}],"line":26}},"s":{"0":0,"1":0,"2":0,"3":0,"4":0,"5":0,"6":0,"7":0,"8":0,"9":0,"10":0,"11":0,"12":0,"13":0,"14":0,"15":0,"16":0,"17":0},"f":{"0":0},"b":{"0":[0,0],"1":[0,0],"2":[0,0],"3":[0,0],"4":[0,0]}}
,"/Users/isaacrodriguez/fiservinventory-app/backend/src/middleware/security.js": {"path":"/Users/isaacrodriguez/fiservinventory-app/backend/src/middleware/security.js","statementMap":{"0":{"start":{"line":1,"column":18},"end":{"line":1,"column":47}},"1":{"start":{"line":2,"column":15},"end":{"line":2,"column":32}},"2":{"start":{"line":3,"column":12},"end":{"line":3,"column":26}},"3":{"start":{"line":4,"column":12},"end":{"line":4,"column":32}},"4":{"start":{"line":5,"column":15},"end":{"line":5,"column":32}},"5":{"start":{"line":6,"column":11},"end":{"line":6,"column":24}},"6":{"start":{"line":7,"column":13},"end":{"line":7,"column":28}},"7":{"start":{"line":8,"column":16},"end":{"line":8,"column":42}},"8":{"start":{"line":9,"column":18},"end":{"line":9,"column":55}},"9":{"start":{"line":10,"column":17},"end":{"line":10,"column":40}},"10":{"start":{"line":12,"column":29},"end":{"line":124,"column":1}},"11":{"start":{"line":14,"column":18},"end":{"line":14,"column":52}},"12":{"start":{"line":15,"column":2},"end":{"line":17,"column":3}},"13":{"start":{"line":16,"column":4},"end":{"line":16,"column":26}},"14":{"start":{"line":20,"column":26},"end":{"line":23,"column":3}},"15":{"start":{"line":26,"column":2},"end":{"line":38,"column":6}},"16":{"start":{"line":41,"column":18},"end":{"line":47,"column":4}},"17":{"start":{"line":48,"column":2},"end":{"line":48,"column":28}},"18":{"start":{"line":51,"column":2},"end":{"line":51,"column":17}},"19":{"start":{"line":54,"column":2},"end":{"line":54,"column":17}},"20":{"start":{"line":57,"column":2},"end":{"line":57,"column":59}},"21":{"start":{"line":60,"column":2},"end":{"line":76,"column":6}},"22":{"start":{"line":79,"column":2},"end":{"line":95,"column":5}},"23":{"start":{"line":80,"column":4},"end":{"line":93,"column":5}},"24":{"start":{"line":81,"column":23},"end":{"line":81,"column":62}},"25":{"start":{"line":82,"column":6},"end":{"line":82,"column":52}},"26":{"start":{"line":83,"column":6},"end":{"line":83,"column":79}},"27":{"start":{"line":84,"column":6},"end":{"line":84,"column":59}},"28":{"start":{"line":87,"column":6},"end":{"line":92,"column":7}},"29":{"start":{"line":88,"column":8},"end":{"line":91,"column":11}},"30":{"start":{"line":94,"column":4},"end":{"line":94,"column":11}},"31":{"start":{"line":98,"column":2},"end":{"line":123,"column":5}},"32":{"start":{"line":99,"column":25},"end":{"line":108,"column":5}},"33":{"start":{"line":111,"column":4},"end":{"line":115,"column":5}},"34":{"start":{"line":112,"column":6},"end":{"line":112,"column":50}},"35":{"start":{"line":114,"column":6},"end":{"line":114,"column":31}},"36":{"start":{"line":117,"column":4},"end":{"line":122,"column":7}},"37":{"start":{"line":126,"column":0},"end":{"line":126,"column":38}}},"fnMap":{"0":{"name":"(anonymous_0)","decl":{"start":{"line":12,"column":29},"end":{"line":12,"column":30}},"loc":{"start":{"line":12,"column":38},"end":{"line":124,"column":1}},"line":12},"1":{"name":"(anonymous_1)","decl":{"start":{"line":79,"column":10},"end":{"line":79,"column":11}},"loc":{"start":{"line":79,"column":30},"end":{"line":95,"column":3}},"line":79},"2":{"name":"(anonymous_2)","decl":{"start":{"line":98,"column":10},"end":{"line":98,"column":11}},"loc":{"start":{"line":98,"column":35},"end":{"line":123,"column":3}},"line":98}},"branchMap":{"0":{"loc":{"start":{"line":15,"column":2},"end":{"line":17,"column":3}},"type":"if","locations":[{"start":{"line":15,"column":2},"end":{"line":17,"column":3}},{"start":{},"end":{}}],"line":15},"1":{"loc":{"start":{"line":72,"column":14},"end":{"line":72,"column":74}},"type":"binary-expr","locations":[{"start":{"line":72,"column":14},"end":{"line":72,"column":51}},{"start":{"line":72,"column":55},"end":{"line":72,"column":74}}],"line":72},"2":{"loc":{"start":{"line":80,"column":4},"end":{"line":93,"column":5}},"type":"if","locations":[{"start":{"line":80,"column":4},"end":{"line":93,"column":5}},{"start":{},"end":{}}],"line":80},"3":{"loc":{"start":{"line":80,"column":8},"end":{"line":80,"column":41}},"type":"binary-expr","locations":[{"start":{"line":80,"column":8},"end":{"line":80,"column":19}},{"start":{"line":80,"column":23},"end":{"line":80,"column":41}}],"line":80},"4":{"loc":{"start":{"line":81,"column":23},"end":{"line":81,"column":62}},"type":"binary-expr","locations":[{"start":{"line":81,"column":23},"end":{"line":81,"column":49}},{"start":{"line":81,"column":53},"end":{"line":81,"column":62}}],"line":81},"5":{"loc":{"start":{"line":82,"column":27},"end":{"line":82,"column":51}},"type":"binary-expr","locations":[{"start":{"line":82,"column":27},"end":{"line":82,"column":45}},{"start":{"line":82,"column":49},"end":{"line":82,"column":51}}],"line":82},"6":{"loc":{"start":{"line":83,"column":37},"end":{"line":83,"column":78}},"type":"binary-expr","locations":[{"start":{"line":83,"column":37},"end":{"line":83,"column":65}},{"start":{"line":83,"column":69},"end":{"line":83,"column":78}}],"line":83},"7":{"loc":{"start":{"line":87,"column":6},"end":{"line":92,"column":7}},"type":"if","locations":[{"start":{"line":87,"column":6},"end":{"line":92,"column":7}},{"start":{},"end":{}}],"line":87},"8":{"loc":{"start":{"line":111,"column":4},"end":{"line":115,"column":5}},"type":"if","locations":[{"start":{"line":111,"column":4},"end":{"line":115,"column":5}},{"start":{"line":113,"column":11},"end":{"line":115,"column":5}}],"line":111},"9":{"loc":{"start":{"line":117,"column":15},"end":{"line":117,"column":32}},"type":"binary-expr","locations":[{"start":{"line":117,"column":15},"end":{"line":117,"column":25}},{"start":{"line":117,"column":29},"end":{"line":117,"column":32}}],"line":117},"10":{"loc":{"start":{"line":119,"column":15},"end":{"line":121,"column":21}},"type":"cond-expr","locations":[{"start":{"line":120,"column":10},"end":{"line":120,"column":33}},{"start":{"line":121,"column":10},"end":{"line":121,"column":21}}],"line":119}},"s":{"0":0,"1":0,"2":0,"3":0,"4":0,"5":0,"6":0,"7":0,"8":0,"9":0,"10":0,"11":0,"12":0,"13":0,"14":0,"15":0,"16":0,"17":0,"18":0,"19":0,"20":0,"21":0,"22":0,"23":0,"24":0,"25":0,"26":0,"27":0,"28":0,"29":0,"30":0,"31":0,"32":0,"33":0,"34":0,"35":0,"36":0,"37":0},"f":{"0":0,"1":0,"2":0},"b":{"0":[0,0],"1":[0,0],"2":[0,0],"3":[0,0],"4":[0,0],"5":[0,0],"6":[0,0],"7":[0,0],"8":[0,0],"9":[0,0],"10":[0,0]}}
,"/Users/isaacrodriguez/fiservinventory-app/backend/src/middleware/validation.js": {"path":"/Users/isaacrodriguez/fiservinventory-app/backend/src/middleware/validation.js","statementMap":{"0":{"start":{"line":1,"column":35},"end":{"line":1,"column":63}},"1":{"start":{"line":2,"column":21},"end":{"line":2,"column":45}},"2":{"start":{"line":5,"column":29},"end":{"line":11,"column":1}},"3":{"start":{"line":14,"column":21},"end":{"line":26,"column":1}},"4":{"start":{"line":15,"column":2},"end":{"line":24,"column":3}},"5":{"start":{"line":16,"column":4},"end":{"line":23,"column":7}},"6":{"start":{"line":17,"column":6},"end":{"line":22,"column":7}},"7":{"start":{"line":18,"column":8},"end":{"line":21,"column":11}},"8":{"start":{"line":25,"column":2},"end":{"line":25,"column":9}},"9":{"start":{"line":29,"column":25},"end":{"line":39,"column":70}},"10":{"start":{"line":42,"column":25},"end":{"line":47,"column":77}},"11":{"start":{"line":50,"column":22},"end":{"line":54,"column":19}},"12":{"start":{"line":57,"column":31},"end":{"line":63,"column":1}},"13":{"start":{"line":58,"column":17},"end":{"line":58,"column":38}},"14":{"start":{"line":59,"column":2},"end":{"line":61,"column":3}},"15":{"start":{"line":60,"column":4},"end":{"line":60,"column":60}},"16":{"start":{"line":62,"column":2},"end":{"line":62,"column":9}},"17":{"start":{"line":66,"column":22},"end":{"line":70,"column":1}},"18":{"start":{"line":72,"column":29},"end":{"line":81,"column":1}},"19":{"start":{"line":83,"column":31},"end":{"line":87,"column":1}},"20":{"start":{"line":89,"column":0},"end":{"line":95,"column":2}}},"fnMap":{"0":{"name":"(anonymous_0)","decl":{"start":{"line":14,"column":21},"end":{"line":14,"column":22}},"loc":{"start":{"line":14,"column":41},"end":{"line":26,"column":1}},"line":14},"1":{"name":"(anonymous_1)","decl":{"start":{"line":16,"column":34},"end":{"line":16,"column":35}},"loc":{"start":{"line":16,"column":41},"end":{"line":23,"column":5}},"line":16},"2":{"name":"(anonymous_2)","decl":{"start":{"line":57,"column":31},"end":{"line":57,"column":32}},"loc":{"start":{"line":57,"column":51},"end":{"line":63,"column":1}},"line":57}},"branchMap":{"0":{"loc":{"start":{"line":15,"column":2},"end":{"line":24,"column":3}},"type":"if","locations":[{"start":{"line":15,"column":2},"end":{"line":24,"column":3}},{"start":{},"end":{}}],"line":15},"1":{"loc":{"start":{"line":17,"column":6},"end":{"line":22,"column":7}},"type":"if","locations":[{"start":{"line":17,"column":6},"end":{"line":22,"column":7}},{"start":{},"end":{}}],"line":17},"2":{"loc":{"start":{"line":59,"column":2},"end":{"line":61,"column":3}},"type":"if","locations":[{"start":{"line":59,"column":2},"end":{"line":61,"column":3}},{"start":{},"end":{}}],"line":59}},"s":{"0":0,"1":0,"2":0,"3":0,"4":0,"5":0,"6":0,"7":0,"8":0,"9":0,"10":0,"11":0,"12":0,"13":0,"14":0,"15":0,"16":0,"17":0,"18":0,"19":0,"20":0},"f":{"0":0,"1":0,"2":0},"b":{"0":[0,0],"1":[0,0],"2":[0,0]}}
,"/Users/isaacrodriguez/fiservinventory-app/backend/src/models/Machine.js": {"path":"/Users/isaacrodriguez/fiservinventory-app/backend/src/models/Machine.js","statementMap":{"0":{"start":{"line":3,"column":6},"end":{"line":3,"column":35}},"1":{"start":{"line":4,"column":6},"end":{"line":4,"column":23}},"2":{"start":{"line":5,"column":6},"end":{"line":5,"column":39}},"3":{"start":{"line":6,"column":6},"end":{"line":6,"column":41}},"4":{"start":{"line":11,"column":2},"end":{"line":11,"column":27}}},"fnMap":{"0":{"name":"(anonymous_0)","decl":{"start":{"line":2,"column":4},"end":{"line":2,"column":5}},"loc":{"start":{"line":2,"column":63},"end":{"line":7,"column":5}},"line":2}},"branchMap":{},"s":{"0":0,"1":0,"2":0,"3":0,"4":0},"f":{"0":0},"b":{}}
,"/Users/isaacrodriguez/fiservinventory-app/backend/src/models/Part.js": {"path":"/Users/isaacrodriguez/fiservinventory-app/backend/src/models/Part.js","statementMap":{"0":{"start":{"line":13,"column":6},"end":{"line":13,"column":29}},"1":{"start":{"line":14,"column":6},"end":{"line":14,"column":23}},"2":{"start":{"line":20,"column":6},"end":{"line":20,"column":34}},"3":{"start":{"line":25,"column":2},"end":{"line":25,"column":24}}},"fnMap":{"0":{"name":"(anonymous_0)","decl":{"start":{"line":2,"column":4},"end":{"line":2,"column":5}},"loc":{"start":{"line":12,"column":6},"end":{"line":16,"column":5}},"line":12},"1":{"name":"(anonymous_1)","decl":{"start":{"line":19,"column":4},"end":{"line":19,"column":5}},"loc":{"start":{"line":19,"column":32},"end":{"line":22,"column":5}},"line":19}},"branchMap":{},"s":{"0":0,"1":0,"2":0,"3":0},"f":{"0":0,"1":0},"b":{}}
,"/Users/isaacrodriguez/fiservinventory-app/backend/src/models/Transaction.js": {"path":"/Users/isaacrodriguez/fiservinventory-app/backend/src/models/Transaction.js","statementMap":{"0":{"start":{"line":10,"column":6},"end":{"line":10,"column":43}},"1":{"start":{"line":11,"column":6},"end":{"line":11,"column":29}},"2":{"start":{"line":12,"column":6},"end":{"line":12,"column":23}},"3":{"start":{"line":13,"column":6},"end":{"line":13,"column":31}},"4":{"start":{"line":14,"column":6},"end":{"line":14,"column":33}},"5":{"start":{"line":15,"column":6},"end":{"line":15,"column":29}},"6":{"start":{"line":19,"column":2},"end":{"line":19,"column":31}}},"fnMap":{"0":{"name":"(anonymous_0)","decl":{"start":{"line":2,"column":4},"end":{"line":2,"column":5}},"loc":{"start":{"line":9,"column":6},"end":{"line":16,"column":5}},"line":9}},"branchMap":{},"s":{"0":0,"1":0,"2":0,"3":0,"4":0,"5":0,"6":0},"f":{"0":0},"b":{}}
,"/Users/isaacrodriguez/fiservinventory-app/backend/src/models/User.js": {"path":"/Users/isaacrodriguez/fiservinventory-app/backend/src/models/User.js","statementMap":{"0":{"start":{"line":3,"column":6},"end":{"line":3,"column":29}},"1":{"start":{"line":4,"column":6},"end":{"line":4,"column":31}},"2":{"start":{"line":5,"column":6},"end":{"line":5,"column":31}},"3":{"start":{"line":6,"column":6},"end":{"line":6,"column":23}},"4":{"start":{"line":11,"column":6},"end":{"line":11,"column":64}},"5":{"start":{"line":15,"column":2},"end":{"line":15,"column":24}}},"fnMap":{"0":{"name":"(anonymous_0)","decl":{"start":{"line":2,"column":4},"end":{"line":2,"column":5}},"loc":{"start":{"line":2,"column":51},"end":{"line":7,"column":5}},"line":2},"1":{"name":"(anonymous_1)","decl":{"start":{"line":10,"column":4},"end":{"line":10,"column":5}},"loc":{"start":{"line":10,"column":45},"end":{"line":12,"column":5}},"line":10}},"branchMap":{},"s":{"0":0,"1":0,"2":0,"3":0,"4":0,"5":0},"f":{"0":0,"1":0},"b":{}}
,"/Users/isaacrodriguez/fiservinventory-app/backend/src/routes/auth.js": {"path":"/Users/isaacrodriguez/fiservinventory-app/backend/src/routes/auth.js","statementMap":{"0":{"start":{"line":1,"column":16},"end":{"line":1,"column":34}},"1":{"start":{"line":2,"column":15},"end":{"line":2,"column":31}},"2":{"start":{"line":3,"column":12},"end":{"line":3,"column":35}},"3":{"start":{"line":4,"column":15},"end":{"line":4,"column":34}},"4":{"start":{"line":5,"column":29},"end":{"line":5,"column":48}},"5":{"start":{"line":6,"column":18},"end":{"line":6,"column":47}},"6":{"start":{"line":9,"column":21},"end":{"line":15,"column":2}},"7":{"start":{"line":18,"column":0},"end":{"line":106,"column":3}},"8":{"start":{"line":19,"column":2},"end":{"line":105,"column":3}},"9":{"start":{"line":20,"column":35},"end":{"line":20,"column":43}},"10":{"start":{"line":21,"column":4},"end":{"line":21,"column":57}},"11":{"start":{"line":22,"column":4},"end":{"line":22,"column":48}},"12":{"start":{"line":24,"column":4},"end":{"line":27,"column":5}},"13":{"start":{"line":25,"column":6},"end":{"line":25,"column":50}},"14":{"start":{"line":26,"column":6},"end":{"line":26,"column":85}},"15":{"start":{"line":30,"column":23},"end":{"line":33,"column":5}},"16":{"start":{"line":35,"column":17},"end":{"line":35,"column":35}},"17":{"start":{"line":36,"column":4},"end":{"line":36,"column":52}},"18":{"start":{"line":37,"column":4},"end":{"line":39,"column":5}},"19":{"start":{"line":38,"column":6},"end":{"line":38,"column":54}},"20":{"start":{"line":41,"column":4},"end":{"line":43,"column":5}},"21":{"start":{"line":42,"column":6},"end":{"line":42,"column":70}},"22":{"start":{"line":46,"column":4},"end":{"line":46,"column":42}},"23":{"start":{"line":47,"column":28},"end":{"line":47,"column":78}},"24":{"start":{"line":48,"column":4},"end":{"line":48,"column":52}},"25":{"start":{"line":50,"column":4},"end":{"line":61,"column":5}},"26":{"start":{"line":52,"column":6},"end":{"line":59,"column":7}},"27":{"start":{"line":53,"column":8},"end":{"line":56,"column":10}},"28":{"start":{"line":58,"column":8},"end":{"line":58,"column":71}},"29":{"start":{"line":60,"column":6},"end":{"line":60,"column":70}},"30":{"start":{"line":64,"column":18},"end":{"line":72,"column":5}},"31":{"start":{"line":75,"column":4},"end":{"line":82,"column":5}},"32":{"start":{"line":76,"column":6},"end":{"line":79,"column":8}},"33":{"start":{"line":81,"column":6},"end":{"line":81,"column":69}},"34":{"start":{"line":85,"column":4},"end":{"line":92,"column":5}},"35":{"start":{"line":86,"column":6},"end":{"line":89,"column":8}},"36":{"start":{"line":91,"column":6},"end":{"line":91,"column":82}},"37":{"start":{"line":94,"column":4},"end":{"line":101,"column":7}},"38":{"start":{"line":103,"column":4},"end":{"line":103,"column":41}},"39":{"start":{"line":104,"column":4},"end":{"line":104,"column":54}},"40":{"start":{"line":109,"column":0},"end":{"line":136,"column":3}},"41":{"start":{"line":110,"column":2},"end":{"line":135,"column":3}},"42":{"start":{"line":111,"column":18},"end":{"line":111,"column":58}},"43":{"start":{"line":113,"column":4},"end":{"line":115,"column":5}},"44":{"start":{"line":114,"column":6},"end":{"line":114,"column":68}},"45":{"start":{"line":117,"column":20},"end":{"line":117,"column":82}},"46":{"start":{"line":120,"column":23},"end":{"line":123,"column":5}},"47":{"start":{"line":125,"column":4},"end":{"line":127,"column":5}},"48":{"start":{"line":126,"column":6},"end":{"line":126,"column":65}},"49":{"start":{"line":129,"column":4},"end":{"line":131,"column":7}},"50":{"start":{"line":133,"column":4},"end":{"line":133,"column":54}},"51":{"start":{"line":134,"column":4},"end":{"line":134,"column":55}},"52":{"start":{"line":139,"column":0},"end":{"line":185,"column":3}},"5
[...]
,"/Users/isaacrodriguez/fiservinventory-app/backend/src/routes/reports.js": {"path":"/Users/isaacrodriguez/fiservinventory-app/backend/src/routes/reports.js","statementMap":{"0":{"start":{"line":2,"column":16},"end":{"line":2,"column":34}},"1":{"start":{"line":3,"column":15},"end":{"line":3,"column":31}},"2":{"start":{"line":4,"column":17},"end":{"line":4,"column":30}},"3":{"start":{"line":6,"column":13},"end":{"line":8,"column":2}},"4":{"start":{"line":10,"column":0},"end":{"line":23,"column":3}},"5":{"start":{"line":11,"column":20},"end":{"line":11,"column":45}},"6":{"start":{"line":13,"column":2},"end":{"line":22,"column":3}},"7":{"start":{"line":14,"column":19},"end":{"line":17,"column":5}},"8":{"start":{"line":18,"column":4},"end":{"line":18,"column":26}},"9":{"start":{"line":20,"column":4},"end":{"line":20,"column":25}},"10":{"start":{"line":21,"column":4},"end":{"line":21,"column":52}},"11":{"start":{"line":25,"column":0},"end":{"line":25,"column":24}}},"fnMap":{"0":{"name":"(anonymous_0)","decl":{"start":{"line":10,"column":25},"end":{"line":10,"column":26}},"loc":{"start":{"line":10,"column":45},"end":{"line":23,"column":1}},"line":10}},"branchMap":{"0":{"loc":{"start":{"line":11,"column":20},"end":{"line":11,"column":45}},"type":"binary-expr","locations":[{"start":{"line":11,"column":20},"end":{"line":11,"column":39}},{"start":{"line":11,"column":43},"end":{"line":11,"column":45}}],"line":11}},"s":{"0":0,"1":0,"2":0,"3":0,"4":0,"5":0,"6":0,"7":0,"8":0,"9":0,"10":0,"11":0},"f":{"0":0},"b":{"0":[0,0]}}
,"/Users/isaacrodriguez/fiservinventory-app/backend/src/routes/transactions.js": {"path":"/Users/isaacrodriguez/fiservinventory-app/backend/src/routes/transactions.js","statementMap":{"0":{"start":{"line":1,"column":16},"end":{"line":1,"column":34}},"1":{"start":{"line":2,"column":15},"end":{"line":2,"column":31}},"2":{"start":{"line":3,"column":17},"end":{"line":3,"column":30}},"3":{"start":{"line":4,"column":17},"end":{"line":4,"column":88}},"4":{"start":{"line":5,"column":13},"end":{"line":5,"column":31}},"5":{"start":{"line":8,"column":0},"end":{"line":46,"column":3}},"6":{"start":{"line":9,"column":2},"end":{"line":45,"column":3}},"7":{"start":{"line":10,"column":35},"end":{"line":10,"column":44}},"8":{"start":{"line":11,"column":16},"end":{"line":24,"column":5}},"9":{"start":{"line":26,"column":19},"end":{"line":26,"column":21}},"10":{"start":{"line":27,"column":4},"end":{"line":36,"column":5}},"11":{"start":{"line":28,"column":6},"end":{"line":31,"column":7}},"12":{"start":{"line":29,"column":8},"end":{"line":29,"column":45}},"13":{"start":{"line":30,"column":8},"end":{"line":30,"column":58}},"14":{"start":{"line":32,"column":6},"end":{"line":35,"column":7}},"15":{"start":{"line":33,"column":8},"end":{"line":33,"column":43}},"16":{"start":{"line":34,"column":8},"end":{"line":34,"column":58}},"17":{"start":{"line":38,"column":4},"end":{"line":38,"column":43}},"18":{"start":{"line":40,"column":19},"end":{"line":40,"column":50}},"19":{"start":{"line":41,"column":4},"end":{"line":41,"column":26}},"20":{"start":{"line":43,"column":4},"end":{"line":43,"column":55}},"21":{"start":{"line":44,"column":4},"end":{"line":44,"column":68}},"22":{"start":{"line":49,"column":0},"end":{"line":86,"column":3}},"23":{"start":{"line":50,"column":62},"end":{"line":50,"column":70}},"24":{"start":{"line":52,"column":2},"end":{"line":85,"column":3}},"25":{"start":{"line":54,"column":4},"end":{"line":54,"column":30}},"26":{"start":{"line":57,"column":27},"end":{"line":57,"column":91}},"27":{"start":{"line":58,"column":25},"end":{"line":61,"column":5}},"28":{"start":{"line":63,"column":4},"end":{"line":66,"column":5}},"29":{"start":{"line":64,"column":6},"end":{"line":64,"column":35}},"30":{"start":{"line":65,"column":6},"end":{"line":65,"column":80}},"31":{"start":{"line":69,"column":19},"end":{"line":77,"column":5}},"32":{"start":{"line":79,"column":4},"end":{"line":79,"column":31}},"33":{"start":{"line":80,"column":4},"end":{"line":80,"column":41}},"34":{"start":{"line":82,"column":4},"end":{"line":82,"column":33}},"35":{"start":{"line":83,"column":4},"end":{"line":83,"column":54}},"36":{"start":{"line":84,"column":4},"end":{"line":84,"column":68}},"37":{"start":{"line":89,"column":0},"end":{"line":113,"column":3}},"38":{"start":{"line":90,"column":17},"end":{"line":90,"column":40}},"39":{"start":{"line":91,"column":2},"end":{"line":112,"column":3}},"40":{"start":{"line":92,"column":19},"end":{"line":107,"column":5}},"41":{"start":{"line":108,"column":4},"end":{"line":108,"column":26}},"42":{"start":{"line":110,"column":4},"end":{"line":110,"column":60}},"43":{"start":{"line":111,"column":4},"end":{"line":111,"column":73}},"44":{"start":{"line":116,"column":0},"end":{"line":140,"column":3}},"45":{"start":{"line":117,"column":20},"end":{"line":117,"column":43}},"46":{"start":{"line":118,"column":2},"end":{"line":139,"column":3}},"47":{"start":{"line":119,"column":19},"end":{"line":134,"column":5}},"48":{"start":{"line":135,"column":4},"end":{"line":135,"column":26}},"49":{"start":{"line":137,"column":4},"end":{"line":137,"column":63}},"50":{"start":{"line":138,"column":4},"end":{"line":138,"column":76}},"51":{"start":{"line":142,"column":0},"end":{"line":142,"column":24}}},"fnMap":{"0":{"name":"(anonymous_0)","decl":{"start":{"line":8,"column":16},"end":{"line":8,"column":17}},"loc":{"start":{"line":8,"column":36},"end":{"line":46,"column":1}},"line":8},"1":{"name":"(anonymous_1)","decl":{"start":{"line":49,"column":17},"end":{"line":49,"column":18}},"loc":{"start":{"line":49,"column":37},"end":{"line":86,"column":1}},"line":49},"2":{"name":"(anonymous_2)","decl":{"start":{"line":89,"column":24},"end":{"line":89,"column":25}},"loc":{"start":{"line":89,"column":44},"end":{"line":113,"column":1}},"line":89},"3":{"name":"(anonymous_3)","decl":{"start":{"line":116,"column":27},"end":{"line":116,"column":28}},"loc":{"start":{"line":116,"column":47},"end":{"line":140,"column":1}},"line":116}},"branchMap":{"0":{"loc":{"start":{"line":4,"column":50},"end":{"line":4,"column":87}},"type":"binary-expr","locations":[{"start":{"line":4,"column":50},"end":{"line":4,"column":70}},{"start":{"line":4,"column":74},"end":{"line":4,"column":87}}],"line":4},"1":{"loc":{"start":{"line":27,"column":4},"end":{"line":36,"column":5}},"type":"if","locations":[{"start":{"line":27,"column":4},"end":{"line":36,"column":5}},{"start":{},"end":{}}],"line":27},"2":{"loc":{"start":{"line":27,"column":8},"end":{"line":27,"column":28}},"type":"binary-expr","locations":[{"start":{"line":27,"column":8},"end":{"line":27,"column":17}},{"start":{"line":27,"column":21},"end":{"line":27,"column":28}}],"line":27},"3":{"loc":{"start":{"line":28,"column":6},"end":{"line":31,"column":7}},"type":"if","locations":[{"start":{"line":28,"column":6},"end":{"line":31,"column":7}},{"start":{},"end":{}}],"line":28},"4":{"loc":{"start":{"line":32,"column":6},"end":{"line":35,"column":7}},"type":"if","locations":[{"start":{"line":32,"column":6},"end":{"line":35,"column":7}},{"start":{},"end":{}}],"line":32},"5":{"loc":{"start":{"line":57,"column":27},"end":{"line":57,"column":91}},"type":"cond-expr","locations":[{"start":{"line":57,"column":58},"end":{"line":57,"column":73}},{"start":{"line":57,"column":76},"end":{"line":57,"column":91}}],"line":57},"6":{"loc":{"start":{"line":63,"column":4},"end":{"line":66,"column":5}},"type":"if","locations":[{"start":{"line":63,"column":4},"end":{"line":66,"column":5}},{"start":{},"end":{}}],"line":63}},"s":{"0":0,"1":0,"2":0,"3":0,"4":0,"5":0,"6":0,"7":0,"8":0,"9":0,"10":0,"11":0,"12":0,"13":0,"14":0,"15":0,"16":0,"17":0,"18":0,"19":0,"20":0,"21":0,"22":0,"23":0,"24":0,"25":0,"26":0,"27":0,"28":0,"29":0,"30":0,"31":0,"32":0,"33":0,"34":0,"35":0,"36":0,"37":0,"38":0,"39":0,"40":0,"41":0,"42":0,"43":0,"44":0,"45":0,"46":0,"47":0,"48":0,"49":0,"50":0,"51":0},"f":{"0":0,"1":0,"2":0,"3":0},"b":{"0":[0,0],"1":[0,0],"2":[0,0],"3":[0,0],"4":[0,0],"5":[0,0],"6":[0,0]}}
,"/Users/isaacrodriguez/fiservinventory-app/backend/src/routes/users.js": {"path":"/Users/isaacrodriguez/fiservinventory-app/backend/src/routes/users.js","statementMap":{"0":{"start":{"line":1,"column":16},"end":{"line":1,"column":34}},"1":{"start":{"line":2,"column":15},"end":{"line":2,"column":31}},"2":{"start":{"line":3,"column":23},"end":{"line":3,"column":66}},"3":{"start":{"line":4,"column":23},"end":{"line":4,"column":62}},"4":{"start":{"line":7,"column":0},"end":{"line":7,"column":50}},"5":{"start":{"line":8,"column":0},"end":{"line":8,"column":44}},"6":{"start":{"line":9,"column":0},"end":{"line":9,"column":66}},"7":{"start":{"line":10,"column":0},"end":{"line":10,"column":69}},"8":{"start":{"line":12,"column":0},"end":{"line":12,"column":24}}},"fnMap":{},"branchMap":{},"s":{"0":0,"1":0,"2":0,"3":0,"4":0,"5":0,"6":0,"7":0,"8":0},"f":{},"b":{}}
,"/Users/isaacrodriguez/fiservinventory-app/backend/src/services/forecastingService.js": {"path":"/Users/isaacrodriguez/fiservinventory-app/backend/src/services/forecastingService.js","statementMap":{"0":{"start":{"line":4,"column":21},"end":{"line":4,"column":54}},"1":{"start":{"line":5,"column":23},"end":{"line":5,"column":60}},"2":{"start":{"line":6,"column":32},"end":{"line":6,"column":80}},"3":{"start":{"line":8,"column":2},"end":{"line":15,"column":4}},"4":{"start":{"line":19,"column":2},"end":{"line":21,"column":3}},"5":{"start":{"line":20,"column":4},"end":{"line":20,"column":47}},"6":{"start":{"line":24,"column":29},"end":{"line":26,"column":3}},"7":{"start":{"line":25,"column":4},"end":{"line":25,"column":51}},"8":{"start":{"line":29,"column":20},"end":{"line":29,"column":62}},"9":{"start":{"line":30,"column":19},"end":{"line":30,"column":89}},"10":{"start":{"line":31,"column":19},"end":{"line":31,"column":65}},"11":{"start":{"line":33,"column":21},"end":{"line":35,"column":3}},"12":{"start":{"line":34,"column":4},"end":{"line":34,"column":49}},"13":{"start":{"line":37,"column":16},"end":{"line":37,"column":56}},"14":{"start":{"line":39,"column":2},"end":{"line":43,"column":4}},"15":{"start":{"line":47,"column":2},"end":{"line":47,"column":42}},"16":{"start":{"line":47,"column":30},"end":{"line":47,"column":42}},"17":{"start":{"line":49,"column":28},"end":{"line":49,"column":65}},"18":{"start":{"line":50,"column":2},"end":{"line":50,"column":57}},"19":{"start":{"line":55,"column":27},"end":{"line":55,"column":83}},"20":{"start":{"line":56,"column":24},"end":{"line":56,"column":69}},"21":{"start":{"line":58,"column":2},"end":{"line":61,"column":4}},"22":{"start":{"line":64,"column":0},"end":{"line":66,"column":2}}},"fnMap":{"0":{"name":"predictLowStock","decl":{"start":{"line":2,"column":9},"end":{"line":2,"column":24}},"loc":{"start":{"line":2,"column":45},"end":{"line":16,"column":1}},"line":2},"1":{"name":"calculateUsageRates","decl":{"start":{"line":18,"column":9},"end":{"line":18,"column":28}},"loc":{"start":{"line":18,"column":43},"end":{"line":44,"column":1}},"line":18},"2":{"name":"(anonymous_2)","decl":{"start":{"line":24,"column":47},"end":{"line":24,"column":48}},"loc":{"start":{"line":25,"column":4},"end":{"line":25,"column":51}},"line":25},"3":{"name":"(anonymous_3)","decl":{"start":{"line":33,"column":47},"end":{"line":33,"column":48}},"loc":{"start":{"line":34,"column":4},"end":{"line":34,"column":49}},"line":34},"4":{"name":"predictDaysUntilLow","decl":{"start":{"line":46,"column":9},"end":{"line":46,"column":28}},"loc":{"start":{"line":46,"column":47},"end":{"line":51,"column":1}},"line":46},"5":{"name":"calculateRestockRecommendation","decl":{"start":{"line":53,"column":9},"end":{"line":53,"column":39}},"loc":{"start":{"line":53,"column":58},"end":{"line":62,"column":1}},"line":53}},"branchMap":{"0":{"loc":{"start":{"line":19,"column":2},"end":{"line":21,"column":3}},"type":"if","locations":[{"start":{"line":19,"column":2},"end":{"line":21,"column":3}},{"start":{},"end":{}}],"line":19},"1":{"loc":{"start":{"line":19,"column":6},"end":{"line":19,"column":46}},"type":"binary-expr","locations":[{"start":{"line":19,"column":6},"end":{"line":19,"column":19}},{"start":{"line":19,"column":23},"end":{"line":19,"column":46}}],"line":19},"2":{"loc":{"start":{"line":34,"column":11},"end":{"line":34,"column":48}},"type":"cond-expr","locations":[{"start":{"line":34,"column":34},"end":{"line":34,"column":44}},{"start":{"line":34,"column":47},"end":{"line":34,"column":48}}],"line":34},"3":{"loc":{"start":{"line":37,"column":16},"end":{"line":37,"column":56}},"type":"cond-expr","locations":[{"start":{"line":37,"column":31},"end":{"line":37,"column":52}},{"start":{"line":37,"column":55},"end":{"line":37,"column":56}}],"line":37},"4":{"loc":{"start":{"line":47,"column":2},"end":{"line":47,"column":42}},"type":"if","locations":[{"start":{"line":47,"column":2},"end":{"line":47,"column":42}},{"start":{},"end":{}}],"line":47}},"s":{"0":0,"1":0,"2":0,"3":0,"4":0,"5":0,"6":0,"7":0,"8":0,"9":0,"10":0,"11":0,"12":0,"13":0,"14":0,"15":0,"16":0,"17":0,"18":0,"19":0,"20":0,"21":0,"22":0},"f":{"0":0,"1":0,"2":0,"3":0,"4":0,"5":0},"b":{"0":[0,0],"1":[0,0],"2":[0,0],"3":[0,0],"4":[0,0]}}
,"/Users/isaacrodriguez/fiservinventory-app/backend/src/services/partService.js": {"path":"/Users/isaacrodriguez/fiservinventory-app/backend/src/services/partService.js","statementMap":{"0":{"start":{"line":6,"column":21},"end":{"line":28,"column":1}},"1":{"start":{"line":7,"column":4},"end":{"line":7,"column":28}},"2":{"start":{"line":7,"column":15},"end":{"line":7,"column":28}},"3":{"start":{"line":10,"column":4},"end":{"line":12,"column":5}},"4":{"start":{"line":11,"column":8},"end":{"line":11,"column":21}},"5":{"start":{"line":14,"column":4},"end":{"line":16,"column":5}},"6":{"start":{"line":15,"column":8},"end":{"line":15,"column":21}},"7":{"start":{"line":19,"column":4},"end":{"line":21,"column":5}},"8":{"start":{"line":20,"column":8},"end":{"line":20,"column":21}},"9":{"start":{"line":23,"column":4},"end":{"line":25,"column":5}},"10":{"start":{"line":24,"column":8},"end":{"line":24,"column":21}},"11":{"start":{"line":27,"column":4},"end":{"line":27,"column":16}},"12":{"start":{"line":35,"column":32},"end":{"line":42,"column":1}},"13":{"start":{"line":36,"column":4},"end":{"line":36,"column":40}},"14":{"start":{"line":36,"column":31},"end":{"line":36,"column":40}},"15":{"start":{"line":38,"column":4},"end":{"line":41,"column":10}},"16":{"start":{"line":39,"column":8},"end":{"line":39,"column":56}},"17":{"start":{"line":39,"column":43},"end":{"line":39,"column":56}},"18":{"start":{"line":40,"column":8},"end":{"line":40,"column":52}},"19":{"start":{"line":44,"column":0},"end":{"line":47,"column":2}}},"fnMap":{"0":{"name":"(anonymous_0)","decl":{"start":{"line":6,"column":21},"end":{"line":6,"column":22}},"loc":{"start":{"line":6,"column":31},"end":{"line":28,"column":1}},"line":6},"1":{"name":"(anonymous_1)","decl":{"start":{"line":35,"column":32},"end":{"line":35,"column":33}},"loc":{"start":{"line":35,"column":43},"end":{"line":42,"column":1}},"line":35},"2":{"name":"(anonymous_2)","decl":{"start":{"line":38,"column":24},"end":{"line":38,"column":25}},"loc":{"start":{"line":38,"column":41},"end":{"line":41,"column":5}},"line":38}},"branchMap":{"0":{"loc":{"start":{"line":7,"column":4},"end":{"line":7,"column":28}},"type":"if","locations":[{"start":{"line":7,"column":4},"end":{"line":7,"column":28}},{"start":{},"end":{}}],"line":7},"1":{"loc":{"start":{"line":10,"column":4},"end":{"line":12,"column":5}},"type":"if","locations":[{"start":{"line":10,"column":4},"end":{"line":12,"column":5}},{"start":{},"end":{}}],"line":10},"2":{"loc":{"start":{"line":10,"column":8},"end":{"line":10,"column":78}},"type":"binary-expr","locations":[{"start":{"line":10,"column":8},"end":{"line":10,"column":18}},{"start":{"line":10,"column":22},"end":{"line":10,"column":51}},{"start":{"line":10,"column":55},"end":{"line":10,"column":78}}],"line":10},"3":{"loc":{"start":{"line":14,"column":4},"end":{"line":16,"column":5}},"type":"if","locations":[{"start":{"line":14,"column":4},"end":{"line":16,"column":5}},{"start":{},"end":{}}],"line":14},"4":{"loc":{"start":{"line":14,"column":8},"end":{"line":14,"column":62}},"type":"binary-expr","locations":[{"start":{"line":14,"column":8},"end":{"line":14,"column":41}},{"start":{"line":14,"column":45},"end":{"line":14,"column":62}}],"line":14},"5":{"loc":{"start":{"line":19,"column":4},"end":{"line":21,"column":5}},"type":"if","locations":[{"start":{"line":19,"column":4},"end":{"line":21,"column":5}},{"start":{},"end":{}}],"line":19},"6":{"loc":{"start":{"line":19,"column":8},"end":{"line":19,"column":90}},"type":"binary-expr","locations":[{"start":{"line":19,"column":8},"end":{"line":19,"column":37}},{"start":{"line":19,"column":41},"end":{"line":19,"column":90}}],"line":19},"7":{"loc":{"start":{"line":23,"column":4},"end":{"line":25,"column":5}},"type":"if","locations":[{"start":{"line":23,"column":4},"end":{"line":25,"column":5}},{"start":{},"end":{}}],"line":23},"8":{"loc":{"start":{"line":23,"column":8},"end":{"line":23,"column":78}},"type":"binary-expr","locations":[{"start":{"line":23,"column":8},"end":{"line":23,"column":31}},{"start":{"line":23,"column":35},"end":{"line":23,"column":78}}],"line":23},"9":{"loc":{"start":{"line":36,"column":4},"end":{"line":36,"column":40}},"type":"if","locations":[{"start":{"line":36,"column":4},"end":{"line":36,"column":40}},{"start":{},"end":{}}],"line":36},"10":{"loc":{"start":{"line":39,"column":8},"end":{"line":39,"column":56}},"type":"if","locations":[{"start":{"line":39,"column":8},"end":{"line":39,"column":56}},{"start":{},"end":{}}],"line":39},"11":{"loc":{"start":{"line":39,"column":12},"end":{"line":39,"column":41}},"type":"binary-expr","locations":[{"start":{"line":39,"column":12},"end":{"line":39,"column":26}},{"start":{"line":39,"column":30},"end":{"line":39,"column":41}}],"line":39}},"s":{"0":1,"1":4,"2":1,"3":3,"4":1,"5":2,"6":0,"7":2,"8":1,"9":1,"10":0,"11":1,"12":1,"13":4,"14":1,"15":3,"16":6,"17":2,"18":4,"19":1},"f":{"0":4,"1":4,"2":6},"b":{"0":[1,3],"1":[1,2],"2":[3,2,2],"3":[0,2],"4":[2,2],"5":[1,1],"6":[2,2],"7":[0,1],"8":[1,1],"9":[1,3],"10":[2,4],"11":[6,5]},"_coverageSchema":"1a1c01bbd47fc00a2c39e90264f33305004495a9","hash":"e0ecfa4608f790bfb51d46f79d5586cadf7b2061"}
,"/Users/isaacrodriguez/fiservinventory-app/backend/src/utils/logger.js": {"path":"/Users/isaacrodriguez/fiservinventory-app/backend/src/utils/logger.js","statementMap":{"0":{"start":{"line":1,"column":16},"end":{"line":1,"column":34}},"1":{"start":{"line":4,"column":18},"end":{"line":7,"column":1}},"2":{"start":{"line":10,"column":15},"end":{"line":21,"column":2}},"3":{"start":{"line":24,"column":0},"end":{"line":32,"column":1}},"4":{"start":{"line":25,"column":2},"end":{"line":28,"column":6}},"5":{"start":{"line":29,"column":2},"end":{"line":31,"column":6}},"6":{"start":{"line":34,"column":0},"end":{"line":34,"column":28}}},"fnMap":{},"branchMap":{"0":{"loc":{"start":{"line":11,"column":9},"end":{"line":11,"column":40}},"type":"binary-expr","locations":[{"start":{"line":11,"column":9},"end":{"line":11,"column":30}},{"start":{"line":11,"column":34},"end":{"line":11,"column":40}}],"line":11},"1":{"loc":{"start":{"line":24,"column":0},"end":{"line":32,"column":1}},"type":"if","locations":[{"start":{"line":24,"column":0},"end":{"line":32,"column":1}},{"start":{},"end":{}}],"line":24}},"s":{"0":0,"1":0,"2":0,"3":0,"4":0,"5":0,"6":0},"f":{},"b":{"0":[0,0],"1":[0,0]}}
}
