TN:
SF:src\app.js
FN:34,(anonymous_0)
FN:45,(anonymous_1)
FNF:2
FNH:0
FNDA:0,(anonymous_0)
FNDA:0,(anonymous_1)
DA:1,0
DA:2,0
DA:3,0
DA:4,0
DA:5,0
DA:7,0
DA:10,0
DA:11,0
DA:12,0
DA:13,0
DA:16,0
DA:17,0
DA:18,0
DA:19,0
DA:20,0
DA:21,0
DA:22,0
DA:25,0
DA:26,0
DA:27,0
DA:28,0
DA:29,0
DA:30,0
DA:31,0
DA:34,0
DA:35,0
DA:36,0
DA:40,0
DA:42,0
DA:45,0
DA:46,0
DA:57,0
LF:32
LH:0
BRDA:40,0,0,0
BRDA:40,0,1,0
BRF:2
BRH:0
end_of_record
TN:
SF:src\db.js
FN:35,(anonymous_0)
FNF:1
FNH:0
FNDA:0,(anonymous_0)
DA:1,0
DA:2,0
DA:5,0
DA:6,0
DA:10,0
DA:20,0
DA:21,0
DA:22,0
DA:26,0
DA:35,0
DA:37,0
DA:38,0
DA:46,0
LF:13
LH:0
BRDA:5,0,0,0
BRDA:5,0,1,0
BRDA:5,1,0,0
BRDA:5,1,1,0
BRDA:13,2,0,0
BRDA:13,2,1,0
BRDA:14,3,0,0
BRDA:14,3,1,0
BRDA:15,4,0,0
BRDA:15,4,1,0
BRDA:16,5,0,0
BRDA:16,5,1,0
BRDA:20,6,0,0
BRDA:20,6,1,0
BRDA:28,7,0,0
BRDA:28,7,1,0
BRDA:29,8,0,0
BRDA:29,8,1,0
BRDA:30,9,0,0
BRDA:30,9,1,0
BRDA:31,10,0,0
BRDA:31,10,1,0
BRDA:35,11,0,0
BRDA:35,11,1,0
BRDA:46,12,0,0
BRDA:46,12,1,0
BRF:26
BRH:0
end_of_record
TN:
SF:src\swagger.js
FNF:0
FNH:0
DA:1,0
DA:3,0
DA:14,0
DA:16,0
LF:4
LH:0
BRF:0
BRH:0
end_of_record
TN:
SF:src\test-email-processing.js
FN:5,testEmailProcessing
FN:49,(anonymous_1)
FN:59,(anonymous_2)
FN:80,(anonymous_3)
FNF:4
FNH:0
FNDA:0,testEmailProcessing
FNDA:0,(anonymous_1)
FNDA:0,(anonymous_2)
FNDA:0,(anonymous_3)
DA:2,0
DA:3,0
DA:6,0
DA:9,0
DA:16,0
DA:19,0
DA:20,0
DA:22,0
DA:23,0
DA:24,0
DA:27,0
DA:28,0
DA:31,0
DA:34,0
DA:35,0
DA:36,0
DA:38,0
DA:39,0
DA:42,0
DA:49,0
DA:52,0
DA:58,0
DA:59,0
DA:60,0
DA:61,0
DA:64,0
DA:66,0
DA:67,0
DA:68,0
DA:71,0
DA:74,0
DA:77,0
DA:78,0
DA:80,0
DA:83,0
DA:84,0
DA:85,0
DA:86,0
DA:87,0
DA:90,0
DA:91,0
DA:92,0
DA:98,0
DA:100,0
DA:104,0
LF:45
LH:0
BRDA:22,0,0,0
BRDA:22,0,1,0
BRDA:35,1,0,0
BRDA:35,1,1,0
BRDA:52,2,0,0
BRDA:52,2,1,0
BRDA:52,2,2,0
BRDA:52,2,3,0
BRDA:52,2,4,0
BRDA:52,2,5,0
BRDA:66,3,0,0
BRDA:66,3,1,0
BRDA:66,4,0,0
BRDA:66,4,1,0
BRDA:66,4,2,0
BRDA:78,5,0,0
BRDA:78,5,1,0
BRF:17
BRH:0
end_of_record
TN:
SF:src\__tests__\setup.js
FN:10,(anonymous_0)
FN:15,(anonymous_1)
FNF:2
FNH:0
FNDA:0,(anonymous_0)
FNDA:0,(anonymous_1)
DA:1,0
DA:2,0
DA:3,0
DA:4,0
DA:5,0
DA:6,0
DA:7,0
DA:10,0
DA:15,0
LF:9
LH:0
BRF:0
BRH:0
end_of_record
TN:
SF:src\config\database.js
FNF:0
FNH:0
DA:1,0
DA:3,0
LF:2
LH:0
BRDA:5,0,0,0
BRDA:5,0,1,0
BRDA:6,1,0,0
BRDA:6,1,1,0
BRDA:7,2,0,0
BRDA:7,2,1,0
BRDA:8,3,0,0
BRDA:8,3,1,0
BRDA:9,4,0,0
BRDA:9,4,1,0
BRF:10
BRH:0
end_of_record
TN:
SF:src\config\db.js
FNF:0
FNH:0
LF:0
LH:0
BRF:0
BRH:0
end_of_record
TN:
SF:src\controllers\AuthController.js
FN:6,(anonymous_0)
FN:68,(anonymous_1)
FN:116,(anonymous_2)
FNF:3
FNH:3
FNDA:3,(anonymous_0)
FNDA:3,(anonymous_1)
FNDA:2,(anonymous_2)
DA:1,1
DA:2,1
DA:3,1
DA:7,3
DA:9,3
DA:11,3
DA:16,3
DA:17,0
DA:21,3
DA:22,3
DA:24,3
DA:25,1
DA:31,2
DA:32,2
DA:35,2
DA:40,2
DA:43,2
DA:53,2
DA:63,0
DA:64,0
DA:69,3
DA:71,3
DA:73,3
DA:78,3
DA:79,1
DA:82,2
DA:85,2
DA:86,2
DA:87,1
DA:91,1
DA:101,1
DA:111,0
DA:112,0
DA:117,2
DA:119,2
DA:120,0
DA:123,2
DA:124,2
DA:125,1
DA:130,1
DA:131,0
DA:134,1
DA:136,1
DA:137,1
DA:142,1
LF:45
LH:38
BRDA:16,0,0,0
BRDA:16,0,1,3
BRDA:22,1,0,2
BRDA:22,1,1,1
BRDA:24,2,0,1
BRDA:24,2,1,2
BRDA:24,3,0,3
BRDA:24,3,1,2
BRDA:49,4,0,2
BRDA:49,4,1,2
BRDA:78,5,0,1
BRDA:78,5,1,2
BRDA:86,6,0,1
BRDA:86,6,1,1
BRDA:97,7,0,1
BRDA:97,7,1,1
BRDA:119,8,0,0
BRDA:119,8,1,2
BRDA:124,9,0,2
BRDA:124,9,1,2
BRDA:130,10,0,0
BRDA:130,10,1,1
BRF:22
BRH:19
end_of_record
TN:
SF:src\controllers\MachineController.js
FN:4,(anonymous_0)
FN:13,(anonymous_1)
FN:46,(anonymous_2)
FN:118,(anonymous_3)
FN:131,(anonymous_4)
FN:213,(anonymous_5)
FNF:6
FNH:0
FNDA:0,(anonymous_0)
FNDA:0,(anonymous_1)
FNDA:0,(anonymous_2)
FNDA:0,(anonymous_3)
FNDA:0,(anonymous_4)
FNDA:0,(anonymous_5)
DA:1,0
DA:6,0
DA:7,0
DA:8,0
DA:9,0
DA:10,0
DA:14,0
DA:15,0
DA:17,0
DA:18,0
DA:19,0
DA:22,0
DA:23,0
DA:24,0
DA:29,0
DA:31,0
DA:32,0
DA:33,0
DA:36,0
DA:38,0
DA:39,0
DA:47,0
DA:59,0
DA:61,0
DA:62,0
DA:65,0
DA:67,0
DA:72,0
DA:73,0
DA:77,0
DA:107,0
DA:108,0
DA:110,0
DA:111,0
DA:119,0
DA:120,0
DA:121,0
DA:123,0
DA:124,0
DA:132,0
DA:145,0
DA:147,0
DA:148,0
DA:149,0
DA:152,0
DA:153,0
DA:166,0
DA:195,0
DA:196,0
DA:198,0
DA:205,0
DA:214,0
DA:215,0
DA:217,0
DA:219,0
DA:224,0
DA:225,0
DA:226,0
DA:233,0
DA:238,0
DA:239,0
DA:240,0
DA:246,0
DA:247,0
DA:252,0
DA:259,0
DA:268,0
LF:67
LH:0
BRDA:17,0,0,0
BRDA:17,0,1,0
BRDA:31,1,0,0
BRDA:31,1,1,0
BRDA:61,2,0,0
BRDA:61,2,1,0
BRDA:72,3,0,0
BRDA:72,3,1,0
BRDA:147,4,0,0
BRDA:147,4,1,0
BRDA:188,5,0,0
BRDA:188,5,1,0
BRDA:189,6,0,0
BRDA:189,6,1,0
BRDA:190,7,0,0
BRDA:190,7,1,0
BRDA:224,8,0,0
BRDA:224,8,1,0
BRDA:238,9,0,0
BRDA:238,9,1,0
BRF:20
BRH:0
end_of_record
TN:
SF:src\controllers\PartController.js
FN:7,(anonymous_0)
FN:12,(anonymous_1)
FN:30,(anonymous_2)
FN:109,(anonymous_3)
FN:215,(anonymous_4)
FN:250,(anonymous_5)
FN:271,(anonymous_6)
FN:301,(anonymous_7)
FN:393,(anonymous_8)
FN:455,(anonymous_9)
FN:534,(anonymous_10)
FN:558,(anonymous_11)
FN:586,(anonymous_12)
FN:671,(anonymous_13)
FN:737,(anonymous_14)
FN:808,(anonymous_15)
FNF:16
FNH:0
FNDA:0,(anonymous_0)
FNDA:0,(anonymous_1)
FNDA:0,(anonymous_2)
FNDA:0,(anonymous_3)
FNDA:0,(anonymous_4)
FNDA:0,(anonymous_5)
FNDA:0,(anonymous_6)
FNDA:0,(anonymous_7)
FNDA:0,(anonymous_8)
FNDA:0,(anonymous_9)
FNDA:0,(anonymous_10)
FNDA:0,(anonymous_11)
FNDA:0,(anonymous_12)
FNDA:0,(anonymous_13)
FNDA:0,(anonymous_14)
FNDA:0,(anonymous_15)
DA:1,0
DA:2,0
DA:3,0
DA:4,0
DA:8,0
DA:9,0
DA:13,0
DA:15,0
DA:23,0
DA:25,0
DA:26,0
DA:31,0
DA:32,0
DA:33,0
DA:49,0
DA:51,0
DA:52,0
DA:53,0
DA:56,0
DA:77,0
DA:80,0
DA:81,0
DA:88,0
DA:91,0
DA:99,0
DA:101,0
DA:102,0
DA:103,0
DA:105,0
DA:110,0
DA:111,0
DA:112,0
DA:115,0
DA:129,0
DA:131,0
DA:132,0
DA:133,0
DA:136,0
DA:158,0
DA:159,0
DA:160,0
DA:164,0
DA:166,0
DA:172,0
DA:177,0
DA:179,0
DA:186,0
DA:194,0
DA:197,0
DA:205,0
DA:207,0
DA:208,0
DA:209,0
DA:211,0
DA:216,0
DA:217,0
DA:219,0
DA:227,0
DA:228,0
DA:232,0
DA:240,0
DA:241,0
DA:243,0
DA:245,0
DA:246,0
DA:251,0
DA:252,0
DA:254,0
DA:259,0
DA:260,0
DA:263,0
DA:265,0
DA:266,0
DA:272,0
DA:273,0
DA:275,0
DA:280,0
DA:281,0
DA:285,0
DA:293,0
DA:295,0
DA:296,0
DA:302,0
DA:310,0
DA:312,0
DA:313,0
DA:314,0
DA:317,0
DA:322,0
DA:323,0
DA:324,0
DA:328,0
DA:333,0
DA:334,0
DA:335,0
DA:339,0
DA:344,0
DA:345,0
DA:346,0
DA:350,0
DA:351,0
DA:358,0
DA:365,0
DA:366,0
DA:372,0
DA:375,0
DA:382,0
DA:384,0
DA:385,0
DA:386,0
DA:388,0
DA:394,0
DA:401,0
DA:403,0
DA:404,0
DA:405,0
DA:408,0
DA:413,0
DA:414,0
DA:415,0
DA:419,0
DA:420,0
DA:427,0
DA:434,0
DA:437,0
DA:444,0
DA:446,0
DA:447,0
DA:448,0
DA:450,0
DA:456,0
DA:458,0
DA:459,0
DA:460,0
DA:463,0
DA:468,0
DA:469,0
DA:470,0
DA:474,0
DA:479,0
DA:480,0
DA:481,0
DA:487,0
DA:489,0
DA:494,0
DA:496,0
DA:497,0
DA:503,0
DA:509,0
DA:517,0
DA:522,0
DA:523,0
DA:525,0
DA:526,0
DA:527,0
DA:529,0
DA:535,0
DA:536,0
DA:550,0
DA:552,0
DA:553,0
DA:559,0
DA:561,0
DA:563,0
DA:565,0
DA:566,0
DA:570,0
DA:578,0
DA:580,0
DA:581,0
DA:587,0
DA:588,0
DA:590,0
DA:591,0
DA:594,0
DA:596,0
DA:597,0
DA:600,0
DA:602,0
DA:603,0
DA:604,0
DA:608,0
DA:610,0
DA:611,0
DA:612,0
DA:616,0
DA:621,0
DA:622,0
DA:623,0
DA:627,0
DA:628,0
DA:635,0
DA:651,0
DA:652,0
DA:658,0
DA:660,0
DA:662,0
DA:663,0
DA:664,0
DA:666,0
DA:672,0
DA:673,0
DA:674,0
DA:676,0
DA:678,0
DA:679,0
DA:682,0
DA:687,0
DA:688,0
DA:689,0
DA:693,0
DA:694,0
DA:701,0
DA:717,0
DA:718,0
DA:724,0
DA:726,0
DA:728,0
DA:729,0
DA:730,0
DA:732,0
DA:738,0
DA:739,0
DA:741,0
DA:743,0
DA:744,0
DA:747,0
DA:752,0
DA:753,0
DA:754,0
DA:758,0
DA:761,0
DA:767,0
DA:768,0
DA:773,0
DA:775,0
DA:776,0
DA:782,0
DA:788,0
DA:795,0
DA:797,0
DA:799,0
DA:800,0
DA:801,0
DA:803,0
DA:809,0
DA:810,0
DA:812,0
DA:814,0
DA:815,0
DA:818,0
DA:823,0
DA:824,0
DA:825,0
DA:829,0
DA:835,0
DA:843,0
DA:848,0
DA:850,0
DA:852,0
DA:853,0
DA:854,0
DA:856,0
DA:861,0
LF:264
LH:0
BRDA:32,0,0,0
BRDA:32,0,1,0
BRDA:70,1,0,0
BRDA:70,1,1,0
BRDA:71,2,0,0
BRDA:71,2,1,0
BRDA:72,3,0,0
BRDA:72,3,1,0
BRDA:80,4,0,0
BRDA:80,4,1,0
BRDA:84,5,0,0
BRDA:84,5,1,0
BRDA:111,6,0,0
BRDA:111,6,1,0
BRDA:158,7,0,0
BRDA:158,7,1,0
BRDA:164,8,0,0
BRDA:164,8,1,0
BRDA:177,9,0,0
BRDA:177,9,1,0
BRDA:227,10,0,0
BRDA:227,10,1,0
BRDA:259,11,0,0
BRDA:259,11,1,0
BRDA:280,12,0,0
BRDA:280,12,1,0
BRDA:305,13,0,0
BRDA:322,14,0,0
BRDA:322,14,1,0
BRDA:333,15,0,0
BRDA:333,15,1,0
BRDA:344,16,0,0
BRDA:344,16,1,0
BRDA:350,17,0,0
BRDA:350,17,1,0
BRDA:361,18,0,0
BRDA:361,18,1,0
BRDA:365,19,0,0
BRDA:365,19,1,0
BRDA:365,20,0,0
BRDA:365,20,1,0
BRDA:396,21,0,0
BRDA:413,22,0,0
BRDA:413,22,1,0
BRDA:419,23,0,0
BRDA:419,23,1,0
BRDA:468,24,0,0
BRDA:468,24,1,0
BRDA:479,25,0,0
BRDA:479,25,1,0
BRDA:487,26,0,0
BRDA:487,26,1,0
BRDA:494,27,0,0
BRDA:494,27,1,0
BRDA:565,28,0,0
BRDA:565,28,1,0
BRDA:590,29,0,0
BRDA:590,29,1,0
BRDA:590,30,0,0
BRDA:590,30,1,0
BRDA:602,31,0,0
BRDA:602,31,1,0
BRDA:610,32,0,0
BRDA:610,32,1,0
BRDA:621,33,0,0
BRDA:621,33,1,0
BRDA:627,34,0,0
BRDA:627,34,1,0
BRDA:644,35,0,0
BRDA:644,35,1,0
BRDA:645,36,0,0
BRDA:645,36,1,0
BRDA:646,37,0,0
BRDA:646,37,1,0
BRDA:647,38,0,0
BRDA:647,38,1,0
BRDA:651,39,0,0
BRDA:651,39,1,0
BRDA:651,40,0,0
BRDA:651,40,1,0
BRDA:687,41,0,0
BRDA:687,41,1,0
BRDA:693,42,0,0
BRDA:693,42,1,0
BRDA:710,43,0,0
BRDA:710,43,1,0
BRDA:711,44,0,0
BRDA:711,44,1,0
BRDA:712,45,0,0
BRDA:712,45,1,0
BRDA:713,46,0,0
BRDA:713,46,1,0
BRDA:717,47,0,0
BRDA:717,47,1,0
BRDA:752,48,0,0
BRDA:752,48,1,0
BRDA:767,49,0,0
BRDA:767,49,1,0
BRDA:773,50,0,0
BRDA:773,50,1,0
BRDA:823,51,0,0
BRDA:823,51,1,0
BRF:102
BRH:0
end_of_record
TN:
SF:src\controllers\PartsUsageController.js
FN:7,(anonymous_0)
FN:11,(anonymous_1)
FN:113,(anonymous_2)
FN:157,(anonymous_3)
FN:200,(anonymous_4)
FNF:5
FNH:0
FNDA:0,(anonymous_0)
FNDA:0,(anonymous_1)
FNDA:0,(anonymous_2)
FNDA:0,(anonymous_3)
FNDA:0,(anonymous_4)
DA:1,0
DA:2,0
DA:3,0
DA:4,0
DA:8,0
DA:19,0
DA:21,0
DA:23,0
DA:28,0
DA:29,0
DA:32,0
DA:33,0
DA:34,0
DA:35,0
DA:43,0
DA:46,0
DA:62,0
DA:63,0
DA:68,0
DA:71,0
DA:73,0
DA:81,0
DA:85,0
DA:87,0
DA:96,0
DA:103,0
DA:105,0
DA:107,0
DA:108,0
DA:109,0
DA:114,0
DA:115,0
DA:129,0
DA:131,0
DA:132,0
DA:133,0
DA:136,0
DA:137,0
DA:138,0
DA:141,0
DA:143,0
DA:144,0
DA:145,0
DA:147,0
DA:149,0
DA:150,0
DA:158,0
DA:159,0
DA:172,0
DA:174,0
DA:175,0
DA:176,0
DA:179,0
DA:180,0
DA:181,0
DA:184,0
DA:186,0
DA:188,0
DA:189,0
DA:191,0
DA:200,0
DA:201,0
DA:208,0
DA:209,0
DA:216,0
DA:220,0
DA:226,0
DA:227,0
DA:229,0
DA:230,0
DA:238,0
LF:71
LH:0
BRDA:28,0,0,0
BRDA:28,0,1,0
BRDA:34,1,0,0
BRDA:34,1,1,0
BRDA:71,2,0,0
BRDA:71,2,1,0
BRDA:85,3,0,0
BRDA:85,3,1,0
BRDA:131,4,0,0
BRDA:131,4,1,0
BRDA:136,5,0,0
BRDA:136,5,1,0
BRDA:174,6,0,0
BRDA:174,6,1,0
BRDA:179,7,0,0
BRDA:179,7,1,0
BRF:16
BRH:0
end_of_record
TN:
SF:src\controllers\PurchaseOrderController.js
FN:8,(anonymous_0)
FN:16,(anonymous_1)
FN:37,(anonymous_2)
FN:88,(anonymous_3)
FN:219,(anonymous_4)
FN:258,(anonymous_5)
FN:289,(anonymous_6)
FN:505,(anonymous_7)
FN:617,(anonymous_8)
FN:1185,(anonymous_9)
FN:1210,(anonymous_10)
FN:1236,(anonymous_11)
FN:1364,(anonymous_12)
FN:1448,(anonymous_13)
FN:1538,(anonymous_14)
FNF:15
FNH:0
FNDA:0,(anonymous_0)
FNDA:0,(anonymous_1)
FNDA:0,(anonymous_2)
FNDA:0,(anonymous_3)
FNDA:0,(anonymous_4)
FNDA:0,(anonymous_5)
FNDA:0,(anonymous_6)
FNDA:0,(anonymous_7)
FNDA:0,(anonymous_8)
FNDA:0,(anonymous_9)
FNDA:0,(anonymous_10)
FNDA:0,(anonymous_11)
FNDA:0,(anonymous_12)
FNDA:0,(anonymous_13)
FNDA:0,(anonymous_14)
DA:1,0
DA:2,0
DA:3,0
DA:4,0
DA:5,0
DA:10,0
DA:13,0
DA:17,0
DA:18,0
DA:29,0
DA:30,0
DA:32,0
DA:33,0
DA:38,0
DA:40,0
DA:41,0
DA:48,0
DA:49,0
DA:53,0
DA:61,0
DA:67,0
DA:68,0
DA:69,0
DA:72,0
DA:73,0
DA:74,0
DA:76,0
DA:77,0
DA:78,0
DA:81,0
DA:83,0
DA:84,0
DA:89,0
DA:90,0
DA:91,0
DA:101,0
DA:104,0
DA:105,0
DA:106,0
DA:111,0
DA:113,0
DA:118,0
DA:119,0
DA:122,0
DA:125,0
DA:126,0
DA:129,0
DA:134,0
DA:135,0
DA:137,0
DA:138,0
DA:139,0
DA:142,0
DA:146,0
DA:147,0
DA:149,0
DA:150,0
DA:151,0
DA:153,0
DA:155,0
DA:159,0
DA:160,0
DA:163,0
DA:173,0
DA:185,0
DA:187,0
DA:190,0
DA:191,0
DA:204,0
DA:207,0
DA:209,0
DA:211,0
DA:212,0
DA:213,0
DA:215,0
DA:220,0
DA:227,0
DA:228,0
DA:231,0
DA:234,0
DA:241,0
DA:244,0
DA:245,0
DA:250,0
DA:251,0
DA:255,0
DA:259,0
DA:260,0
DA:261,0
DA:264,0
DA:265,0
DA:267,0
DA:268,0
DA:278,0
DA:279,0
DA:282,0
DA:284,0
DA:285,0
DA:290,0
DA:291,0
DA:292,0
DA:295,0
DA:300,0
DA:301,0
DA:306,0
DA:309,0
DA:311,0
DA:312,0
DA:314,0
DA:315,0
DA:318,0
DA:319,0
DA:322,0
DA:323,0
DA:326,0
DA:327,0
DA:331,0
DA:332,0
DA:335,0
DA:338,0
DA:339,0
DA:342,0
DA:347,0
DA:349,0
DA:350,0
DA:353,0
DA:354,0
DA:357,0
DA:358,0
DA:359,0
DA:360,0
DA:363,0
DA:364,0
DA:365,0
DA:366,0
DA:369,0
DA:373,0
DA:375,0
DA:376,0
DA:377,0
DA:380,0
DA:381,0
DA:382,0
DA:383,0
DA:386,0
DA:387,0
DA:388,0
DA:389,0
DA:393,0
DA:394,0
DA:395,0
DA:396,0
DA:397,0
DA:401,0
DA:402,0
DA:403,0
DA:404,0
DA:405,0
DA:409,0
DA:410,0
DA:411,0
DA:412,0
DA:413,0
DA:417,0
DA:420,0
DA:423,0
DA:425,0
DA:432,0
DA:433,0
DA:438,0
DA:443,0
DA:446,0
DA:447,0
DA:450,0
DA:452,0
DA:453,0
DA:456,0
DA:457,0
DA:460,0
DA:461,0
DA:462,0
DA:463,0
DA:466,0
DA:467,0
DA:468,0
DA:469,0
DA:472,0
DA:475,0
DA:482,0
DA:483,0
DA:488,0
DA:494,0
DA:498,0
DA:499,0
DA:506,0
DA:507,0
DA:510,0
DA:512,0
DA:513,0
DA:515,0
DA:516,0
DA:519,0
DA:520,0
DA:528,0
DA:529,0
DA:530,0
DA:531,0
DA:535,0
DA:536,0
DA:538,0
DA:539,0
DA:540,0
DA:541,0
DA:547,0
DA:550,0
DA:553,0
DA:554,0
DA:558,0
DA:561,0
DA:562,0
DA:566,0
DA:569,0
DA:570,0
DA:575,0
DA:577,0
DA:578,0
DA:580,0
DA:582,0
DA:583,0
DA:585,0
DA:586,0
DA:587,0
DA:591,0
DA:592,0
DA:598,0
DA:599,0
DA:605,0
DA:610,0
DA:611,0
DA:612,0
DA:619,0
DA:620,0
DA:621,0
DA:622,0
DA:629,0
DA:632,0
DA:633,0
DA:636,0
DA:637,0
DA:640,0
DA:641,0
DA:642,0
DA:643,0
DA:651,0
DA:656,0
DA:657,0
DA:660,0
DA:663,0
DA:671,0
DA:672,0
DA:673,0
DA:676,0
DA:693,0
DA:694,0
DA:696,0
DA:697,0
DA:701,0
DA:709,0
DA:710,0
DA:711,0
DA:714,0
DA:716,0
DA:721,0
DA:723,0
DA:731,0
DA:736,0
DA:737,0
DA:740,0
DA:743,0
DA:748,0
DA:750,0
DA:766,0
DA:767,0
DA:771,0
DA:772,0
DA:773,0
DA:776,0
DA:781,0
DA:782,0
DA:783,0
DA:787,0
DA:788,0
DA:789,0
DA:793,0
DA:795,0
DA:797,0
DA:798,0
DA:803,0
DA:804,0
DA:807,0
DA:809,0
DA:810,0
DA:814,0
DA:815,0
DA:817,0
DA:818,0
DA:819,0
DA:821,0
DA:823,0
DA:827,0
DA:828,0
DA:832,0
DA:834,0
DA:849,0
DA:865,0
DA:868,0
DA:869,0
DA:884,0
DA:887,0
DA:895,0
DA:897,0
DA:898,0
DA:901,0
DA:902,0
DA:906,0
DA:926,0
DA:927,0
DA:931,0
DA:932,0
DA:935,0
DA:936,0
DA:937,0
DA:938,0
DA:946,0
DA:954,0
DA:955,0
DA:956,0
DA:959,0
DA:982,0
DA:983,0
DA:985,0
DA:986,0
DA:990,0
DA:998,0
DA:999,0
DA:1000,0
DA:1003,0
DA:1004,0
DA:1013,0
DA:1014,0
DA:1022,0
DA:1038,0
DA:1039,0
DA:1040,0
DA:1043,0
DA:1048,0
DA:1049,0
DA:1050,0
DA:1053,0
DA:1054,0
DA:1055,0
DA:1060,0
DA:1062,0
DA:1063,0
DA:1068,0
DA:1069,0
DA:1072,0
DA:1074,0
DA:1075,0
DA:1079,0
DA:1080,0
DA:1082,0
DA:1083,0
DA:1084,0
DA:1086,0
DA:1088,0
DA:1092,0
DA:1093,0
DA:1097,0
DA:1099,0
DA:1114,0
DA:1130,0
DA:1133,0
DA:1134,0
DA:1149,0
DA:1152,0
DA:1160,0
DA:1162,0
DA:1163,0
DA:1166,0
DA:1167,0
DA:1173,0
DA:1174,0
DA:1175,0
DA:1177,0
DA:1180,0
DA:1181,0
DA:1186,0
DA:1188,0
DA:1197,0
DA:1198,0
DA:1200,0
DA:1202,0
DA:1203,0
DA:1211,0
DA:1217,0
DA:1219,0
DA:1227,0
DA:1232,0
DA:1237,0
DA:1238,0
DA:1239,0
DA:1241,0
DA:1242,0
DA:1245,0
DA:1250,0
DA:1251,0
DA:1252,0
DA:1255,0
DA:1258,0
DA:1259,0
DA:1260,0
DA:1266,0
DA:1270,0
DA:1272,0
DA:1275,0
DA:1282,0
DA:1293,0
DA:1298,0
DA:1299,0
DA:1300,0
DA:1304,0
DA:1314,0
DA:1325,0
DA:1329,0
DA:1331,0
DA:1339,0
DA:1344,0
DA:1352,0
DA:1355,0
DA:1356,0
DA:1357,0
DA:1359,0
DA:1365,0
DA:1366,0
DA:1368,0
DA:1369,0
DA:1372,0
DA:1377,0
DA:1378,0
DA:1379,0
DA:1382,0
DA:1385,0
DA:1386,0
DA:1387,0
DA:1393,0
DA:1398,0
DA:1399,0
DA:1400,0
DA:1404,0
DA:1409,0
DA:1410,0
DA:1411,0
DA:1417,0
DA:1423,0
DA:1434,0
DA:1436,0
DA:1439,0
DA:1440,0
DA:1441,0
DA:1443,0
DA:1449,0
DA:1450,0
DA:1451,0
DA:1453,0
DA:1454,0
DA:1457,0
DA:1462,0
DA:1463,0
DA:1464,0
DA:1467,0
DA:1470,0
DA:1471,0
DA:1472,0
DA:1478,0
DA:1483,0
DA:1484,0
DA:1485,0
DA:1489,0
DA:1492,0
DA:1501,0
DA:1512,0
DA:1515,0
DA:1520,0
DA:1527,0
DA:1530,0
DA:1531,0
DA:1532,0
DA:1534,0
DA:1539,0
DA:1540,0
DA:1541,0
DA:1554,0
DA:1556,0
DA:1559,0
DA:1571,0
DA:1572,0
DA:1575,0
DA:1578,0
DA:1579,0
DA:1582,0
DA:1587,0
DA:1588,0
DA:1589,0
DA:1591,0
DA:1592,0
DA:1593,0
DA:1594,0
DA:1595,0
DA:1596,0
DA:1597,0
DA:1601,0
DA:1606,0
DA:1607,0
DA:1610,0
DA:1617,0
DA:1618,0
DA:1621,0
DA:1623,0
DA:1629,0
DA:1630,0
DA:1632,0
DA:1633,0
DA:1635,0
DA:1636,0
DA:1642,0
LF:536
LH:0
BRDA:48,0,0,0
BRDA:48,0,1,0
BRDA:67,1,0,0
BRDA:67,1,1,0
BRDA:72,2,0,0
BRDA:72,2,1,0
BRDA:73,3,0,0
BRDA:73,3,1,0
BRDA:74,4,0,0
BRDA:74,4,1,0
BRDA:90,5,0,0
BRDA:90,5,1,0
BRDA:111,6,0,0
BRDA:111,6,1,0
BRDA:111,7,0,0
BRDA:111,7,1,0
BRDA:118,8,0,0
BRDA:118,8,1,0
BRDA:135,9,0,0
BRDA:135,9,1,0
BRDA:149,10,0,0
BRDA:149,10,1,0
BRDA:150,11,0,0
BRDA:150,11,1,0
BRDA:180,12,0,0
BRDA:180,12,1,0
BRDA:181,13,0,0
BRDA:181,13,1,0
BRDA:182,14,0,0
BRDA:182,14,1,0
BRDA:227,15,0,0
BRDA:227,15,1,0
BRDA:244,16,0,0
BRDA:244,16,1,0
BRDA:244,17,0,0
BRDA:244,17,1,0
BRDA:250,18,0,0
BRDA:250,18,1,0
BRDA:260,19,0,0
BRDA:260,19,1,0
BRDA:278,20,0,0
BRDA:278,20,1,0
BRDA:300,21,0,0
BRDA:300,21,1,0
BRDA:306,22,0,0
BRDA:306,22,1,0
BRDA:309,23,0,0
BRDA:309,23,1,0
BRDA:309,24,0,0
BRDA:309,24,1,0
BRDA:309,24,2,0
BRDA:314,25,0,0
BRDA:314,25,1,0
BRDA:315,26,0,0
BRDA:315,26,1,0
BRDA:318,27,0,0
BRDA:318,27,1,0
BRDA:319,28,0,0
BRDA:319,28,1,0
BRDA:322,29,0,0
BRDA:322,29,1,0
BRDA:326,30,0,0
BRDA:326,30,1,0
BRDA:327,31,0,0
BRDA:327,31,1,0
BRDA:338,32,0,0
BRDA:338,32,1,0
BRDA:347,33,0,0
BRDA:347,33,1,0
BRDA:347,34,0,0
BRDA:347,34,1,0
BRDA:357,35,0,0
BRDA:357,35,1,0
BRDA:359,36,0,0
BRDA:359,36,1,0
BRDA:363,37,0,0
BRDA:363,37,1,0
BRDA:365,38,0,0
BRDA:365,38,1,0
BRDA:380,39,0,0
BRDA:380,39,1,0
BRDA:386,40,0,0
BRDA:386,40,1,0
BRDA:393,41,0,0
BRDA:393,41,1,0
BRDA:401,42,0,0
BRDA:401,42,1,0
BRDA:409,43,0,0
BRDA:409,43,1,0
BRDA:432,44,0,0
BRDA:432,44,1,0
BRDA:446,45,0,0
BRDA:446,45,1,0
BRDA:450,46,0,0
BRDA:450,46,1,0
BRDA:450,47,0,0
BRDA:450,47,1,0
BRDA:460,48,0,0
BRDA:460,48,1,0
BRDA:462,49,0,0
BRDA:462,49,1,0
BRDA:466,50,0,0
BRDA:466,50,1,0
BRDA:468,51,0,0
BRDA:468,51,1,0
BRDA:482,52,0,0
BRDA:482,52,1,0
BRDA:528,53,0,0
BRDA:528,53,1,0
BRDA:538,54,0,0
BRDA:538,54,1,0
BRDA:538,55,0,0
BRDA:538,55,1,0
BRDA:585,56,0,0
BRDA:585,56,1,0
BRDA:591,57,0,0
BRDA:591,57,1,0
BRDA:594,58,0,0
BRDA:594,58,1,0
BRDA:598,59,0,0
BRDA:598,59,1,0
BRDA:601,60,0,0
BRDA:601,60,1,0
BRDA:607,61,0,0
BRDA:607,61,1,0
BRDA:610,62,0,0
BRDA:610,62,1,0
BRDA:629,63,0,0
BRDA:629,63,1,0
BRDA:632,64,0,0
BRDA:632,64,1,0
BRDA:632,65,0,0
BRDA:632,65,1,0
BRDA:632,65,2,0
BRDA:641,66,0,0
BRDA:641,66,1,0
BRDA:642,67,0,0
BRDA:642,67,1,0
BRDA:656,68,0,0
BRDA:656,68,1,0
BRDA:671,69,0,0
BRDA:671,69,1,0
BRDA:683,70,0,0
BRDA:683,70,1,0
BRDA:684,71,0,0
BRDA:684,71,1,0
BRDA:686,72,0,0
BRDA:686,72,1,0
BRDA:687,73,0,0
BRDA:687,73,1,0
BRDA:696,74,0,0
BRDA:696,74,1,0
BRDA:709,75,0,0
BRDA:709,75,1,0
BRDA:714,76,0,0
BRDA:714,76,1,0
BRDA:721,77,0,0
BRDA:721,77,1,0
BRDA:736,78,0,0
BRDA:736,78,1,0
BRDA:748,79,0,0
BRDA:748,79,1,0
BRDA:757,80,0,0
BRDA:757,80,1,0
BRDA:758,81,0,0
BRDA:758,81,1,0
BRDA:758,82,0,0
BRDA:758,82,1,0
BRDA:759,83,0,0
BRDA:759,83,1,0
BRDA:760,84,0,0
BRDA:760,84,1,0
BRDA:761,85,0,0
BRDA:761,85,1,0
BRDA:766,86,0,0
BRDA:766,86,1,0
BRDA:782,87,0,0
BRDA:782,87,1,0
BRDA:795,88,0,0
BRDA:795,88,1,0
BRDA:795,89,0,0
BRDA:795,89,1,0
BRDA:803,90,0,0
BRDA:803,90,1,0
BRDA:817,91,0,0
BRDA:817,91,1,0
BRDA:818,92,0,0
BRDA:818,92,1,0
BRDA:832,93,0,0
BRDA:832,93,1,0
BRDA:843,94,0,0
BRDA:843,94,1,0
BRDA:844,95,0,0
BRDA:844,95,1,0
BRDA:859,96,0,0
BRDA:859,96,1,0
BRDA:860,97,0,0
BRDA:860,97,1,0
BRDA:926,98,0,0
BRDA:926,98,1,0
BRDA:936,99,0,0
BRDA:936,99,1,0
BRDA:937,100,0,0
BRDA:937,100,1,0
BRDA:954,101,0,0
BRDA:954,101,1,0
BRDA:971,102,0,0
BRDA:971,102,1,0
BRDA:973,103,0,0
BRDA:973,103,1,0
BRDA:985,104,0,0
BRDA:985,104,1,0
BRDA:998,105,0,0
BRDA:998,105,1,0
BRDA:1003,106,0,0
BRDA:1003,106,1,0
BRDA:1013,107,0,0
BRDA:1013,107,1,0
BRDA:1030,108,0,0
BRDA:1030,108,1,0
BRDA:1030,109,0,0
BRDA:1030,109,1,0
BRDA:1031,110,0,0
BRDA:1031,110,1,0
BRDA:1049,111,0,0
BRDA:1049,111,1,0
BRDA:1060,112,0,0
BRDA:1060,112,1,0
BRDA:1060,113,0,0
BRDA:1060,113,1,0
BRDA:1068,114,0,0
BRDA:1068,114,1,0
BRDA:1082,115,0,0
BRDA:1082,115,1,0
BRDA:1083,116,0,0
BRDA:1083,116,1,0
BRDA:1097,117,0,0
BRDA:1097,117,1,0
BRDA:1210,118,0,0
BRDA:1217,119,0,0
BRDA:1217,119,1,0
BRDA:1250,120,0,0
BRDA:1250,120,1,0
BRDA:1258,121,0,0
BRDA:1258,121,1,0
BRDA:1258,122,0,0
BRDA:1258,122,1,0
BRDA:1270,123,0,0
BRDA:1270,123,1,0
BRDA:1277,124,0,0
BRDA:1277,124,1,0
BRDA:1278,125,0,0
BRDA:1278,125,1,0
BRDA:1298,126,0,0
BRDA:1298,126,1,0
BRDA:1329,127,0,0
BRDA:1329,127,1,0
BRDA:1333,128,0,0
BRDA:1333,128,1,0
BRDA:1335,129,0,0
BRDA:1335,129,1,0
BRDA:1377,130,0,0
BRDA:1377,130,1,0
BRDA:1385,131,0,0
BRDA:1385,131,1,0
BRDA:1385,132,0,0
BRDA:1385,132,1,0
BRDA:1398,133,0,0
BRDA:1398,133,1,0
BRDA:1409,134,0,0
BRDA:1409,134,1,0
BRDA:1462,135,0,0
BRDA:1462,135,1,0
BRDA:1470,136,0,0
BRDA:1470,136,1,0
BRDA:1470,137,0,0
BRDA:1470,137,1,0
BRDA:1483,138,0,0
BRDA:1483,138,1,0
BRDA:1540,139,0,0
BRDA:1540,139,1,0
BRDA:1546,140,0,0
BRDA:1547,141,0,0
BRDA:1548,142,0,0
BRDA:1549,143,0,0
BRDA:1550,144,0,0
BRDA:1551,145,0,0
BRDA:1552,146,0,0
BRDA:1553,147,0,0
BRDA:1588,148,0,0
BRDA:1588,148,1,0
BRDA:1593,149,0,0
BRDA:1593,149,1,0
BRDA:1596,150,0,0
BRDA:1596,150,1,0
BRDA:1629,151,0,0
BRDA:1629,151,1,0
BRDA:1635,152,0,0
BRDA:1635,152,1,0
BRF:299
BRH:0
end_of_record
TN:
SF:src\controllers\SupplierController.js
FN:5,(anonymous_0)
FN:22,(anonymous_1)
FN:34,(anonymous_2)
FN:52,(anonymous_3)
FN:74,(anonymous_4)
FN:116,(anonymous_5)
FNF:6
FNH:0
FNDA:0,(anonymous_0)
FNDA:0,(anonymous_1)
FNDA:0,(anonymous_2)
FNDA:0,(anonymous_3)
FNDA:0,(anonymous_4)
FNDA:0,(anonymous_5)
DA:1,0
DA:6,0
DA:7,0
DA:9,0
DA:14,0
DA:16,0
DA:17,0
DA:23,0
DA:24,0
DA:26,0
DA:28,0
DA:29,0
DA:35,0
DA:36,0
DA:38,0
DA:40,0
DA:41,0
DA:44,0
DA:46,0
DA:47,0
DA:53,0
DA:54,0
DA:55,0
DA:57,0
DA:62,0
DA:63,0
DA:66,0
DA:68,0
DA:69,0
DA:75,0
DA:76,0
DA:79,0
DA:84,0
DA:85,0
DA:91,0
DA:96,0
DA:97,0
DA:102,0
DA:104,0
DA:105,0
DA:108,0
DA:110,0
DA:111,0
DA:117,0
DA:118,0
DA:121,0
DA:123,0
DA:124,0
DA:128,0
DA:136,0
DA:138,0
DA:139,0
DA:144,0
LF:53
LH:0
BRDA:40,0,0,0
BRDA:40,0,1,0
BRDA:62,1,0,0
BRDA:62,1,1,0
BRDA:84,2,0,0
BRDA:84,2,1,0
BRDA:96,3,0,0
BRDA:96,3,1,0
BRDA:104,4,0,0
BRDA:104,4,1,0
BRDA:123,5,0,0
BRDA:123,5,1,0
BRF:12
BRH:0
end_of_record
TN:
SF:src\controllers\TransactionController.js
FN:6,(anonymous_0)
FN:17,(anonymous_1)
FN:18,(anonymous_2)
FN:24,(anonymous_3)
FNF:4
FNH:0
FNDA:0,(anonymous_0)
FNDA:0,(anonymous_1)
FNDA:0,(anonymous_2)
FNDA:0,(anonymous_3)
DA:1,0
DA:2,0
DA:3,0
DA:7,0
DA:8,0
DA:9,0
DA:10,0
DA:11,0
DA:13,0
DA:16,0
DA:17,0
DA:18,0
DA:21,0
DA:25,0
DA:26,0
DA:28,0
DA:29,0
DA:30,0
DA:41,0
DA:43,0
DA:44,0
DA:45,0
DA:47,0
DA:48,0
DA:49,0
DA:52,0
DA:53,0
DA:54,0
DA:57,0
DA:60,0
DA:62,0
DA:63,0
DA:65,0
DA:66,0
DA:68,0
DA:70,0
DA:71,0
DA:82,0
LF:38
LH:0
BRDA:8,0,0,0
BRDA:8,0,1,0
BRDA:43,1,0,0
BRDA:43,1,1,0
BRDA:43,2,0,0
BRDA:43,2,1,0
BRDA:47,3,0,0
BRDA:47,3,1,0
BRDA:52,4,0,0
BRDA:52,4,1,0
BRDA:74,5,0,0
BRDA:74,5,1,0
BRF:12
BRH:0
end_of_record
TN:
SF:src\controllers\UserController.js
FN:6,(anonymous_0)
FN:47,(anonymous_1)
FN:91,(anonymous_2)
FN:109,(anonymous_3)
FNF:4
FNH:0
FNDA:0,(anonymous_0)
FNDA:0,(anonymous_1)
FNDA:0,(anonymous_2)
FNDA:0,(anonymous_3)
DA:1,0
DA:2,0
DA:3,0
DA:7,0
DA:9,0
DA:11,0
DA:16,0
DA:17,0
DA:21,0
DA:22,0
DA:25,0
DA:31,0
DA:37,0
DA:42,0
DA:43,0
DA:48,0
DA:50,0
DA:52,0
DA:57,0
DA:58,0
DA:61,0
DA:64,0
DA:65,0
DA:66,0
DA:70,0
DA:76,0
DA:86,0
DA:87,0
DA:92,0
DA:93,0
DA:98,0
DA:99,0
DA:102,0
DA:104,0
DA:105,0
DA:110,0
DA:112,0
DA:114,0
DA:119,0
DA:120,0
DA:123,0
DA:128,0
DA:129,0
DA:132,0
DA:134,0
DA:135,0
DA:140,0
LF:47
LH:0
BRDA:16,0,0,0
BRDA:16,0,1,0
BRDA:57,1,0,0
BRDA:57,1,1,0
BRDA:65,2,0,0
BRDA:65,2,1,0
BRDA:98,3,0,0
BRDA:98,3,1,0
BRDA:119,4,0,0
BRDA:119,4,1,0
BRDA:128,5,0,0
BRDA:128,5,1,0
BRF:12
BRH:0
end_of_record
TN:
SF:src\controllers\VendorController.js
FN:6,(anonymous_0)
FN:11,(anonymous_1)
FN:15,(anonymous_2)
FN:33,(anonymous_3)
FN:64,(anonymous_4)
FN:93,(anonymous_5)
FN:128,(anonymous_6)
FN:148,(anonymous_7)
FNF:8
FNH:0
FNDA:0,(anonymous_0)
FNDA:0,(anonymous_1)
FNDA:0,(anonymous_2)
FNDA:0,(anonymous_3)
FNDA:0,(anonymous_4)
FNDA:0,(anonymous_5)
FNDA:0,(anonymous_6)
FNDA:0,(anonymous_7)
DA:1,0
DA:2,0
DA:3,0
DA:8,0
DA:12,0
DA:13,0
DA:14,0
DA:16,0
DA:26,0
DA:28,0
DA:29,0
DA:34,0
DA:36,0
DA:37,0
DA:42,0
DA:43,0
DA:46,0
DA:47,0
DA:57,0
DA:59,0
DA:60,0
DA:65,0
DA:66,0
DA:67,0
DA:77,0
DA:79,0
DA:80,0
DA:86,0
DA:88,0
DA:89,0
DA:94,0
DA:95,0
DA:96,0
DA:99,0
DA:107,0
DA:109,0
DA:110,0
DA:117,0
DA:118,0
DA:121,0
DA:123,0
DA:124,0
DA:129,0
DA:131,0
DA:132,0
DA:137,0
DA:138,0
DA:141,0
DA:143,0
DA:144,0
DA:149,0
DA:159,0
LF:52
LH:0
BRDA:42,0,0,0
BRDA:42,0,1,0
BRDA:66,1,0,0
BRDA:66,1,1,0
BRDA:95,2,0,0
BRDA:95,2,1,0
BRDA:117,3,0,0
BRDA:117,3,1,0
BRDA:137,4,0,0
BRDA:137,4,1,0
BRF:10
BRH:0
end_of_record
TN:
SF:src\database\db.js
FN:31,(anonymous_0)
FN:40,(anonymous_1)
FN:41,(anonymous_2)
FNF:3
FNH:0
FNDA:0,(anonymous_0)
FNDA:0,(anonymous_1)
FNDA:0,(anonymous_2)
DA:1,0
DA:2,0
DA:5,0
DA:8,0
DA:9,0
DA:12,0
DA:22,0
DA:31,0
DA:32,0
DA:33,0
DA:35,0
DA:39,0
DA:40,0
DA:41,0
LF:14
LH:0
BRDA:8,0,0,0
BRDA:8,0,1,0
BRDA:15,1,0,0
BRDA:15,1,1,0
BRDA:27,2,0,0
BRDA:27,2,1,0
BRDA:32,3,0,0
BRDA:32,3,1,0
BRF:8
BRH:0
end_of_record
TN:
SF:src\middleware\auth.js
FNF:0
FNH:0
DA:6,0
DA:9,0
LF:2
LH:0
BRF:0
BRH:0
end_of_record
TN:
SF:src\middleware\authMiddleware.js
FN:4,(anonymous_0)
FNF:1
FNH:1
FNDA:7,(anonymous_0)
DA:1,1
DA:2,1
DA:4,1
DA:6,7
DA:9,0
DA:10,0
DA:13,0
DA:15,0
DA:17,0
DA:20,0
DA:27,0
DA:28,0
DA:34,0
DA:35,0
DA:38,0
DA:42,0
DA:46,0
DA:49,0
DA:50,0
DA:53,0
DA:57,1
LF:21
LH:5
BRDA:9,0,0,0
BRDA:9,0,1,0
BRDA:9,1,0,0
BRDA:9,1,1,0
BRDA:17,2,0,0
BRDA:17,2,1,0
BRDA:34,3,0,0
BRDA:34,3,1,0
BRDA:49,4,0,0
BRDA:49,4,1,0
BRF:10
BRH:0
end_of_record
TN:
SF:src\middleware\authenticateToken.js
FNF:0
FNH:0
DA:6,0
DA:9,0
LF:2
LH:0
BRF:0
BRH:0
end_of_record
TN:
SF:src\middleware\roleMiddleware.js
FN:11,(anonymous_0)
FN:12,(anonymous_1)
FN:22,(anonymous_2)
FNF:3
FNH:0
FNDA:0,(anonymous_0)
FNDA:0,(anonymous_1)
FNDA:0,(anonymous_2)
DA:11,0
DA:12,0
DA:14,0
DA:15,0
DA:19,0
DA:22,0
DA:23,0
DA:26,0
DA:27,0
DA:30,0
DA:37,0
LF:11
LH:0
BRDA:14,0,0,0
BRDA:14,0,1,0
BRDA:19,1,0,0
BRDA:19,1,1,0
BRDA:26,2,0,0
BRDA:26,2,1,0
BRF:6
BRH:0
end_of_record
TN:
SF:src\middleware\security.js
FN:12,(anonymous_0)
FN:80,(anonymous_1)
FN:99,(anonymous_2)
FNF:3
FNH:0
FNDA:0,(anonymous_0)
FNDA:0,(anonymous_1)
FNDA:0,(anonymous_2)
DA:1,0
DA:2,0
DA:3,0
DA:4,0
DA:5,0
DA:6,0
DA:7,0
DA:8,0
DA:9,0
DA:10,0
DA:12,0
DA:14,0
DA:15,0
DA:16,0
DA:20,0
DA:26,0
DA:41,0
DA:49,0
DA:52,0
DA:55,0
DA:58,0
DA:61,0
DA:80,0
DA:81,0
DA:82,0
DA:83,0
DA:84,0
DA:85,0
DA:88,0
DA:89,0
DA:95,0
DA:99,0
DA:100,0
DA:112,0
DA:113,0
DA:115,0
DA:118,0
DA:127,0
LF:38
LH:0
BRDA:15,0,0,0
BRDA:15,0,1,0
BRDA:73,1,0,0
BRDA:73,1,1,0
BRDA:81,2,0,0
BRDA:81,2,1,0
BRDA:81,3,0,0
BRDA:81,3,1,0
BRDA:82,4,0,0
BRDA:82,4,1,0
BRDA:83,5,0,0
BRDA:83,5,1,0
BRDA:84,6,0,0
BRDA:84,6,1,0
BRDA:88,7,0,0
BRDA:88,7,1,0
BRDA:112,8,0,0
BRDA:112,8,1,0
BRDA:118,9,0,0
BRDA:118,9,1,0
BRDA:120,10,0,0
BRDA:120,10,1,0
BRF:22
BRH:0
end_of_record
TN:
SF:src\middleware\validation.js
FN:14,(anonymous_0)
FN:16,(anonymous_1)
FN:57,(anonymous_2)
FNF:3
FNH:0
FNDA:0,(anonymous_0)
FNDA:0,(anonymous_1)
FNDA:0,(anonymous_2)
DA:1,0
DA:2,0
DA:5,0
DA:14,0
DA:15,0
DA:16,0
DA:17,0
DA:18,0
DA:25,0
DA:29,0
DA:42,0
DA:50,0
DA:57,0
DA:58,0
DA:59,0
DA:60,0
DA:62,0
DA:66,0
DA:72,0
DA:83,0
DA:89,0
LF:21
LH:0
BRDA:15,0,0,0
BRDA:15,0,1,0
BRDA:17,1,0,0
BRDA:17,1,1,0
BRDA:59,2,0,0
BRDA:59,2,1,0
BRF:6
BRH:0
end_of_record
TN:
SF:src\models\Machine.js
FN:2,(anonymous_0)
FNF:1
FNH:0
FNDA:0,(anonymous_0)
DA:3,0
DA:4,0
DA:5,0
DA:6,0
DA:11,0
LF:5
LH:0
BRF:0
BRH:0
end_of_record
TN:
SF:src\models\Part.js
FN:2,(anonymous_0)
FN:19,(anonymous_1)
FNF:2
FNH:0
FNDA:0,(anonymous_0)
FNDA:0,(anonymous_1)
DA:13,0
DA:14,0
DA:20,0
DA:25,0
LF:4
LH:0
BRF:0
BRH:0
end_of_record
TN:
SF:src\models\PurchaseOrder.js
FN:2,(anonymous_0)
FNF:1
FNH:0
FNDA:0,(anonymous_0)
DA:12,0
DA:13,0
DA:14,0
DA:15,0
DA:16,0
DA:17,0
DA:18,0
DA:19,0
DA:23,0
LF:9
LH:0
BRF:0
BRH:0
end_of_record
TN:
SF:src\models\Transaction.js
FN:2,(anonymous_0)
FNF:1
FNH:0
FNDA:0,(anonymous_0)
DA:10,0
DA:11,0
DA:12,0
DA:13,0
DA:14,0
DA:15,0
DA:19,0
LF:7
LH:0
BRF:0
BRH:0
end_of_record
TN:
SF:src\models\User.js
FN:4,(anonymous_0)
FN:12,(anonymous_1)
FNF:2
FNH:0
FNDA:0,(anonymous_0)
FNDA:0,(anonymous_1)
DA:1,0
DA:5,0
DA:6,0
DA:7,0
DA:8,0
DA:13,0
DA:17,0
LF:7
LH:0
BRF:0
BRH:0
end_of_record
TN:
SF:src\models\Vendor.js
FN:2,(anonymous_0)
FNF:1
FNH:0
FNDA:0,(anonymous_0)
DA:11,0
DA:12,0
DA:13,0
DA:14,0
DA:15,0
DA:16,0
DA:17,0
DA:21,0
LF:8
LH:0
BRF:0
BRH:0
end_of_record
TN:
SF:src\routes\auth.js
FN:19,(anonymous_0)
FN:110,(anonymous_1)
FN:140,(anonymous_2)
FNF:3
FNH:0
FNDA:0,(anonymous_0)
FNDA:0,(anonymous_1)
FNDA:0,(anonymous_2)
DA:1,0
DA:2,0
DA:3,0
DA:4,0
DA:5,0
DA:6,0
DA:9,0
DA:19,0
DA:20,0
DA:21,0
DA:22,0
DA:23,0
DA:25,0
DA:26,0
DA:27,0
DA:31,0
DA:36,0
DA:37,0
DA:38,0
DA:39,0
DA:42,0
DA:43,0
DA:47,0
DA:48,0
DA:49,0
DA:51,0
DA:53,0
DA:54,0
DA:59,0
DA:61,0
DA:65,0
DA:76,0
DA:77,0
DA:82,0
DA:86,0
DA:87,0
DA:92,0
DA:95,0
DA:104,0
DA:105,0
DA:110,0
DA:111,0
DA:112,0
DA:114,0
DA:115,0
DA:118,0
DA:121,0
DA:126,0
DA:127,0
DA:130,0
DA:134,0
DA:135,0
DA:140,0
DA:141,0
DA:142,0
DA:143,0
DA:144,0
DA:147,0
DA:148,0
DA:150,0
DA:151,0
DA:155,0
DA:160,0
DA:161,0
DA:162,0
DA:166,0
DA:167,0
DA:168,0
DA:172,0
DA:173,0
DA:176,0
DA:181,0
DA:183,0
DA:184,0
DA:188,0
LF:75
LH:0
BRDA:10,0,0,0
BRDA:10,0,1,0
BRDA:11,1,0,0
BRDA:11,1,1,0
BRDA:25,2,0,0
BRDA:25,2,1,0
BRDA:25,3,0,0
BRDA:25,3,1,0
BRDA:37,4,0,0
BRDA:37,4,1,0
BRDA:38,5,0,0
BRDA:38,5,1,0
BRDA:42,6,0,0
BRDA:42,6,1,0
BRDA:51,7,0,0
BRDA:51,7,1,0
BRDA:71,8,0,0
BRDA:71,8,1,0
BRDA:72,9,0,0
BRDA:72,9,1,0
BRDA:114,10,0,0
BRDA:114,10,1,0
BRDA:118,11,0,0
BRDA:118,11,1,0
BRDA:126,12,0,0
BRDA:126,12,1,0
BRDA:143,13,0,0
BRDA:143,13,1,0
BRDA:147,14,0,0
BRDA:147,14,1,0
BRDA:150,15,0,0
BRDA:150,15,1,0
BRDA:150,16,0,0
BRDA:150,16,1,0
BRDA:161,17,0,0
BRDA:161,17,1,0
BRDA:167,18,0,0
BRDA:167,18,1,0
BRF:38
BRH:0
end_of_record
TN:
SF:src\routes\dashboard.js
FN:10,(anonymous_0)
FN:34,(anonymous_1)
FN:216,(anonymous_2)
FN:217,(anonymous_3)
FN:253,(anonymous_4)
FN:263,(anonymous_5)
FN:268,(anonymous_6)
FNF:7
FNH:0
FNDA:0,(anonymous_0)
FNDA:0,(anonymous_1)
FNDA:0,(anonymous_2)
FNDA:0,(anonymous_3)
FNDA:0,(anonymous_4)
FNDA:0,(anonymous_5)
FNDA:0,(anonymous_6)
DA:1,0
DA:2,0
DA:3,0
DA:4,0
DA:5,0
DA:7,0
DA:10,0
DA:11,0
DA:13,0
DA:14,0
DA:15,0
DA:18,0
DA:19,0
DA:20,0
DA:24,0
DA:25,0
DA:26,0
DA:28,0
DA:29,0
DA:34,0
DA:35,0
DA:37,0
DA:53,0
DA:62,0
DA:70,0
DA:85,0
DA:94,0
DA:103,0
DA:118,0
DA:149,0
DA:167,0
DA:169,0
DA:170,0
DA:171,0
DA:183,0
DA:196,0
DA:201,0
DA:206,0
DA:212,0
DA:216,0
DA:217,0
DA:232,0
DA:241,0
DA:243,0
DA:244,0
DA:247,0
DA:248,0
DA:253,0
DA:255,0
DA:256,0
DA:257,0
DA:260,0
DA:263,0
DA:264,0
DA:268,0
DA:269,0
DA:273,0
LF:57
LH:0
BRDA:7,0,0,0
BRDA:7,0,1,0
BRDA:14,1,0,0
BRDA:14,1,1,0
BRDA:14,2,0,0
BRDA:14,2,1,0
BRDA:19,3,0,0
BRDA:19,3,1,0
BRDA:24,4,0,0
BRDA:24,4,1,0
BRDA:221,5,0,0
BRDA:221,5,1,0
BRDA:222,6,0,0
BRDA:222,6,1,0
BRDA:228,7,0,0
BRDA:228,7,1,0
BRF:16
BRH:0
end_of_record
TN:
SF:src\routes\emailRoutes.js
FN:12,(anonymous_0)
FN:64,(anonymous_1)
FN:108,(anonymous_2)
FN:135,(anonymous_3)
FN:168,(anonymous_4)
FN:208,(anonymous_5)
FNF:6
FNH:0
FNDA:0,(anonymous_0)
FNDA:0,(anonymous_1)
FNDA:0,(anonymous_2)
FNDA:0,(anonymous_3)
FNDA:0,(anonymous_4)
FNDA:0,(anonymous_5)
DA:1,0
DA:2,0
DA:3,0
DA:4,0
DA:5,0
DA:12,0
DA:13,0
DA:14,0
DA:17,0
DA:18,0
DA:21,0
DA:22,0
DA:25,0
DA:26,0
DA:29,0
DA:30,0
DA:34,0
DA:37,0
DA:40,0
DA:51,0
DA:52,0
DA:64,0
DA:65,0
DA:66,0
DA:69,0
DA:70,0
DA:73,0
DA:74,0
DA:77,0
DA:78,0
DA:82,0
DA:88,0
DA:95,0
DA:96,0
DA:108,0
DA:109,0
DA:110,0
DA:113,0
DA:114,0
DA:115,0
DA:118,0
DA:120,0
DA:126,0
DA:127,0
DA:135,0
DA:136,0
DA:137,0
DA:139,0
DA:140,0
DA:147,0
DA:153,0
DA:159,0
DA:160,0
DA:168,0
DA:169,0
DA:170,0
DA:171,0
DA:173,0
DA:175,0
DA:184,0
DA:194,0
DA:195,0
DA:208,0
DA:209,0
DA:210,0
DA:212,0
DA:213,0
DA:217,0
DA:219,0
DA:221,0
DA:222,0
DA:226,0
LF:72
LH:0
BRDA:17,0,0,0
BRDA:17,0,1,0
BRDA:21,1,0,0
BRDA:21,1,1,0
BRDA:25,2,0,0
BRDA:25,2,1,0
BRDA:29,3,0,0
BRDA:29,3,1,0
BRDA:69,4,0,0
BRDA:69,4,1,0
BRDA:73,5,0,0
BRDA:73,5,1,0
BRDA:77,6,0,0
BRDA:77,6,1,0
BRDA:77,7,0,0
BRDA:77,7,1,0
BRDA:139,8,0,0
BRDA:139,8,1,0
BRDA:139,9,0,0
BRDA:139,9,1,0
BRDA:155,10,0,0
BRDA:155,10,1,0
BRDA:171,11,0,0
BRDA:171,11,1,0
BRDA:199,12,0,0
BRDA:199,12,1,0
BRDA:212,13,0,0
BRDA:212,13,1,0
BRDA:212,14,0,0
BRDA:212,14,1,0
BRDA:212,14,2,0
BRDA:212,14,3,0
BRF:32
BRH:0
end_of_record
TN:
SF:src\routes\health.js
FN:5,(anonymous_0)
FN:22,(anonymous_1)
FNF:2
FNH:0
FNDA:0,(anonymous_0)
FNDA:0,(anonymous_1)
DA:1,0
DA:2,0
DA:3,0
DA:5,0
DA:6,0
DA:8,0
DA:11,0
DA:14,0
DA:22,0
DA:25,0
DA:27,0
DA:34,0
LF:12
LH:0
BRDA:22,0,0,0
BRDA:22,0,1,0
BRDA:29,1,0,0
BRDA:29,1,1,0
BRF:4
BRH:0
end_of_record
TN:
SF:src\routes\machines.js
FN:10,(anonymous_0)
FN:21,(anonymous_1)
FN:32,(anonymous_2)
FN:48,(anonymous_3)
FN:79,(anonymous_4)
FN:121,(anonymous_5)
FN:182,(anonymous_6)
FN:183,(anonymous_7)
FN:184,(anonymous_8)
FN:185,(anonymous_9)
FN:190,(anonymous_10)
FN:219,(anonymous_11)
FN:222,(anonymous_12)
FN:222,(anonymous_13)
FN:222,(anonymous_14)
FN:232,(anonymous_15)
FN:265,(anonymous_16)
FN:286,(anonymous_17)
FN:342,(anonymous_18)
FNF:19
FNH:0
FNDA:0,(anonymous_0)
FNDA:0,(anonymous_1)
FNDA:0,(anonymous_2)
FNDA:0,(anonymous_3)
FNDA:0,(anonymous_4)
FNDA:0,(anonymous_5)
FNDA:0,(anonymous_6)
FNDA:0,(anonymous_7)
FNDA:0,(anonymous_8)
FNDA:0,(anonymous_9)
FNDA:0,(anonymous_10)
FNDA:0,(anonymous_11)
FNDA:0,(anonymous_12)
FNDA:0,(anonymous_13)
FNDA:0,(anonymous_14)
FNDA:0,(anonymous_15)
FNDA:0,(anonymous_16)
FNDA:0,(anonymous_17)
FNDA:0,(anonymous_18)
DA:1,0
DA:2,0
DA:3,0
DA:4,0
DA:5,0
DA:6,0
DA:7,0
DA:10,0
DA:11,0
DA:12,0
DA:13,0
DA:15,0
DA:16,0
DA:21,0
DA:22,0
DA:23,0
DA:24,0
DA:26,0
DA:27,0
DA:32,0
DA:33,0
DA:35,0
DA:36,0
DA:40,0
DA:42,0
DA:43,0
DA:48,0
DA:49,0
DA:51,0
DA:53,0
DA:71,0
DA:73,0
DA:74,0
DA:79,0
DA:80,0
DA:81,0
DA:83,0
DA:84,0
DA:95,0
DA:97,0
DA:98,0
DA:99,0
DA:102,0
DA:103,0
DA:104,0
DA:107,0
DA:112,0
DA:113,0
DA:115,0
DA:116,0
DA:121,0
DA:122,0
DA:123,0
DA:126,0
DA:136,0
DA:137,0
DA:158,0
DA:177,0
DA:179,0
DA:182,0
DA:183,0
DA:184,0
DA:185,0
DA:187,0
DA:190,0
DA:192,0
DA:195,0
DA:196,0
DA:197,0
DA:200,0
DA:214,0
DA:215,0
DA:218,0
DA:219,0
DA:221,0
DA:222,0
DA:224,0
DA:226,0
DA:227,0
DA:232,0
DA:241,0
DA:243,0
DA:244,0
DA:257,0
DA:259,0
DA:260,0
DA:265,0
DA:266,0
DA:268,0
DA:269,0
DA:274,0
DA:275,0
DA:278,0
DA:280,0
DA:281,0
DA:286,0
DA:287,0
DA:299,0
DA:301,0
DA:302,0
DA:330,0
DA:331,0
DA:334,0
DA:336,0
DA:337,0
DA:342,0
DA:343,0
DA:345,0
DA:346,0
DA:351,0
DA:352,0
DA:355,0
DA:357,0
DA:358,0
DA:362,0
LF:115
LH:0
BRDA:4,0,0,0
BRDA:4,0,1,0
BRDA:97,1,0,0
BRDA:97,1,1,0
BRDA:102,2,0,0
BRDA:102,2,1,0
BRDA:136,3,0,0
BRDA:136,3,1,0
BRDA:192,4,0,0
BRDA:192,4,1,0
BRDA:195,5,0,0
BRDA:195,5,1,0
BRDA:195,6,0,0
BRDA:195,6,1,0
BRDA:202,7,0,0
BRDA:202,7,1,0
BRDA:202,8,0,0
BRDA:202,8,1,0
BRDA:207,9,0,0
BRDA:207,9,1,0
BRDA:208,10,0,0
BRDA:208,10,1,0
BRDA:214,11,0,0
BRDA:214,11,1,0
BRDA:274,12,0,0
BRDA:274,12,1,0
BRDA:330,13,0,0
BRDA:330,13,1,0
BRDA:351,14,0,0
BRDA:351,14,1,0
BRF:30
BRH:0
end_of_record
TN:
SF:src\routes\parts.js
FN:15,(anonymous_0)
FN:18,(anonymous_1)
FN:25,(anonymous_2)
FN:34,(anonymous_3)
FN:43,(anonymous_4)
FN:49,(anonymous_5)
FN:51,(anonymous_6)
FN:60,(anonymous_7)
FN:188,(anonymous_8)
FN:226,(anonymous_9)
FN:235,(anonymous_10)
FN:262,(anonymous_11)
FN:290,(anonymous_12)
FN:333,(anonymous_13)
FN:352,(anonymous_14)
FN:437,(anonymous_15)
FN:574,(anonymous_16)
FN:596,(anonymous_17)
FN:703,(anonymous_18)
FN:801,(anonymous_19)
FN:1018,(anonymous_20)
FN:1137,(anonymous_21)
FN:1194,(anonymous_22)
FN:1222,(anonymous_23)
FN:1272,(anonymous_24)
FN:1347,(anonymous_25)
FN:1353,(anonymous_26)
FN:1359,(anonymous_27)
FN:1365,(anonymous_28)
FN:1371,(anonymous_29)
FN:1377,(anonymous_30)
FN:1428,(anonymous_31)
FNF:32
FNH:0
FNDA:0,(anonymous_0)
FNDA:0,(anonymous_1)
FNDA:0,(anonymous_2)
FNDA:0,(anonymous_3)
FNDA:0,(anonymous_4)
FNDA:0,(anonymous_5)
FNDA:0,(anonymous_6)
FNDA:0,(anonymous_7)
FNDA:0,(anonymous_8)
FNDA:0,(anonymous_9)
FNDA:0,(anonymous_10)
FNDA:0,(anonymous_11)
FNDA:0,(anonymous_12)
FNDA:0,(anonymous_13)
FNDA:0,(anonymous_14)
FNDA:0,(anonymous_15)
FNDA:0,(anonymous_16)
FNDA:0,(anonymous_17)
FNDA:0,(anonymous_18)
FNDA:0,(anonymous_19)
FNDA:0,(anonymous_20)
FNDA:0,(anonymous_21)
FNDA:0,(anonymous_22)
FNDA:0,(anonymous_23)
FNDA:0,(anonymous_24)
FNDA:0,(anonymous_25)
FNDA:0,(anonymous_26)
FNDA:0,(anonymous_27)
FNDA:0,(anonymous_28)
FNDA:0,(anonymous_29)
FNDA:0,(anonymous_30)
FNDA:0,(anonymous_31)
DA:1,0
DA:2,0
DA:3,0
DA:4,0
DA:5,0
DA:6,0
DA:7,0
DA:8,0
DA:10,0
DA:11,0
DA:14,0
DA:16,0
DA:19,0
DA:23,0
DA:26,0
DA:27,0
DA:29,0
DA:34,0
DA:35,0
DA:36,0
DA:37,0
DA:38,0
DA:40,0
DA:41,0
DA:43,0
DA:44,0
DA:49,0
DA:50,0
DA:51,0
DA:52,0
DA:57,0
DA:61,0
DA:62,0
DA:63,0
DA:64,0
DA:65,0
DA:66,0
DA:67,0
DA:68,0
DA:69,0
DA:72,0
DA:73,0
DA:74,0
DA:76,0
DA:77,0
DA:85,0
DA:86,0
DA:89,0
DA:90,0
DA:94,0
DA:95,0
DA:98,0
DA:99,0
DA:100,0
DA:101,0
DA:104,0
DA:105,0
DA:106,0
DA:107,0
DA:110,0
DA:111,0
DA:112,0
DA:113,0
DA:116,0
DA:121,0
DA:129,0
DA:134,0
DA:137,0
DA:140,0
DA:165,0
DA:170,0
DA:178,0
DA:179,0
DA:185,0
DA:189,0
DA:190,0
DA:192,0
DA:212,0
DA:214,0
DA:216,0
DA:217,0
DA:223,0
DA:227,0
DA:228,0
DA:230,0
DA:231,0
DA:235,0
DA:237,0
DA:240,0
DA:254,0
DA:256,0
DA:259,0
DA:262,0
DA:263,0
DA:264,0
DA:273,0
DA:274,0
DA:276,0
DA:278,0
DA:279,0
DA:280,0
DA:290,0
DA:291,0
DA:292,0
DA:293,0
DA:295,0
DA:316,0
DA:317,0
DA:318,0
DA:321,0
DA:323,0
DA:324,0
DA:329,0
DA:334,0
DA:335,0
DA:338,0
DA:340,0
DA:342,0
DA:343,0
DA:349,0
DA:353,0
DA:365,0
DA:367,0
DA:368,0
DA:372,0
DA:375,0
DA:376,0
DA:377,0
DA:382,0
DA:383,0
DA:385,0
DA:389,0
DA:393,0
DA:423,0
DA:424,0
DA:426,0
DA:427,0
DA:428,0
DA:434,0
DA:438,0
DA:439,0
DA:440,0
DA:441,0
DA:457,0
DA:459,0
DA:460,0
DA:461,0
DA:462,0
DA:463,0
DA:466,0
DA:467,0
DA:468,0
DA:471,0
DA:472,0
DA:473,0
DA:476,0
DA:477,0
DA:478,0
DA:481,0
DA:482,0
DA:483,0
DA:487,0
DA:490,0
DA:491,0
DA:492,0
DA:497,0
DA:498,0
DA:500,0
DA:504,0
DA:509,0
DA:510,0
DA:511,0
DA:514,0
DA:517,0
DA:532,0
DA:534,0
DA:554,0
DA:555,0
DA:556,0
DA:559,0
DA:560,0
DA:561,0
DA:563,0
DA:564,0
DA:565,0
DA:571,0
DA:575,0
DA:576,0
DA:578,0
DA:583,0
DA:584,0
DA:587,0
DA:589,0
DA:590,0
DA:596,0
DA:597,0
DA:598,0
DA:599,0
DA:600,0
DA:601,0
DA:602,0
DA:603,0
DA:604,0
DA:605,0
DA:608,0
DA:609,0
DA:610,0
DA:612,0
DA:613,0
DA:621,0
DA:622,0
DA:625,0
DA:626,0
DA:630,0
DA:631,0
DA:634,0
DA:635,0
DA:636,0
DA:637,0
DA:640,0
DA:641,0
DA:642,0
DA:643,0
DA:646,0
DA:647,0
DA:648,0
DA:649,0
DA:652,0
DA:657,0
DA:664,0
DA:667,0
DA:689,0
DA:694,0
DA:695,0
DA:700,0
DA:715,0
DA:717,0
DA:718,0
DA:720,0
DA:723,0
DA:724,0
DA:725,0
DA:726,0
DA:731,0
DA:732,0
DA:733,0
DA:735,0
DA:736,0
DA:740,0
DA:741,0
DA:746,0
DA:747,0
DA:748,0
DA:751,0
DA:752,0
DA:754,0
DA:755,0
DA:756,0
DA:757,0
DA:761,0
DA:762,0
DA:789,0
DA:790,0
DA:791,0
DA:793,0
DA:794,0
DA:795,0
DA:801,0
DA:802,0
DA:803,0
DA:804,0
DA:805,0
DA:807,0
DA:808,0
DA:811,0
DA:812,0
DA:813,0
DA:816,0
DA:819,0
DA:821,0
DA:822,0
DA:823,0
DA:826,0
DA:827,0
DA:831,0
DA:832,0
DA:834,0
DA:835,0
DA:836,0
DA:837,0
DA:841,0
DA:846,0
DA:847,0
DA:850,0
DA:853,0
DA:854,0
DA:855,0
DA:860,0
DA:861,0
DA:864,0
DA:868,0
DA:873,0
DA:874,0
DA:875,0
DA:878,0
DA:903,0
DA:910,0
DA:913,0
DA:914,0
DA:915,0
DA:920,0
DA:921,0
DA:924,0
DA:928,0
DA:933,0
DA:934,0
DA:935,0
DA:938,0
DA:967,0
DA:975,0
DA:976,0
DA:981,0
DA:985,0
DA:986,0
DA:990,0
DA:991,0
DA:992,0
DA:997,0
DA:998,0
DA:999,0
DA:1001,0
DA:1004,0
DA:1009,0
DA:1011,0
DA:1012,0
DA:1018,0
DA:1019,0
DA:1021,0
DA:1022,0
DA:1024,0
DA:1025,0
DA:1026,0
DA:1031,0
DA:1032,0
DA:1033,0
DA:1036,0
DA:1040,0
DA:1042,0
DA:1043,0
DA:1044,0
DA:1045,0
DA:1050,0
DA:1051,0
DA:1053,0
DA:1054,0
DA:1055,0
DA:1056,0
DA:1064,0
DA:1068,0
DA:1071,0
DA:1083,0
DA:1084,0
DA:1092,0
DA:1093,0
DA:1095,0
DA:1096,0
DA:1097,0
DA:1099,0
DA:1106,0
DA:1109,0
DA:1110,0
DA:1113,0
DA:1115,0
DA:1120,0
DA:1121,0
DA:1128,0
DA:1137,0
DA:1138,0
DA:1140,0
DA:1142,0
DA:1143,0
DA:1144,0
DA:1147,0
DA:1148,0
DA:1151,0
DA:1156,0
DA:1157,0
DA:1161,0
DA:1167,0
DA:1179,0
DA:1180,0
DA:1183,0
DA:1185,0
DA:1187,0
DA:1188,0
DA:1189,0
DA:1194,0
DA:1195,0
DA:1196,0
DA:1213,0
DA:1214,0
DA:1216,0
DA:1217,0
DA:1222,0
DA:1223,0
DA:1224,0
DA:1225,0
DA:1227,0
DA:1245,0
DA:1246,0
DA:1248,0
DA:1249,0
DA:1250,0
DA:1253,0
DA:1254,0
DA:1255,0
DA:1258,0
DA:1260,0
DA:1261,0
DA:1262,0
DA:1264,0
DA:1266,0
DA:1267,0
DA:1272,0
DA:1273,0
DA:1274,0
DA:1277,0
DA:1294,0
DA:1310,0
DA:1316,0
DA:1317,0
DA:1318,0
DA:1321,0
DA:1322,0
DA:1323,0
DA:1327,0
DA:1338,0
DA:1339,0
DA:1347,0
DA:1348,0
DA:1349,0
DA:1353,0
DA:1354,0
DA:1355,0
DA:1359,0
DA:1360,0
DA:1361,0
DA:1365,0
DA:1366,0
DA:1367,0
DA:1371,0
DA:1372,0
DA:1373,0
DA:1377,0
DA:1378,0
DA:1379,0
DA:1382,0
DA:1389,0
DA:1390,0
DA:1392,0
DA:1393,0
DA:1400,0
DA:1407,0
DA:1410,0
DA:1416,0
DA:1417,0
DA:1425,0
DA:1433,0
LF:468
LH:0
BRDA:26,0,0,0
BRDA:26,0,1,0
BRDA:62,1,0,0
BRDA:62,1,1,0
BRDA:63,2,0,0
BRDA:63,2,1,0
BRDA:65,3,0,0
BRDA:65,3,1,0
BRDA:66,4,0,0
BRDA:66,4,1,0
BRDA:67,5,0,0
BRDA:67,5,1,0
BRDA:68,6,0,0
BRDA:68,6,1,0
BRDA:69,7,0,0
BRDA:69,7,1,0
BRDA:76,8,0,0
BRDA:76,8,1,0
BRDA:89,9,0,0
BRDA:89,9,1,0
BRDA:98,10,0,0
BRDA:98,10,1,0
BRDA:104,11,0,0
BRDA:104,11,1,0
BRDA:110,12,0,0
BRDA:110,12,1,0
BRDA:116,13,0,0
BRDA:116,13,1,0
BRDA:230,14,0,0
BRDA:230,14,1,0
BRDA:263,15,0,0
BRDA:263,15,1,0
BRDA:316,16,0,0
BRDA:316,16,1,0
BRDA:334,17,0,0
BRDA:334,17,1,0
BRDA:367,18,0,0
BRDA:367,18,1,0
BRDA:367,19,0,0
BRDA:367,19,1,0
BRDA:367,19,2,0
BRDA:367,19,3,0
BRDA:367,19,4,0
BRDA:376,20,0,0
BRDA:376,20,1,0
BRDA:382,21,0,0
BRDA:382,21,1,0
BRDA:466,22,0,0
BRDA:466,22,1,0
BRDA:466,23,0,0
BRDA:466,23,1,0
BRDA:471,24,0,0
BRDA:471,24,1,0
BRDA:471,25,0,0
BRDA:471,25,1,0
BRDA:476,26,0,0
BRDA:476,26,1,0
BRDA:476,27,0,0
BRDA:476,27,1,0
BRDA:481,28,0,0
BRDA:481,28,1,0
BRDA:481,29,0,0
BRDA:481,29,1,0
BRDA:491,30,0,0
BRDA:491,30,1,0
BRDA:497,31,0,0
BRDA:497,31,1,0
BRDA:511,32,0,0
BRDA:511,32,1,0
BRDA:514,33,0,0
BRDA:514,33,1,0
BRDA:528,34,0,0
BRDA:528,34,1,0
BRDA:554,35,0,0
BRDA:554,35,1,0
BRDA:583,36,0,0
BRDA:583,36,1,0
BRDA:598,37,0,0
BRDA:598,37,1,0
BRDA:599,38,0,0
BRDA:599,38,1,0
BRDA:601,39,0,0
BRDA:601,39,1,0
BRDA:602,40,0,0
BRDA:602,40,1,0
BRDA:603,41,0,0
BRDA:603,41,1,0
BRDA:604,42,0,0
BRDA:604,42,1,0
BRDA:605,43,0,0
BRDA:605,43,1,0
BRDA:612,44,0,0
BRDA:612,44,1,0
BRDA:625,45,0,0
BRDA:625,45,1,0
BRDA:634,46,0,0
BRDA:634,46,1,0
BRDA:640,47,0,0
BRDA:640,47,1,0
BRDA:646,48,0,0
BRDA:646,48,1,0
BRDA:652,49,0,0
BRDA:652,49,1,0
BRDA:724,50,0,0
BRDA:724,50,1,0
BRDA:731,51,0,0
BRDA:731,51,1,0
BRDA:748,52,0,0
BRDA:748,52,1,0
BRDA:752,53,0,0
BRDA:752,53,1,0
BRDA:752,54,0,0
BRDA:752,54,1,0
BRDA:777,55,0,0
BRDA:777,55,1,0
BRDA:778,56,0,0
BRDA:778,56,1,0
BRDA:782,57,0,0
BRDA:782,57,1,0
BRDA:785,58,0,0
BRDA:785,58,1,0
BRDA:807,59,0,0
BRDA:807,59,1,0
BRDA:826,60,0,0
BRDA:826,60,1,0
BRDA:826,61,0,0
BRDA:826,61,1,0
BRDA:832,62,0,0
BRDA:832,62,1,0
BRDA:832,63,0,0
BRDA:832,63,1,0
BRDA:846,64,0,0
BRDA:846,64,1,0
BRDA:854,65,0,0
BRDA:854,65,1,0
BRDA:860,66,0,0
BRDA:860,66,1,0
BRDA:873,67,0,0
BRDA:873,67,1,0
BRDA:874,68,0,0
BRDA:874,68,1,0
BRDA:875,69,0,0
BRDA:875,69,1,0
BRDA:892,70,0,0
BRDA:892,70,1,0
BRDA:893,71,0,0
BRDA:893,71,1,0
BRDA:894,72,0,0
BRDA:894,72,1,0
BRDA:914,73,0,0
BRDA:914,73,1,0
BRDA:920,74,0,0
BRDA:920,74,1,0
BRDA:933,75,0,0
BRDA:933,75,1,0
BRDA:934,76,0,0
BRDA:934,76,1,0
BRDA:935,77,0,0
BRDA:935,77,1,0
BRDA:955,78,0,0
BRDA:955,78,1,0
BRDA:956,79,0,0
BRDA:956,79,1,0
BRDA:958,80,0,0
BRDA:958,80,1,0
BRDA:975,81,0,0
BRDA:975,81,1,0
BRDA:997,82,0,0
BRDA:997,82,1,0
BRDA:1009,83,0,0
BRDA:1009,83,1,0
BRDA:1011,84,0,0
BRDA:1011,84,1,0
BRDA:1024,85,0,0
BRDA:1024,85,1,0
BRDA:1024,86,0,0
BRDA:1024,86,1,0
BRDA:1024,86,2,0
BRDA:1042,87,0,0
BRDA:1042,87,1,0
BRDA:1053,88,0,0
BRDA:1053,88,1,0
BRDA:1083,89,0,0
BRDA:1083,89,1,0
BRDA:1142,90,0,0
BRDA:1142,90,1,0
BRDA:1142,91,0,0
BRDA:1142,91,1,0
BRDA:1142,91,2,0
BRDA:1156,92,0,0
BRDA:1156,92,1,0
BRDA:1248,93,0,0
BRDA:1248,93,1,0
BRDA:1253,94,0,0
BRDA:1253,94,1,0
BRDA:1317,95,0,0
BRDA:1317,95,1,0
BRDA:1322,96,0,0
BRDA:1322,96,1,0
BRDA:1333,97,0,0
BRDA:1333,97,1,0
BRDA:1333,98,0,0
BRDA:1333,98,1,0
BRDA:1392,99,0,0
BRDA:1392,99,1,0
BRF:205
BRH:0
end_of_record
TN:
SF:src\routes\purchaseOrderRoutes.js
FNF:0
FNH:0
DA:1,0
DA:2,0
DA:3,0
DA:4,0
DA:5,0
DA:7,0
DA:8,0
DA:11,0
DA:18,0
DA:26,0
DA:33,0
DA:42,0
DA:50,0
DA:58,0
DA:66,0
DA:75,0
DA:83,0
DA:91,0
DA:99,0
DA:116,0
LF:20
LH:0
BRF:0
BRH:0
end_of_record
TN:
SF:src\routes\reports.js
FN:16,(anonymous_0)
FNF:1
FNH:0
FNDA:0,(anonymous_0)
DA:2,0
DA:3,0
DA:4,0
DA:5,0
DA:6,0
DA:8,0
DA:13,0
DA:17,0
DA:19,0
DA:20,0
DA:24,0
DA:26,0
DA:27,0
DA:32,0
LF:14
LH:0
BRDA:17,0,0,0
BRDA:17,0,1,0
BRF:2
BRH:0
end_of_record
TN:
SF:src\routes\supplierRoutes.js
FNF:0
FNH:0
DA:1,0
DA:2,0
DA:3,0
DA:4,0
DA:6,0
DA:9,0
DA:12,0
DA:13,0
DA:14,0
DA:15,0
DA:16,0
DA:19,0
DA:21,0
LF:13
LH:0
BRF:0
BRH:0
end_of_record
TN:
SF:src\routes\test.js
FN:6,(anonymous_0)
FNF:1
FNH:0
FNDA:0,(anonymous_0)
DA:1,0
DA:2,0
DA:3,0
DA:6,0
DA:7,0
DA:8,0
DA:17,0
DA:18,0
DA:20,0
DA:22,0
DA:23,0
DA:27,0
LF:12
LH:0
BRF:0
BRH:0
end_of_record
TN:
SF:src\routes\transactions.js
FN:13,(anonymous_0)
FN:59,(anonymous_1)
FN:103,(anonymous_2)
FN:134,(anonymous_3)
FNF:4
FNH:0
FNDA:0,(anonymous_0)
FNDA:0,(anonymous_1)
FNDA:0,(anonymous_2)
FNDA:0,(anonymous_3)
DA:1,0
DA:2,0
DA:3,0
DA:4,0
DA:5,0
DA:6,0
DA:7,0
DA:10,0
DA:14,0
DA:15,0
DA:16,0
DA:32,0
DA:33,0
DA:34,0
DA:35,0
DA:36,0
DA:38,0
DA:39,0
DA:40,0
DA:44,0
DA:46,0
DA:47,0
DA:49,0
DA:50,0
DA:56,0
DA:60,0
DA:62,0
DA:64,0
DA:67,0
DA:68,0
DA:73,0
DA:74,0
DA:75,0
DA:79,0
DA:89,0
DA:90,0
DA:92,0
DA:93,0
DA:94,0
DA:100,0
DA:104,0
DA:105,0
DA:106,0
DA:122,0
DA:124,0
DA:125,0
DA:131,0
DA:135,0
DA:136,0
DA:137,0
DA:153,0
DA:155,0
DA:156,0
DA:161,0
LF:54
LH:0
BRDA:4,0,0,0
BRDA:4,0,1,0
BRDA:33,1,0,0
BRDA:33,1,1,0
BRDA:33,2,0,0
BRDA:33,2,1,0
BRDA:34,3,0,0
BRDA:34,3,1,0
BRDA:38,4,0,0
BRDA:38,4,1,0
BRDA:67,5,0,0
BRDA:67,5,1,0
BRDA:73,6,0,0
BRDA:73,6,1,0
BRF:14
BRH:0
end_of_record
TN:
SF:src\routes\users.js
FNF:0
FNH:0
DA:1,0
DA:2,0
DA:3,0
DA:4,0
DA:5,0
DA:8,0
DA:11,0
DA:12,0
DA:13,0
DA:14,0
DA:15,0
DA:18,0
DA:19,0
DA:21,0
LF:14
LH:0
BRF:0
BRH:0
end_of_record
TN:
SF:src\routes\vendorRoutes.js
FNF:0
FNH:0
DA:1,0
DA:2,0
DA:3,0
DA:5,0
DA:6,0
DA:9,0
DA:12,0
DA:15,0
DA:23,0
DA:31,0
DA:37,0
LF:11
LH:0
BRF:0
BRH:0
end_of_record
TN:
SF:src\scripts\createFailedEmailTable.js
FN:4,createFailedEmailTable
FNF:1
FNH:0
FNDA:0,createFailedEmailTable
DA:1,0
DA:2,0
DA:5,0
DA:14,0
DA:15,0
DA:31,0
DA:33,0
DA:35,0
DA:39,0
LF:9
LH:0
BRDA:11,0,0,0
BRDA:11,0,1,0
BRF:2
BRH:0
end_of_record
TN:
SF:src\scripts\fix-po-status.js
FN:5,fixPurchaseOrderStatus
FN:89,(anonymous_1)
FN:92,(anonymous_2)
FNF:3
FNH:0
FNDA:0,fixPurchaseOrderStatus
FNDA:0,(anonymous_1)
FNDA:0,(anonymous_2)
DA:1,0
DA:2,0
DA:3,0
DA:6,0
DA:15,0
DA:17,0
DA:34,0
DA:36,0
DA:37,0
DA:38,0
DA:39,0
DA:42,0
DA:52,0
DA:55,0
DA:56,0
DA:61,0
DA:65,0
DA:66,0
DA:67,0
DA:68,0
DA:73,0
DA:75,0
DA:80,0
DA:82,0
DA:84,0
DA:89,0
DA:90,0
DA:91,0
DA:93,0
DA:94,0
LF:30
LH:0
BRDA:12,0,0,0
BRDA:12,0,1,0
BRDA:55,1,0,0
BRDA:55,1,1,0
BRDA:65,2,0,0
BRDA:65,2,1,0
BRF:6
BRH:0
end_of_record
TN:
SF:src\scripts\monitorEmails.js
FN:21,(anonymous_0)
FN:38,(anonymous_1)
FN:46,(anonymous_2)
FN:52,(anonymous_3)
FN:57,(anonymous_4)
FN:63,(anonymous_5)
FN:74,(anonymous_6)
FN:84,(anonymous_7)
FN:91,(anonymous_8)
FN:100,(anonymous_9)
FN:112,(anonymous_10)
FN:133,(anonymous_11)
FN:135,(anonymous_12)
FN:136,(anonymous_13)
FN:166,(anonymous_14)
FN:173,(anonymous_15)
FN:174,(anonymous_16)
FN:197,(anonymous_17)
FN:205,(anonymous_18)
FN:211,(anonymous_19)
FN:213,(anonymous_20)
FN:224,(anonymous_21)
FN:231,(anonymous_22)
FN:246,(anonymous_23)
FN:252,(anonymous_24)
FNF:25
FNH:0
FNDA:0,(anonymous_0)
FNDA:0,(anonymous_1)
FNDA:0,(anonymous_2)
FNDA:0,(anonymous_3)
FNDA:0,(anonymous_4)
FNDA:0,(anonymous_5)
FNDA:0,(anonymous_6)
FNDA:0,(anonymous_7)
FNDA:0,(anonymous_8)
FNDA:0,(anonymous_9)
FNDA:0,(anonymous_10)
FNDA:0,(anonymous_11)
FNDA:0,(anonymous_12)
FNDA:0,(anonymous_13)
FNDA:0,(anonymous_14)
FNDA:0,(anonymous_15)
FNDA:0,(anonymous_16)
FNDA:0,(anonymous_17)
FNDA:0,(anonymous_18)
FNDA:0,(anonymous_19)
FNDA:0,(anonymous_20)
FNDA:0,(anonymous_21)
FNDA:0,(anonymous_22)
FNDA:0,(anonymous_23)
FNDA:0,(anonymous_24)
DA:2,0
DA:4,0
DA:5,0
DA:6,0
DA:9,0
DA:22,0
DA:29,0
DA:38,0
DA:42,0
DA:43,0
DA:44,0
DA:46,0
DA:47,0
DA:48,0
DA:49,0
DA:52,0
DA:53,0
DA:54,0
DA:57,0
DA:58,0
DA:59,0
DA:65,0
DA:66,0
DA:67,0
DA:70,0
DA:71,0
DA:72,0
DA:73,0
DA:74,0
DA:75,0
DA:76,0
DA:79,0
DA:80,0
DA:86,0
DA:87,0
DA:91,0
DA:92,0
DA:93,0
DA:97,0
DA:101,0
DA:102,0
DA:103,0
DA:104,0
DA:107,0
DA:110,0
DA:112,0
DA:113,0
DA:114,0
DA:115,0
DA:118,0
DA:119,0
DA:120,0
DA:123,0
DA:126,0
DA:132,0
DA:133,0
DA:134,0
DA:135,0
DA:136,0
DA:137,0
DA:138,0
DA:139,0
DA:142,0
DA:144,0
DA:145,0
DA:146,0
DA:147,0
DA:148,0
DA:151,0
DA:152,0
DA:155,0
DA:156,0
DA:157,0
DA:160,0
DA:161,0
DA:164,0
DA:165,0
DA:166,0
DA:169,0
DA:173,0
DA:174,0
DA:178,0
DA:179,0
DA:181,0
DA:182,0
DA:183,0
DA:184,0
DA:186,0
DA:187,0
DA:188,0
DA:191,0
DA:197,0
DA:198,0
DA:199,0
DA:201,0
DA:205,0
DA:206,0
DA:213,0
DA:214,0
DA:215,0
DA:216,0
DA:217,0
DA:220,0
DA:221,0
DA:224,0
DA:225,0
DA:226,0
DA:232,0
DA:233,0
DA:235,0
DA:236,0
DA:242,0
DA:243,0
DA:246,0
DA:247,0
DA:249,0
DA:252,0
DA:253,0
DA:255,0
LF:119
LH:0
BRDA:65,0,0,0
BRDA:65,0,1,0
BRDA:71,1,0,0
BRDA:71,1,1,0
BRDA:86,2,0,0
BRDA:86,2,1,0
BRDA:101,3,0,0
BRDA:101,3,1,0
BRDA:113,4,0,0
BRDA:113,4,1,0
BRDA:118,5,0,0
BRDA:118,5,1,0
BRDA:118,6,0,0
BRDA:118,6,1,0
BRDA:137,7,0,0
BRDA:137,7,1,0
BRDA:146,8,0,0
BRDA:146,8,1,0
BRDA:156,9,0,0
BRDA:156,9,1,0
BRDA:156,10,0,0
BRDA:156,10,1,0
BRDA:165,11,0,0
BRDA:165,11,1,0
BRDA:166,12,0,0
BRDA:166,12,1,0
BRDA:179,13,0,0
BRDA:179,13,1,0
BRDA:198,14,0,0
BRDA:198,14,1,0
BRDA:214,15,0,0
BRDA:214,15,1,0
BRF:32
BRH:0
end_of_record
TN:
SF:src\services\emailService.js
FN:6,(anonymous_0)
FN:70,(anonymous_1)
FN:80,(anonymous_2)
FN:98,(anonymous_3)
FN:115,(anonymous_4)
FN:208,(anonymous_5)
FN:240,(anonymous_6)
FN:244,(anonymous_7)
FN:280,(anonymous_8)
FN:472,(anonymous_9)
FN:512,(anonymous_10)
FN:549,(anonymous_11)
FNF:12
FNH:0
FNDA:0,(anonymous_0)
FNDA:0,(anonymous_1)
FNDA:0,(anonymous_2)
FNDA:0,(anonymous_3)
FNDA:0,(anonymous_4)
FNDA:0,(anonymous_5)
FNDA:0,(anonymous_6)
FNDA:0,(anonymous_7)
FNDA:0,(anonymous_8)
FNDA:0,(anonymous_9)
FNDA:0,(anonymous_10)
FNDA:0,(anonymous_11)
DA:1,0
DA:2,0
DA:3,0
DA:8,0
DA:18,0
DA:44,0
DA:45,0
DA:63,0
DA:66,0
DA:71,0
DA:72,0
DA:73,0
DA:75,0
DA:76,0
DA:81,0
DA:82,0
DA:95,0
DA:99,0
DA:100,0
DA:112,0
DA:116,0
DA:117,0
DA:118,0
DA:119,0
DA:122,0
DA:123,0
DA:129,0
DA:131,0
DA:132,0
DA:134,0
DA:153,0
DA:154,0
DA:157,0
DA:158,0
DA:162,0
DA:177,0
DA:178,0
DA:179,0
DA:181,0
DA:182,0
DA:184,0
DA:187,0
DA:189,0
DA:191,0
DA:192,0
DA:194,0
DA:195,0
DA:198,0
DA:199,0
DA:200,0
DA:202,0
DA:205,0
DA:206,0
DA:207,0
DA:208,0
DA:215,0
DA:226,0
DA:228,0
DA:230,0
DA:231,0
DA:232,0
DA:233,0
DA:235,0
DA:241,0
DA:242,0
DA:244,0
DA:245,0
DA:246,0
DA:248,0
DA:249,0
DA:250,0
DA:262,0
DA:263,0
DA:264,0
DA:266,0
DA:267,0
DA:271,0
DA:276,0
DA:277,0
DA:281,0
DA:282,0
DA:283,0
DA:284,0
DA:285,0
DA:286,0
DA:294,0
DA:295,0
DA:296,0
DA:302,0
DA:303,0
DA:307,0
DA:312,0
DA:313,0
DA:316,0
DA:318,0
DA:319,0
DA:320,0
DA:322,0
DA:323,0
DA:324,0
DA:325,0
DA:326,0
DA:328,0
DA:329,0
DA:333,0
DA:334,0
DA:339,0
DA:340,0
DA:341,0
DA:347,0
DA:350,0
DA:351,0
DA:356,0
DA:358,0
DA:359,0
DA:360,0
DA:364,0
DA:366,0
DA:385,0
DA:386,0
DA:387,0
DA:388,0
DA:389,0
DA:392,0
DA:393,0
DA:394,0
DA:395,0
DA:397,0
DA:402,0
DA:415,0
DA:416,0
DA:423,0
DA:424,0
DA:425,0
DA:426,0
DA:434,0
DA:435,0
DA:436,0
DA:437,0
DA:450,0
DA:451,0
DA:458,0
DA:463,0
DA:466,0
DA:467,0
DA:468,0
DA:473,0
DA:474,0
DA:476,0
DA:488,0
DA:489,0
DA:492,0
DA:495,0
DA:503,0
DA:508,0
DA:514,0
DA:516,0
DA:517,0
DA:518,0
DA:521,0
DA:523,0
DA:524,0
DA:525,0
DA:528,0
DA:529,0
DA:531,0
DA:532,0
DA:533,0
DA:540,0
DA:541,0
DA:543,0
DA:544,0
DA:545,0
DA:547,0
DA:549,0
DA:555,0
DA:557,0
DA:558,0
DA:559,0
DA:560,0
DA:562,0
DA:567,0
LF:182
LH:0
BRDA:14,0,0,0
BRDA:14,0,1,0
BRDA:44,1,0,0
BRDA:44,1,1,0
BRDA:66,2,0,0
BRDA:66,2,1,0
BRDA:87,3,0,0
BRDA:87,3,1,0
BRDA:90,4,0,0
BRDA:90,4,1,0
BRDA:105,5,0,0
BRDA:105,5,1,0
BRDA:107,6,0,0
BRDA:107,6,1,0
BRDA:157,7,0,0
BRDA:157,7,1,0
BRDA:163,8,0,0
BRDA:163,8,1,0
BRDA:184,9,0,0
BRDA:184,9,1,0
BRDA:184,10,0,0
BRDA:184,10,1,0
BRDA:187,11,0,0
BRDA:187,11,1,0
BRDA:195,12,0,0
BRDA:195,12,1,0
BRDA:198,13,0,0
BRDA:198,13,1,0
BRDA:198,14,0,0
BRDA:198,14,1,0
BRDA:205,15,0,0
BRDA:205,15,1,0
BRDA:206,16,0,0
BRDA:206,16,1,0
BRDA:232,17,0,0
BRDA:232,17,1,0
BRDA:241,18,0,0
BRDA:241,18,1,0
BRDA:251,19,0,0
BRDA:251,19,1,0
BRDA:255,20,0,0
BRDA:255,20,1,0
BRDA:302,21,0,0
BRDA:302,21,1,0
BRDA:312,22,0,0
BRDA:312,22,1,0
BRDA:318,23,0,0
BRDA:318,23,1,0
BRDA:333,24,0,0
BRDA:333,24,1,0
BRDA:403,25,0,0
BRDA:403,25,1,0
BRDA:434,26,0,0
BRDA:434,26,1,0
BRDA:438,27,0,0
BRDA:438,27,1,0
BRDA:488,28,0,0
BRDA:488,28,1,0
BRDA:512,29,0,0
BRDA:514,30,0,0
BRDA:514,30,1,0
BRDA:516,31,0,0
BRDA:516,31,1,0
BRDA:516,32,0,0
BRDA:516,32,1,0
BRDA:516,32,2,0
BRDA:521,33,0,0
BRDA:521,33,1,0
BRDA:534,34,0,0
BRDA:534,34,1,0
BRDA:544,35,0,0
BRDA:544,35,1,0
BRDA:547,36,0,0
BRDA:547,36,1,0
BRDA:559,37,0,0
BRDA:559,37,1,0
BRF:76
BRH:0
end_of_record
TN:
SF:src\services\emailTrackingService.js
FN:16,(anonymous_0)
FN:37,(anonymous_1)
FN:47,(anonymous_2)
FN:52,(anonymous_3)
FN:82,(anonymous_4)
FN:96,(anonymous_5)
FN:116,(anonymous_6)
FN:141,(anonymous_7)
FN:157,(anonymous_8)
FN:177,(anonymous_9)
FN:235,(anonymous_10)
FN:236,(anonymous_11)
FN:242,(anonymous_12)
FN:243,(anonymous_13)
FN:419,(anonymous_14)
FN:443,(anonymous_15)
FN:457,(anonymous_16)
FNF:17
FNH:0
FNDA:0,(anonymous_0)
FNDA:0,(anonymous_1)
FNDA:0,(anonymous_2)
FNDA:0,(anonymous_3)
FNDA:0,(anonymous_4)
FNDA:0,(anonymous_5)
FNDA:0,(anonymous_6)
FNDA:0,(anonymous_7)
FNDA:0,(anonymous_8)
FNDA:0,(anonymous_9)
FNDA:0,(anonymous_10)
FNDA:0,(anonymous_11)
FNDA:0,(anonymous_12)
FNDA:0,(anonymous_13)
FNDA:0,(anonymous_14)
FNDA:0,(anonymous_15)
FNDA:0,(anonymous_16)
DA:2,0
DA:4,0
DA:5,0
DA:6,0
DA:7,0
DA:8,0
DA:9,0
DA:10,0
DA:11,0
DA:13,0
DA:18,0
DA:27,0
DA:37,0
DA:38,0
DA:39,0
DA:41,0
DA:48,0
DA:53,0
DA:54,0
DA:55,0
DA:56,0
DA:58,0
DA:59,0
DA:60,0
DA:61,0
DA:63,0
DA:71,0
DA:72,0
DA:74,0
DA:75,0
DA:77,0
DA:83,0
DA:84,0
DA:85,0
DA:89,0
DA:91,0
DA:97,0
DA:98,0
DA:99,0
DA:109,0
DA:111,0
DA:117,0
DA:118,0
DA:121,0
DA:123,0
DA:134,0
DA:136,0
DA:142,0
DA:143,0
DA:144,0
DA:150,0
DA:152,0
DA:158,0
DA:159,0
DA:160,0
DA:170,0
DA:172,0
DA:178,0
DA:179,0
DA:180,0
DA:181,0
DA:182,0
DA:186,0
DA:187,0
DA:188,0
DA:189,0
DA:192,0
DA:193,0
DA:194,0
DA:197,0
DA:198,0
DA:203,0
DA:204,0
DA:205,0
DA:208,0
DA:211,0
DA:212,0
DA:213,0
DA:214,0
DA:215,0
DA:219,0
DA:222,0
DA:223,0
DA:226,0
DA:228,0
DA:235,0
DA:236,0
DA:238,0
DA:239,0
DA:242,0
DA:243,0
DA:245,0
DA:246,0
DA:249,0
DA:250,0
DA:251,0
DA:252,0
DA:253,0
DA:254,0
DA:255,0
DA:256,0
DA:257,0
DA:258,0
DA:259,0
DA:260,0
DA:261,0
DA:262,0
DA:263,0
DA:265,0
DA:266,0
DA:269,0
DA:272,0
DA:273,0
DA:274,0
DA:278,0
DA:279,0
DA:290,0
DA:293,0
DA:298,0
DA:299,0
DA:302,0
DA:305,0
DA:306,0
DA:307,0
DA:310,0
DA:311,0
DA:312,0
DA:313,0
DA:314,0
DA:315,0
DA:316,0
DA:317,0
DA:319,0
DA:320,0
DA:321,0
DA:325,0
DA:326,0
DA:338,0
DA:341,0
DA:342,0
DA:343,0
DA:344,0
DA:345,0
DA:346,0
DA:347,0
DA:348,0
DA:350,0
DA:351,0
DA:352,0
DA:354,0
DA:355,0
DA:357,0
DA:358,0
DA:363,0
DA:368,0
DA:369,0
DA:372,0
DA:373,0
DA:375,0
DA:383,0
DA:389,0
DA:392,0
DA:399,0
DA:401,0
DA:403,0
DA:404,0
DA:405,0
DA:408,0
DA:410,0
DA:412,0
DA:413,0
DA:414,0
DA:420,0
DA:421,0
DA:436,0
DA:438,0
DA:439,0
DA:444,0
DA:445,0
DA:450,0
DA:452,0
DA:453,0
DA:458,0
DA:459,0
DA:466,0
DA:467,0
DA:472,0
LF:187
LH:0
BRDA:33,0,0,0
BRDA:33,0,1,0
BRDA:38,1,0,0
BRDA:38,1,1,0
BRDA:52,2,0,0
BRDA:96,3,0,0
BRDA:121,4,0,0
BRDA:121,4,1,0
BRDA:177,5,0,0
BRDA:203,6,0,0
BRDA:203,6,1,0
BRDA:211,7,0,0
BRDA:211,7,1,0
BRDA:222,8,0,0
BRDA:222,8,1,0
BRDA:249,9,0,0
BRDA:249,9,1,0
BRDA:252,10,0,0
BRDA:252,10,1,0
BRDA:255,11,0,0
BRDA:255,11,1,0
BRDA:258,12,0,0
BRDA:258,12,1,0
BRDA:261,13,0,0
BRDA:261,13,1,0
BRDA:272,14,0,0
BRDA:272,14,1,0
BRDA:272,15,0,0
BRDA:272,15,1,0
BRDA:298,16,0,0
BRDA:298,16,1,0
BRDA:310,17,0,0
BRDA:310,17,1,0
BRDA:314,18,0,0
BRDA:314,18,1,0
BRDA:341,19,0,0
BRDA:341,19,1,0
BRDA:343,20,0,0
BRDA:343,20,1,0
BRDA:354,21,0,0
BRDA:354,21,1,0
BRDA:357,22,0,0
BRDA:357,22,1,0
BRDA:372,23,0,0
BRDA:372,23,1,0
BRDA:401,24,0,0
BRDA:401,24,1,0
BRDA:410,25,0,0
BRDA:410,25,1,0
BRDA:463,26,0,0
BRDA:463,26,1,0
BRF:51
BRH:0
end_of_record
TN:
SF:src\services\forecastingService.js
FN:2,predictLowStock
FN:18,calculateUsageRates
FN:24,(anonymous_2)
FN:33,(anonymous_3)
FN:46,predictDaysUntilLow
FN:53,calculateRestockRecommendation
FNF:6
FNH:0
FNDA:0,predictLowStock
FNDA:0,calculateUsageRates
FNDA:0,(anonymous_2)
FNDA:0,(anonymous_3)
FNDA:0,predictDaysUntilLow
FNDA:0,calculateRestockRecommendation
DA:4,0
DA:5,0
DA:6,0
DA:8,0
DA:19,0
DA:20,0
DA:24,0
DA:25,0
DA:29,0
DA:30,0
DA:31,0
DA:33,0
DA:34,0
DA:37,0
DA:39,0
DA:47,0
DA:49,0
DA:50,0
DA:55,0
DA:56,0
DA:58,0
DA:64,0
LF:22
LH:0
BRDA:19,0,0,0
BRDA:19,0,1,0
BRDA:19,1,0,0
BRDA:19,1,1,0
BRDA:34,2,0,0
BRDA:34,2,1,0
BRDA:37,3,0,0
BRDA:37,3,1,0
BRDA:47,4,0,0
BRDA:47,4,1,0
BRF:10
BRH:0
end_of_record
TN:
SF:src\services\partService.js
FN:6,(anonymous_0)
FN:35,(anonymous_1)
FN:38,(anonymous_2)
FNF:3
FNH:3
FNDA:4,(anonymous_0)
FNDA:4,(anonymous_1)
FNDA:6,(anonymous_2)
DA:6,1
DA:7,4
DA:10,3
DA:11,1
DA:14,2
DA:15,0
DA:19,2
DA:20,1
DA:23,1
DA:24,0
DA:27,1
DA:35,1
DA:36,4
DA:38,3
DA:39,6
DA:40,4
DA:44,1
LF:17
LH:15
BRDA:7,0,0,1
BRDA:7,0,1,3
BRDA:10,1,0,1
BRDA:10,1,1,2
BRDA:10,2,0,3
BRDA:10,2,1,2
BRDA:10,2,2,2
BRDA:14,3,0,0
BRDA:14,3,1,2
BRDA:14,4,0,2
BRDA:14,4,1,2
BRDA:19,5,0,1
BRDA:19,5,1,1
BRDA:19,6,0,2
BRDA:19,6,1,2
BRDA:23,7,0,0
BRDA:23,7,1,1
BRDA:23,8,0,1
BRDA:23,8,1,1
BRDA:36,9,0,1
BRDA:36,9,1,3
BRDA:39,10,0,2
BRDA:39,10,1,4
BRDA:39,11,0,6
BRDA:39,11,1,5
BRF:25
BRH:23
end_of_record
TN:
SF:src\utils\logger.js
FNF:0
FNH:0
DA:1,0
DA:4,0
DA:10,0
DA:24,0
DA:25,0
DA:29,0
DA:34,0
LF:7
LH:0
BRDA:11,0,0,0
BRDA:11,0,1,0
BRDA:24,1,0,0
BRDA:24,1,1,0
BRF:4
BRH:0
end_of_record
TN:
SF:src\utils\pdfGenerator.js
FN:12,generatePurchaseOrderPDF
FNF:1
FNH:0
FNDA:0,generatePurchaseOrderPDF
DA:2,0
DA:3,0
DA:13,0
DA:14,0
DA:18,0
DA:20,0
DA:21,0
DA:22,0
DA:25,0
DA:27,0
DA:28,0
DA:32,0
LF:12
LH:0
BRDA:12,0,0,0
BRDA:20,1,0,0
BRDA:20,1,1,0
BRF:3
BRH:0
end_of_record
